2024-04-11 10:40:35,493 INFO    StreamThr :4340 [internal.py:wandb_internal():86] W&B internal server running at pid: 4340, started at: 2024-04-11 10:40:35.493965
2024-04-11 10:40:35,495 DEBUG   HandlerThread:4340 [handler.py:handle_request():146] handle_request: status
2024-04-11 10:40:35,499 INFO    WriterThread:4340 [datastore.py:open_for_write():87] open: E:\JD_PROJECT\project\ClassyVision\wandb\run-20240411_104035-pzomywpp\run-pzomywpp.wandb
2024-04-11 10:40:35,499 DEBUG   SenderThread:4340 [sender.py:send():379] send: header
2024-04-11 10:40:35,501 DEBUG   SenderThread:4340 [sender.py:send():379] send: run
2024-04-11 10:40:35,509 INFO    SenderThread:4340 [sender.py:_setup_resume():749] checking resume status for None/YOLOv5/pzomywpp
2024-04-11 10:40:36,615 INFO    SenderThread:4340 [dir_watcher.py:__init__():211] watching files in: E:\JD_PROJECT\project\ClassyVision\wandb\run-20240411_104035-pzomywpp\files
2024-04-11 10:40:36,615 INFO    SenderThread:4340 [sender.py:_start_run_threads():1124] run started: pzomywpp with start time 1712803235.494934
2024-04-11 10:40:36,623 DEBUG   HandlerThread:4340 [handler.py:handle_request():146] handle_request: check_version
2024-04-11 10:40:36,624 DEBUG   SenderThread:4340 [sender.py:send_request():406] send_request: check_version
2024-04-11 10:40:37,132 DEBUG   HandlerThread:4340 [handler.py:handle_request():146] handle_request: run_start
2024-04-11 10:40:37,151 DEBUG   HandlerThread:4340 [system_info.py:__init__():26] System info init
2024-04-11 10:40:37,151 DEBUG   HandlerThread:4340 [system_info.py:__init__():41] System info init done
2024-04-11 10:40:37,151 INFO    HandlerThread:4340 [system_monitor.py:start():194] Starting system monitor
2024-04-11 10:40:37,152 INFO    SystemMonitor:4340 [system_monitor.py:_start():158] Starting system asset monitoring threads
2024-04-11 10:40:37,152 INFO    HandlerThread:4340 [system_monitor.py:probe():214] Collecting system info
2024-04-11 10:40:37,154 INFO    SystemMonitor:4340 [interfaces.py:start():190] Started cpu monitoring
2024-04-11 10:40:37,155 INFO    SystemMonitor:4340 [interfaces.py:start():190] Started disk monitoring
2024-04-11 10:40:37,155 INFO    SystemMonitor:4340 [interfaces.py:start():190] Started gpu monitoring
2024-04-11 10:40:37,159 INFO    SystemMonitor:4340 [interfaces.py:start():190] Started memory monitoring
2024-04-11 10:40:37,169 INFO    SystemMonitor:4340 [interfaces.py:start():190] Started network monitoring
2024-04-11 10:40:37,177 DEBUG   HandlerThread:4340 [system_info.py:probe():150] Probing system
2024-04-11 10:40:37,178 DEBUG   HandlerThread:4340 [system_info.py:_probe_git():135] Probing git
2024-04-11 10:40:37,178 ERROR   gpu       :4340 [interfaces.py:monitor():144] Failed to sample metric: Not Supported
2024-04-11 10:40:37,178 ERROR   gpu       :4340 [interfaces.py:monitor():144] Failed to sample metric: Not Supported
2024-04-11 10:40:37,211 DEBUG   HandlerThread:4340 [system_info.py:_probe_git():143] Probing git done
2024-04-11 10:40:37,211 DEBUG   HandlerThread:4340 [system_info.py:probe():198] Probing system done
2024-04-11 10:40:37,211 DEBUG   HandlerThread:4340 [system_monitor.py:probe():223] {'os': 'Windows-10-10.0.19045-SP0', 'python': '3.10.14', 'heartbeatAt': '2024-04-11T02:40:37.177243', 'startedAt': '2024-04-11T02:40:35.487974', 'docker': None, 'cuda': None, 'args': (), 'state': 'running', 'program': 'E:\\JD_PROJECT\\project\\ClassyVision\\train.py', 'codePathLocal': 'train.py', 'codePath': 'train.py', 'git': {'remote': None, 'commit': None}, 'email': None, 'root': 'E:/JD_PROJECT/project/ClassyVision', 'host': 'DZA-4CE139BDJQ', 'username': 'Administrator', 'executable': 'D:\\Users\\Administrator\\anaconda3\\envs\\ClassyVision2\\python.exe', 'cpu_count': 8, 'cpu_count_logical': 16, 'cpu_freq': {'current': 2904.0, 'min': 0.0, 'max': 2904.0}, 'cpu_freq_per_core': [{'current': 2904.0, 'min': 0.0, 'max': 2904.0}], 'disk': {'/': {'total': 1745.8271446228027, 'used': 79.63887023925781}}, 'gpu': 'Quadro P1000', 'gpu_count': 1, 'gpu_devices': [{'name': 'Quadro P1000', 'memory_total': 4294967296}], 'memory': {'total': 31.781455993652344}}
2024-04-11 10:40:37,211 INFO    HandlerThread:4340 [system_monitor.py:probe():224] Finished collecting system info
2024-04-11 10:40:37,211 INFO    HandlerThread:4340 [system_monitor.py:probe():227] Publishing system info
2024-04-11 10:40:37,211 DEBUG   HandlerThread:4340 [system_info.py:_save_conda():207] Saving list of conda packages installed into the current environment
2024-04-11 10:40:37,630 INFO    Thread-16 :4340 [dir_watcher.py:_on_file_created():271] file/dir created: E:\JD_PROJECT\project\ClassyVision\wandb\run-20240411_104035-pzomywpp\files\conda-environment.yaml
2024-04-11 10:40:39,189 ERROR   gpu       :4340 [interfaces.py:monitor():144] Failed to sample metric: Not Supported
2024-04-11 10:40:39,189 ERROR   gpu       :4340 [interfaces.py:monitor():144] Failed to sample metric: Not Supported
2024-04-11 10:40:41,202 ERROR   gpu       :4340 [interfaces.py:monitor():144] Failed to sample metric: Not Supported
2024-04-11 10:40:41,202 ERROR   gpu       :4340 [interfaces.py:monitor():144] Failed to sample metric: Not Supported
2024-04-11 10:40:42,317 DEBUG   HandlerThread:4340 [system_info.py:_save_conda():222] Saving conda packages done
2024-04-11 10:40:42,318 INFO    HandlerThread:4340 [system_monitor.py:probe():229] Finished publishing system info
2024-04-11 10:40:42,327 DEBUG   HandlerThread:4340 [handler.py:handle_request():146] handle_request: status_report
2024-04-11 10:40:42,327 DEBUG   HandlerThread:4340 [handler.py:handle_request():146] handle_request: keepalive
2024-04-11 10:40:42,328 DEBUG   SenderThread:4340 [sender.py:send():379] send: files
2024-04-11 10:40:42,328 INFO    SenderThread:4340 [sender.py:_save_file():1390] saving file wandb-metadata.json with policy now
2024-04-11 10:40:42,569 DEBUG   HandlerThread:4340 [handler.py:handle_request():146] handle_request: python_packages
2024-04-11 10:40:42,570 DEBUG   SenderThread:4340 [sender.py:send_request():406] send_request: python_packages
2024-04-11 10:40:42,570 DEBUG   HandlerThread:4340 [handler.py:handle_request():146] handle_request: stop_status
2024-04-11 10:40:42,570 DEBUG   SenderThread:4340 [sender.py:send_request():406] send_request: stop_status
2024-04-11 10:40:42,573 DEBUG   HandlerThread:4340 [handler.py:handle_request():146] handle_request: internal_messages
2024-04-11 10:40:42,671 INFO    Thread-16 :4340 [dir_watcher.py:_on_file_modified():288] file/dir modified: E:\JD_PROJECT\project\ClassyVision\wandb\run-20240411_104035-pzomywpp\files\conda-environment.yaml
2024-04-11 10:40:42,672 INFO    Thread-16 :4340 [dir_watcher.py:_on_file_created():271] file/dir created: E:\JD_PROJECT\project\ClassyVision\wandb\run-20240411_104035-pzomywpp\files\requirements.txt
2024-04-11 10:40:42,672 INFO    Thread-16 :4340 [dir_watcher.py:_on_file_created():271] file/dir created: E:\JD_PROJECT\project\ClassyVision\wandb\run-20240411_104035-pzomywpp\files\wandb-metadata.json
2024-04-11 10:40:43,131 DEBUG   SenderThread:4340 [sender.py:send():379] send: telemetry
2024-04-11 10:40:43,227 ERROR   gpu       :4340 [interfaces.py:monitor():144] Failed to sample metric: Not Supported
2024-04-11 10:40:43,227 ERROR   gpu       :4340 [interfaces.py:monitor():144] Failed to sample metric: Not Supported
2024-04-11 10:40:43,684 INFO    Thread-16 :4340 [dir_watcher.py:_on_file_created():271] file/dir created: E:\JD_PROJECT\project\ClassyVision\wandb\run-20240411_104035-pzomywpp\files\output.log
2024-04-11 10:40:45,238 ERROR   gpu       :4340 [interfaces.py:monitor():144] Failed to sample metric: Not Supported
2024-04-11 10:40:45,238 ERROR   gpu       :4340 [interfaces.py:monitor():144] Failed to sample metric: Not Supported
2024-04-11 10:40:45,702 INFO    Thread-16 :4340 [dir_watcher.py:_on_file_modified():288] file/dir modified: E:\JD_PROJECT\project\ClassyVision\wandb\run-20240411_104035-pzomywpp\files\output.log
2024-04-11 10:40:45,898 DEBUG   SenderThread:4340 [sender.py:send():379] send: files
2024-04-11 10:40:45,898 INFO    SenderThread:4340 [sender.py:_save_file():1390] saving file media\images\Labels_0_7b7bbe6d6ad3ad4e2a51.jpg with policy now
2024-04-11 10:40:45,903 DEBUG   SenderThread:4340 [sender.py:send():379] send: files
2024-04-11 10:40:45,903 INFO    SenderThread:4340 [sender.py:_save_file():1390] saving file media\images\Labels_0_dc702dc1a9f49492fdb7.jpg with policy now
2024-04-11 10:40:45,922 DEBUG   HandlerThread:4340 [handler.py:handle_request():146] handle_request: partial_history
2024-04-11 10:40:46,706 INFO    Thread-16 :4340 [dir_watcher.py:_on_file_created():271] file/dir created: E:\JD_PROJECT\project\ClassyVision\wandb\run-20240411_104035-pzomywpp\files\media\images\Labels_0_7b7bbe6d6ad3ad4e2a51.jpg
2024-04-11 10:40:46,706 INFO    Thread-16 :4340 [dir_watcher.py:_on_file_created():271] file/dir created: E:\JD_PROJECT\project\ClassyVision\wandb\run-20240411_104035-pzomywpp\files\media\images\Labels_0_dc702dc1a9f49492fdb7.jpg
2024-04-11 10:40:46,707 INFO    Thread-16 :4340 [dir_watcher.py:_on_file_created():271] file/dir created: E:\JD_PROJECT\project\ClassyVision\wandb\run-20240411_104035-pzomywpp\files\media
2024-04-11 10:40:46,707 INFO    Thread-16 :4340 [dir_watcher.py:_on_file_created():271] file/dir created: E:\JD_PROJECT\project\ClassyVision\wandb\run-20240411_104035-pzomywpp\files\media\images
2024-04-11 10:40:46,975 DEBUG   HandlerThread:4340 [handler.py:handle_request():146] handle_request: status_report
2024-04-11 10:40:47,255 ERROR   gpu       :4340 [interfaces.py:monitor():144] Failed to sample metric: Not Supported
2024-04-11 10:40:47,255 ERROR   gpu       :4340 [interfaces.py:monitor():144] Failed to sample metric: Not Supported
2024-04-11 10:40:47,708 INFO    Thread-16 :4340 [dir_watcher.py:_on_file_modified():288] file/dir modified: E:\JD_PROJECT\project\ClassyVision\wandb\run-20240411_104035-pzomywpp\files\output.log
2024-04-11 10:40:49,266 ERROR   gpu       :4340 [interfaces.py:monitor():144] Failed to sample metric: Not Supported
2024-04-11 10:40:49,267 ERROR   gpu       :4340 [interfaces.py:monitor():144] Failed to sample metric: Not Supported
2024-04-11 10:40:51,284 ERROR   gpu       :4340 [interfaces.py:monitor():144] Failed to sample metric: Not Supported
2024-04-11 10:40:51,284 ERROR   gpu       :4340 [interfaces.py:monitor():144] Failed to sample metric: Not Supported
2024-04-11 10:40:52,027 DEBUG   HandlerThread:4340 [handler.py:handle_request():146] handle_request: status_report
2024-04-11 10:40:53,301 ERROR   gpu       :4340 [interfaces.py:monitor():144] Failed to sample metric: Not Supported
2024-04-11 10:40:53,301 ERROR   gpu       :4340 [interfaces.py:monitor():144] Failed to sample metric: Not Supported
2024-04-11 10:40:55,320 ERROR   gpu       :4340 [interfaces.py:monitor():144] Failed to sample metric: Not Supported
2024-04-11 10:40:55,320 ERROR   gpu       :4340 [interfaces.py:monitor():144] Failed to sample metric: Not Supported
2024-04-11 10:40:57,075 DEBUG   HandlerThread:4340 [handler.py:handle_request():146] handle_request: status_report
2024-04-11 10:40:57,332 ERROR   gpu       :4340 [interfaces.py:monitor():144] Failed to sample metric: Not Supported
2024-04-11 10:40:57,332 ERROR   gpu       :4340 [interfaces.py:monitor():144] Failed to sample metric: Not Supported
2024-04-11 10:40:57,574 DEBUG   HandlerThread:4340 [handler.py:handle_request():146] handle_request: internal_messages
2024-04-11 10:40:57,575 DEBUG   HandlerThread:4340 [handler.py:handle_request():146] handle_request: stop_status
2024-04-11 10:40:57,575 DEBUG   SenderThread:4340 [sender.py:send_request():406] send_request: stop_status
2024-04-11 10:40:59,350 ERROR   gpu       :4340 [interfaces.py:monitor():144] Failed to sample metric: Not Supported
2024-04-11 10:40:59,350 ERROR   gpu       :4340 [interfaces.py:monitor():144] Failed to sample metric: Not Supported
2024-04-11 10:41:01,359 ERROR   gpu       :4340 [interfaces.py:monitor():144] Failed to sample metric: Not Supported
2024-04-11 10:41:01,359 ERROR   gpu       :4340 [interfaces.py:monitor():144] Failed to sample metric: Not Supported
2024-04-11 10:41:02,857 DEBUG   HandlerThread:4340 [handler.py:handle_request():146] handle_request: status_report
2024-04-11 10:41:03,374 ERROR   gpu       :4340 [interfaces.py:monitor():144] Failed to sample metric: Not Supported
2024-04-11 10:41:03,374 ERROR   gpu       :4340 [interfaces.py:monitor():144] Failed to sample metric: Not Supported
2024-04-11 10:41:04,040 ERROR   wandb-upload_0:4340 [internal_api.py:upload_file():2767] upload_file exception https://storage.googleapis.com/wandb-production.appspot.com/beallhuang/YOLOv5/pzomywpp/wandb-metadata.json?Expires=1712889642&GoogleAccessId=gorilla-files-url-signer-man%40wandb-production.iam.gserviceaccount.com&Signature=aWWWJyRg1vHpn1a3Jhqdto%2F7TH4mR9M%2BoN8v5yy5520089gqnJc%2BLJN9QZVR3FNZnKiWXlPhN7A5iEfXseCBFG1JQGpxt5J3oe0rdgcPcU6O%2Bs%2FCeICo26HS1lm0PfwANH6CKw42mnDMAXmRj9%2B4978%2FnBM%2FyL%2F2K39T2D4JgFwfQIYTpX30gLmOuQSPNtgoWr18nH2pn%2FI6WZN9dSHzYyooqK1Q0K6Xgs61G3PJgeGMsZO2%2BX5QayxMrun4NsOdFZ0%2Bv0NBQkl1caDU41oYQ4Q4zQWICU1eMGWJEQur%2FCkTAnZkaacE6cD6PnLOIIPQfQ8A%2FnR7gy8S36ULZwUvXg%3D%3D: ('Connection aborted.', ConnectionResetError(10054, '远程主机强迫关闭了一个现有的连接。', None, 10054, None))
2024-04-11 10:41:04,041 ERROR   wandb-upload_0:4340 [internal_api.py:upload_file():2769] upload_file request headers: {'User-Agent': 'python-requests/2.31.0', 'Accept-Encoding': 'gzip, deflate', 'Accept': '*/*', 'Connection': 'keep-alive', 'Content-Length': '1342'}
2024-04-11 10:41:04,041 ERROR   wandb-upload_0:4340 [internal_api.py:upload_file():2771] upload_file response body: 
2024-04-11 10:41:05,390 ERROR   gpu       :4340 [interfaces.py:monitor():144] Failed to sample metric: Not Supported
2024-04-11 10:41:05,390 ERROR   gpu       :4340 [interfaces.py:monitor():144] Failed to sample metric: Not Supported
2024-04-11 10:41:07,424 ERROR   gpu       :4340 [interfaces.py:aggregate():161] Failed to serialize metric: division by zero
2024-04-11 10:41:07,425 ERROR   gpu       :4340 [interfaces.py:monitor():144] Failed to sample metric: Not Supported
2024-04-11 10:41:07,425 ERROR   gpu       :4340 [interfaces.py:monitor():144] Failed to sample metric: Not Supported
2024-04-11 10:41:07,446 ERROR   wandb-upload_1:4340 [internal_api.py:upload_file():2767] upload_file exception https://storage.googleapis.com/wandb-production.appspot.com/beallhuang/YOLOv5/pzomywpp/media/images/Labels_0_7b7bbe6d6ad3ad4e2a51.jpg?Expires=1712889645&GoogleAccessId=gorilla-files-url-signer-man%40wandb-production.iam.gserviceaccount.com&Signature=Zhqzj6K9WARuNRKVdCIu3p3UlMlP%2F9hUoNPUwnU8uSC51h0A7XEeun06hJyRmwzG1758mu6ZqF7wOOrh6EsN3g6sZY3Do%2B77AfxMWAEuMtRjnvZG4GHalHSKhJTJYIliD5Jnxa4%2Bchj6%2FAZ6tD2HJBmRUY4Y0WOSgkH6o%2BQWUbi7RhdnSBMb5xdPOHBGzbZCkIQA0cgOV3TDIpjtKAa2GtwVglDQCjKF%2FNlhpIkTWtcettTqTo5Z3OySsSLDQRsHYHuS64IOkImovsFDe%2FT3FnMunW4CoDdGZS2M3b0S3hzZz16sZ66tQeoXlcG179AwnuZId95VzifRbNoCyMpW6Q%3D%3D: ('Connection aborted.', ConnectionResetError(10054, '远程主机强迫关闭了一个现有的连接。', None, 10054, None))
2024-04-11 10:41:07,446 ERROR   wandb-upload_1:4340 [internal_api.py:upload_file():2769] upload_file request headers: {'User-Agent': 'python-requests/2.31.0', 'Accept-Encoding': 'gzip, deflate', 'Accept': '*/*', 'Connection': 'keep-alive', 'Content-Length': '99194'}
2024-04-11 10:41:07,446 ERROR   wandb-upload_1:4340 [internal_api.py:upload_file():2771] upload_file response body: 
2024-04-11 10:41:07,457 ERROR   wandb-upload_2:4340 [internal_api.py:upload_file():2767] upload_file exception https://storage.googleapis.com/wandb-production.appspot.com/beallhuang/YOLOv5/pzomywpp/media/images/Labels_0_dc702dc1a9f49492fdb7.jpg?Expires=1712889645&GoogleAccessId=gorilla-files-url-signer-man%40wandb-production.iam.gserviceaccount.com&Signature=Yn4vZK%2FT1LYdotEt7T%2FM5PmCP78Ry%2F7D1bBeLauJTZVMg47UDgz6WRPWP%2FUtN9VMBb0wGVRvsIMF2r8q1%2FeI7h1TrN%2BV4EGzVABQ%2B8dcb9gFIhkisSGdWBKUOgfwTtDj%2FcbjgjUZyHr8aa4eEQi0Vv3lf8NnvrxQtoWAyiPCoHQ5fUUgOAyJOpFlUIJVafhSRvctfQ0T3MvZHG9bKHLc42WeoUwqf4E8Kujk5fy4AplUJ%2BM57b2H9209vtBxttTaMqceLrv2iz8GtrhTmWB%2BD5Jx4l6E4lfigb3V7S41rj%2BNAsxxeK0py8RTMohdSZo4qxL%2FffYFj5nOtGMjF6xzxQ%3D%3D: ('Connection aborted.', ConnectionResetError(10054, '远程主机强迫关闭了一个现有的连接。', None, 10054, None))
2024-04-11 10:41:07,457 ERROR   wandb-upload_2:4340 [internal_api.py:upload_file():2769] upload_file request headers: {'User-Agent': 'python-requests/2.31.0', 'Accept-Encoding': 'gzip, deflate', 'Accept': '*/*', 'Connection': 'keep-alive', 'Content-Length': '161962'}
2024-04-11 10:41:07,457 ERROR   wandb-upload_2:4340 [internal_api.py:upload_file():2771] upload_file response body: 
2024-04-11 10:41:07,912 DEBUG   HandlerThread:4340 [handler.py:handle_request():146] handle_request: status_report
2024-04-11 10:41:08,871 INFO    Thread-16 :4340 [dir_watcher.py:_on_file_modified():288] file/dir modified: E:\JD_PROJECT\project\ClassyVision\wandb\run-20240411_104035-pzomywpp\files\config.yaml
2024-04-11 10:41:09,434 ERROR   gpu       :4340 [interfaces.py:monitor():144] Failed to sample metric: Not Supported
2024-04-11 10:41:09,434 ERROR   gpu       :4340 [interfaces.py:monitor():144] Failed to sample metric: Not Supported
2024-04-11 10:41:11,445 ERROR   gpu       :4340 [interfaces.py:monitor():144] Failed to sample metric: Not Supported
2024-04-11 10:41:11,445 ERROR   gpu       :4340 [interfaces.py:monitor():144] Failed to sample metric: Not Supported
2024-04-11 10:41:12,589 DEBUG   HandlerThread:4340 [handler.py:handle_request():146] handle_request: internal_messages
2024-04-11 10:41:12,590 DEBUG   HandlerThread:4340 [handler.py:handle_request():146] handle_request: stop_status
2024-04-11 10:41:12,590 DEBUG   SenderThread:4340 [sender.py:send_request():406] send_request: stop_status
2024-04-11 10:41:13,458 ERROR   gpu       :4340 [interfaces.py:monitor():144] Failed to sample metric: Not Supported
2024-04-11 10:41:13,458 ERROR   gpu       :4340 [interfaces.py:monitor():144] Failed to sample metric: Not Supported
2024-04-11 10:41:13,925 DEBUG   HandlerThread:4340 [handler.py:handle_request():146] handle_request: status_report
2024-04-11 10:41:15,469 ERROR   gpu       :4340 [interfaces.py:monitor():144] Failed to sample metric: Not Supported
2024-04-11 10:41:15,469 ERROR   gpu       :4340 [interfaces.py:monitor():144] Failed to sample metric: Not Supported
2024-04-11 10:41:17,472 ERROR   gpu       :4340 [interfaces.py:monitor():144] Failed to sample metric: Not Supported
2024-04-11 10:41:17,472 ERROR   gpu       :4340 [interfaces.py:monitor():144] Failed to sample metric: Not Supported
2024-04-11 10:41:19,485 ERROR   gpu       :4340 [interfaces.py:monitor():144] Failed to sample metric: Not Supported
2024-04-11 10:41:19,485 ERROR   gpu       :4340 [interfaces.py:monitor():144] Failed to sample metric: Not Supported
2024-04-11 10:41:19,546 DEBUG   HandlerThread:4340 [handler.py:handle_request():146] handle_request: status_report
2024-04-11 10:41:19,977 INFO    Thread-16 :4340 [dir_watcher.py:_on_file_modified():288] file/dir modified: E:\JD_PROJECT\project\ClassyVision\wandb\run-20240411_104035-pzomywpp\files\output.log
2024-04-11 10:41:21,498 ERROR   gpu       :4340 [interfaces.py:monitor():144] Failed to sample metric: Not Supported
2024-04-11 10:41:21,498 ERROR   gpu       :4340 [interfaces.py:monitor():144] Failed to sample metric: Not Supported
2024-04-11 10:41:21,993 INFO    Thread-16 :4340 [dir_watcher.py:_on_file_modified():288] file/dir modified: E:\JD_PROJECT\project\ClassyVision\wandb\run-20240411_104035-pzomywpp\files\output.log
2024-04-11 10:41:23,512 ERROR   gpu       :4340 [interfaces.py:monitor():144] Failed to sample metric: Not Supported
2024-04-11 10:41:23,512 ERROR   gpu       :4340 [interfaces.py:monitor():144] Failed to sample metric: Not Supported
2024-04-11 10:41:23,998 INFO    Thread-16 :4340 [dir_watcher.py:_on_file_modified():288] file/dir modified: E:\JD_PROJECT\project\ClassyVision\wandb\run-20240411_104035-pzomywpp\files\output.log
2024-04-11 10:41:24,571 DEBUG   HandlerThread:4340 [handler.py:handle_request():146] handle_request: status_report
2024-04-11 10:41:25,534 ERROR   gpu       :4340 [interfaces.py:monitor():144] Failed to sample metric: Not Supported
2024-04-11 10:41:25,534 ERROR   gpu       :4340 [interfaces.py:monitor():144] Failed to sample metric: Not Supported
2024-04-11 10:41:26,004 INFO    Thread-16 :4340 [dir_watcher.py:_on_file_modified():288] file/dir modified: E:\JD_PROJECT\project\ClassyVision\wandb\run-20240411_104035-pzomywpp\files\output.log
2024-04-11 10:41:26,407 ERROR   wandb-upload_0:4340 [internal_api.py:upload_file():2767] upload_file exception https://storage.googleapis.com/wandb-production.appspot.com/beallhuang/YOLOv5/pzomywpp/wandb-metadata.json?Expires=1712889642&GoogleAccessId=gorilla-files-url-signer-man%40wandb-production.iam.gserviceaccount.com&Signature=aWWWJyRg1vHpn1a3Jhqdto%2F7TH4mR9M%2BoN8v5yy5520089gqnJc%2BLJN9QZVR3FNZnKiWXlPhN7A5iEfXseCBFG1JQGpxt5J3oe0rdgcPcU6O%2Bs%2FCeICo26HS1lm0PfwANH6CKw42mnDMAXmRj9%2B4978%2FnBM%2FyL%2F2K39T2D4JgFwfQIYTpX30gLmOuQSPNtgoWr18nH2pn%2FI6WZN9dSHzYyooqK1Q0K6Xgs61G3PJgeGMsZO2%2BX5QayxMrun4NsOdFZ0%2Bv0NBQkl1caDU41oYQ4Q4zQWICU1eMGWJEQur%2FCkTAnZkaacE6cD6PnLOIIPQfQ8A%2FnR7gy8S36ULZwUvXg%3D%3D: ('Connection aborted.', ConnectionResetError(10054, '远程主机强迫关闭了一个现有的连接。', None, 10054, None))
2024-04-11 10:41:26,408 ERROR   wandb-upload_0:4340 [internal_api.py:upload_file():2769] upload_file request headers: {'User-Agent': 'python-requests/2.31.0', 'Accept-Encoding': 'gzip, deflate', 'Accept': '*/*', 'Connection': 'keep-alive', 'Content-Length': '1342'}
2024-04-11 10:41:26,408 ERROR   wandb-upload_0:4340 [internal_api.py:upload_file():2771] upload_file response body: 
2024-04-11 10:41:27,557 ERROR   gpu       :4340 [interfaces.py:monitor():144] Failed to sample metric: Not Supported
2024-04-11 10:41:27,557 ERROR   gpu       :4340 [interfaces.py:monitor():144] Failed to sample metric: Not Supported
2024-04-11 10:41:27,596 DEBUG   HandlerThread:4340 [handler.py:handle_request():146] handle_request: internal_messages
2024-04-11 10:41:27,611 DEBUG   HandlerThread:4340 [handler.py:handle_request():146] handle_request: stop_status
2024-04-11 10:41:27,611 DEBUG   SenderThread:4340 [sender.py:send_request():406] send_request: stop_status
2024-04-11 10:41:28,022 INFO    Thread-16 :4340 [dir_watcher.py:_on_file_modified():288] file/dir modified: E:\JD_PROJECT\project\ClassyVision\wandb\run-20240411_104035-pzomywpp\files\output.log
2024-04-11 10:41:29,568 ERROR   gpu       :4340 [interfaces.py:monitor():144] Failed to sample metric: Not Supported
2024-04-11 10:41:29,568 ERROR   gpu       :4340 [interfaces.py:monitor():144] Failed to sample metric: Not Supported
2024-04-11 10:41:29,747 DEBUG   HandlerThread:4340 [handler.py:handle_request():146] handle_request: status_report
2024-04-11 10:41:29,962 ERROR   wandb-upload_2:4340 [internal_api.py:upload_file():2767] upload_file exception https://storage.googleapis.com/wandb-production.appspot.com/beallhuang/YOLOv5/pzomywpp/media/images/Labels_0_dc702dc1a9f49492fdb7.jpg?Expires=1712889645&GoogleAccessId=gorilla-files-url-signer-man%40wandb-production.iam.gserviceaccount.com&Signature=Yn4vZK%2FT1LYdotEt7T%2FM5PmCP78Ry%2F7D1bBeLauJTZVMg47UDgz6WRPWP%2FUtN9VMBb0wGVRvsIMF2r8q1%2FeI7h1TrN%2BV4EGzVABQ%2B8dcb9gFIhkisSGdWBKUOgfwTtDj%2FcbjgjUZyHr8aa4eEQi0Vv3lf8NnvrxQtoWAyiPCoHQ5fUUgOAyJOpFlUIJVafhSRvctfQ0T3MvZHG9bKHLc42WeoUwqf4E8Kujk5fy4AplUJ%2BM57b2H9209vtBxttTaMqceLrv2iz8GtrhTmWB%2BD5Jx4l6E4lfigb3V7S41rj%2BNAsxxeK0py8RTMohdSZo4qxL%2FffYFj5nOtGMjF6xzxQ%3D%3D: ('Connection aborted.', ConnectionResetError(10054, '远程主机强迫关闭了一个现有的连接。', None, 10054, None))
2024-04-11 10:41:29,962 ERROR   wandb-upload_2:4340 [internal_api.py:upload_file():2769] upload_file request headers: {'User-Agent': 'python-requests/2.31.0', 'Accept-Encoding': 'gzip, deflate', 'Accept': '*/*', 'Connection': 'keep-alive', 'Content-Length': '161962'}
2024-04-11 10:41:29,962 ERROR   wandb-upload_2:4340 [internal_api.py:upload_file():2771] upload_file response body: 
2024-04-11 10:41:30,030 INFO    Thread-16 :4340 [dir_watcher.py:_on_file_modified():288] file/dir modified: E:\JD_PROJECT\project\ClassyVision\wandb\run-20240411_104035-pzomywpp\files\output.log
2024-04-11 10:41:30,070 ERROR   wandb-upload_1:4340 [internal_api.py:upload_file():2767] upload_file exception https://storage.googleapis.com/wandb-production.appspot.com/beallhuang/YOLOv5/pzomywpp/media/images/Labels_0_7b7bbe6d6ad3ad4e2a51.jpg?Expires=1712889645&GoogleAccessId=gorilla-files-url-signer-man%40wandb-production.iam.gserviceaccount.com&Signature=Zhqzj6K9WARuNRKVdCIu3p3UlMlP%2F9hUoNPUwnU8uSC51h0A7XEeun06hJyRmwzG1758mu6ZqF7wOOrh6EsN3g6sZY3Do%2B77AfxMWAEuMtRjnvZG4GHalHSKhJTJYIliD5Jnxa4%2Bchj6%2FAZ6tD2HJBmRUY4Y0WOSgkH6o%2BQWUbi7RhdnSBMb5xdPOHBGzbZCkIQA0cgOV3TDIpjtKAa2GtwVglDQCjKF%2FNlhpIkTWtcettTqTo5Z3OySsSLDQRsHYHuS64IOkImovsFDe%2FT3FnMunW4CoDdGZS2M3b0S3hzZz16sZ66tQeoXlcG179AwnuZId95VzifRbNoCyMpW6Q%3D%3D: ('Connection aborted.', ConnectionResetError(10054, '远程主机强迫关闭了一个现有的连接。', None, 10054, None))
2024-04-11 10:41:30,070 ERROR   wandb-upload_1:4340 [internal_api.py:upload_file():2769] upload_file request headers: {'User-Agent': 'python-requests/2.31.0', 'Accept-Encoding': 'gzip, deflate', 'Accept': '*/*', 'Connection': 'keep-alive', 'Content-Length': '99194'}
2024-04-11 10:41:30,070 ERROR   wandb-upload_1:4340 [internal_api.py:upload_file():2771] upload_file response body: 
2024-04-11 10:41:31,010 DEBUG   SenderThread:4340 [sender.py:send():379] send: files
2024-04-11 10:41:31,010 INFO    SenderThread:4340 [sender.py:_save_file():1390] saving file media\images\Mosaics_0_48278ab5587e817d7f89.jpg with policy now
2024-04-11 10:41:31,017 DEBUG   SenderThread:4340 [sender.py:send():379] send: files
2024-04-11 10:41:31,017 INFO    SenderThread:4340 [sender.py:_save_file():1390] saving file media\images\Mosaics_0_a46177c02731e285c55f.jpg with policy now
2024-04-11 10:41:31,019 DEBUG   SenderThread:4340 [sender.py:send():379] send: files
2024-04-11 10:41:31,019 INFO    SenderThread:4340 [sender.py:_save_file():1390] saving file media\images\Mosaics_0_7048b5fcc2452409d640.jpg with policy now
2024-04-11 10:41:31,034 INFO    Thread-16 :4340 [dir_watcher.py:_on_file_created():271] file/dir created: E:\JD_PROJECT\project\ClassyVision\wandb\run-20240411_104035-pzomywpp\files\media\images\Mosaics_0_7048b5fcc2452409d640.jpg
2024-04-11 10:41:31,035 INFO    Thread-16 :4340 [dir_watcher.py:_on_file_created():271] file/dir created: E:\JD_PROJECT\project\ClassyVision\wandb\run-20240411_104035-pzomywpp\files\media\images\Mosaics_0_48278ab5587e817d7f89.jpg
2024-04-11 10:41:31,035 INFO    Thread-16 :4340 [dir_watcher.py:_on_file_created():271] file/dir created: E:\JD_PROJECT\project\ClassyVision\wandb\run-20240411_104035-pzomywpp\files\media\images\Mosaics_0_a46177c02731e285c55f.jpg
2024-04-11 10:41:31,035 INFO    Thread-16 :4340 [dir_watcher.py:_on_file_modified():288] file/dir modified: E:\JD_PROJECT\project\ClassyVision\wandb\run-20240411_104035-pzomywpp\files\media\images
2024-04-11 10:41:31,038 DEBUG   HandlerThread:4340 [handler.py:handle_request():146] handle_request: partial_history
2024-04-11 10:41:31,587 ERROR   gpu       :4340 [interfaces.py:monitor():144] Failed to sample metric: Not Supported
2024-04-11 10:41:31,587 ERROR   gpu       :4340 [interfaces.py:monitor():144] Failed to sample metric: Not Supported
2024-04-11 10:41:32,045 INFO    Thread-16 :4340 [dir_watcher.py:_on_file_modified():288] file/dir modified: E:\JD_PROJECT\project\ClassyVision\wandb\run-20240411_104035-pzomywpp\files\output.log
2024-04-11 10:41:33,605 ERROR   gpu       :4340 [interfaces.py:monitor():144] Failed to sample metric: Not Supported
2024-04-11 10:41:33,605 ERROR   gpu       :4340 [interfaces.py:monitor():144] Failed to sample metric: Not Supported
2024-04-11 10:41:34,059 INFO    Thread-16 :4340 [dir_watcher.py:_on_file_modified():288] file/dir modified: E:\JD_PROJECT\project\ClassyVision\wandb\run-20240411_104035-pzomywpp\files\output.log
2024-04-11 10:41:34,803 DEBUG   HandlerThread:4340 [handler.py:handle_request():146] handle_request: status_report
2024-04-11 10:41:35,619 ERROR   gpu       :4340 [interfaces.py:monitor():144] Failed to sample metric: Not Supported
2024-04-11 10:41:35,619 ERROR   gpu       :4340 [interfaces.py:monitor():144] Failed to sample metric: Not Supported
2024-04-11 10:41:36,062 INFO    Thread-16 :4340 [dir_watcher.py:_on_file_modified():288] file/dir modified: E:\JD_PROJECT\project\ClassyVision\wandb\run-20240411_104035-pzomywpp\files\output.log
2024-04-11 10:41:37,172 DEBUG   SystemMonitor:4340 [system_monitor.py:_start():172] Starting system metrics aggregation loop
2024-04-11 10:41:37,173 DEBUG   SenderThread:4340 [sender.py:send():379] send: stats
2024-04-11 10:41:37,658 ERROR   gpu       :4340 [interfaces.py:aggregate():161] Failed to serialize metric: division by zero
2024-04-11 10:41:37,659 ERROR   gpu       :4340 [interfaces.py:monitor():144] Failed to sample metric: Not Supported
2024-04-11 10:41:37,659 ERROR   gpu       :4340 [interfaces.py:monitor():144] Failed to sample metric: Not Supported
2024-04-11 10:41:38,085 INFO    Thread-16 :4340 [dir_watcher.py:_on_file_modified():288] file/dir modified: E:\JD_PROJECT\project\ClassyVision\wandb\run-20240411_104035-pzomywpp\files\output.log
2024-04-11 10:41:39,665 ERROR   gpu       :4340 [interfaces.py:monitor():144] Failed to sample metric: Not Supported
2024-04-11 10:41:39,665 ERROR   gpu       :4340 [interfaces.py:monitor():144] Failed to sample metric: Not Supported
2024-04-11 10:41:39,969 DEBUG   HandlerThread:4340 [handler.py:handle_request():146] handle_request: status_report
2024-04-11 10:41:40,093 INFO    Thread-16 :4340 [dir_watcher.py:_on_file_modified():288] file/dir modified: E:\JD_PROJECT\project\ClassyVision\wandb\run-20240411_104035-pzomywpp\files\output.log
2024-04-11 10:41:41,678 ERROR   gpu       :4340 [interfaces.py:monitor():144] Failed to sample metric: Not Supported
2024-04-11 10:41:41,678 ERROR   gpu       :4340 [interfaces.py:monitor():144] Failed to sample metric: Not Supported
2024-04-11 10:41:42,100 INFO    Thread-16 :4340 [dir_watcher.py:_on_file_modified():288] file/dir modified: E:\JD_PROJECT\project\ClassyVision\wandb\run-20240411_104035-pzomywpp\files\output.log
2024-04-11 10:41:42,608 DEBUG   HandlerThread:4340 [handler.py:handle_request():146] handle_request: internal_messages
2024-04-11 10:41:42,609 DEBUG   HandlerThread:4340 [handler.py:handle_request():146] handle_request: stop_status
2024-04-11 10:41:42,609 DEBUG   SenderThread:4340 [sender.py:send_request():406] send_request: stop_status
2024-04-11 10:41:43,698 ERROR   gpu       :4340 [interfaces.py:monitor():144] Failed to sample metric: Not Supported
2024-04-11 10:41:43,698 ERROR   gpu       :4340 [interfaces.py:monitor():144] Failed to sample metric: Not Supported
2024-04-11 10:41:44,122 INFO    Thread-16 :4340 [dir_watcher.py:_on_file_modified():288] file/dir modified: E:\JD_PROJECT\project\ClassyVision\wandb\run-20240411_104035-pzomywpp\files\output.log
2024-04-11 10:41:45,062 DEBUG   HandlerThread:4340 [handler.py:handle_request():146] handle_request: status_report
2024-04-11 10:41:45,709 ERROR   gpu       :4340 [interfaces.py:monitor():144] Failed to sample metric: Not Supported
2024-04-11 10:41:45,709 ERROR   gpu       :4340 [interfaces.py:monitor():144] Failed to sample metric: Not Supported
2024-04-11 10:41:46,129 INFO    Thread-16 :4340 [dir_watcher.py:_on_file_modified():288] file/dir modified: E:\JD_PROJECT\project\ClassyVision\wandb\run-20240411_104035-pzomywpp\files\output.log
2024-04-11 10:41:47,725 ERROR   gpu       :4340 [interfaces.py:monitor():144] Failed to sample metric: Not Supported
2024-04-11 10:41:47,725 ERROR   gpu       :4340 [interfaces.py:monitor():144] Failed to sample metric: Not Supported
2024-04-11 10:41:48,140 INFO    Thread-16 :4340 [dir_watcher.py:_on_file_modified():288] file/dir modified: E:\JD_PROJECT\project\ClassyVision\wandb\run-20240411_104035-pzomywpp\files\output.log
2024-04-11 10:41:49,737 ERROR   gpu       :4340 [interfaces.py:monitor():144] Failed to sample metric: Not Supported
2024-04-11 10:41:49,737 ERROR   gpu       :4340 [interfaces.py:monitor():144] Failed to sample metric: Not Supported
2024-04-11 10:41:49,868 ERROR   wandb-upload_0:4340 [internal_api.py:upload_file():2767] upload_file exception https://storage.googleapis.com/wandb-production.appspot.com/beallhuang/YOLOv5/pzomywpp/wandb-metadata.json?Expires=1712889642&GoogleAccessId=gorilla-files-url-signer-man%40wandb-production.iam.gserviceaccount.com&Signature=aWWWJyRg1vHpn1a3Jhqdto%2F7TH4mR9M%2BoN8v5yy5520089gqnJc%2BLJN9QZVR3FNZnKiWXlPhN7A5iEfXseCBFG1JQGpxt5J3oe0rdgcPcU6O%2Bs%2FCeICo26HS1lm0PfwANH6CKw42mnDMAXmRj9%2B4978%2FnBM%2FyL%2F2K39T2D4JgFwfQIYTpX30gLmOuQSPNtgoWr18nH2pn%2FI6WZN9dSHzYyooqK1Q0K6Xgs61G3PJgeGMsZO2%2BX5QayxMrun4NsOdFZ0%2Bv0NBQkl1caDU41oYQ4Q4zQWICU1eMGWJEQur%2FCkTAnZkaacE6cD6PnLOIIPQfQ8A%2FnR7gy8S36ULZwUvXg%3D%3D: ('Connection aborted.', ConnectionResetError(10054, '远程主机强迫关闭了一个现有的连接。', None, 10054, None))
2024-04-11 10:41:49,868 ERROR   wandb-upload_0:4340 [internal_api.py:upload_file():2769] upload_file request headers: {'User-Agent': 'python-requests/2.31.0', 'Accept-Encoding': 'gzip, deflate', 'Accept': '*/*', 'Connection': 'keep-alive', 'Content-Length': '1342'}
2024-04-11 10:41:49,868 ERROR   wandb-upload_0:4340 [internal_api.py:upload_file():2771] upload_file response body: 
2024-04-11 10:41:49,868 INFO    wandb-upload_0:4340 [retry.py:__call__():172] Retry attempt failed:
Traceback (most recent call last):
  File "D:\Users\Administrator\anaconda3\envs\ClassyVision2\lib\site-packages\urllib3\connectionpool.py", line 793, in urlopen
    response = self._make_request(
  File "D:\Users\Administrator\anaconda3\envs\ClassyVision2\lib\site-packages\urllib3\connectionpool.py", line 491, in _make_request
    raise new_e
  File "D:\Users\Administrator\anaconda3\envs\ClassyVision2\lib\site-packages\urllib3\connectionpool.py", line 467, in _make_request
    self._validate_conn(conn)
  File "D:\Users\Administrator\anaconda3\envs\ClassyVision2\lib\site-packages\urllib3\connectionpool.py", line 1099, in _validate_conn
    conn.connect()
  File "D:\Users\Administrator\anaconda3\envs\ClassyVision2\lib\site-packages\urllib3\connection.py", line 653, in connect
    sock_and_verified = _ssl_wrap_socket_and_match_hostname(
  File "D:\Users\Administrator\anaconda3\envs\ClassyVision2\lib\site-packages\urllib3\connection.py", line 806, in _ssl_wrap_socket_and_match_hostname
    ssl_sock = ssl_wrap_socket(
  File "D:\Users\Administrator\anaconda3\envs\ClassyVision2\lib\site-packages\urllib3\util\ssl_.py", line 465, in ssl_wrap_socket
    ssl_sock = _ssl_wrap_socket_impl(sock, context, tls_in_tls, server_hostname)
  File "D:\Users\Administrator\anaconda3\envs\ClassyVision2\lib\site-packages\urllib3\util\ssl_.py", line 509, in _ssl_wrap_socket_impl
    return ssl_context.wrap_socket(sock, server_hostname=server_hostname)
  File "D:\Users\Administrator\anaconda3\envs\ClassyVision2\lib\ssl.py", line 513, in wrap_socket
    return self.sslsocket_class._create(
  File "D:\Users\Administrator\anaconda3\envs\ClassyVision2\lib\ssl.py", line 1104, in _create
    self.do_handshake()
  File "D:\Users\Administrator\anaconda3\envs\ClassyVision2\lib\ssl.py", line 1375, in do_handshake
    self._sslobj.do_handshake()
ConnectionResetError: [WinError 10054] 远程主机强迫关闭了一个现有的连接。

During handling of the above exception, another exception occurred:

Traceback (most recent call last):
  File "D:\Users\Administrator\anaconda3\envs\ClassyVision2\lib\site-packages\requests\adapters.py", line 486, in send
    resp = conn.urlopen(
  File "D:\Users\Administrator\anaconda3\envs\ClassyVision2\lib\site-packages\urllib3\connectionpool.py", line 847, in urlopen
    retries = retries.increment(
  File "D:\Users\Administrator\anaconda3\envs\ClassyVision2\lib\site-packages\urllib3\util\retry.py", line 470, in increment
    raise reraise(type(error), error, _stacktrace)
  File "D:\Users\Administrator\anaconda3\envs\ClassyVision2\lib\site-packages\urllib3\util\util.py", line 38, in reraise
    raise value.with_traceback(tb)
  File "D:\Users\Administrator\anaconda3\envs\ClassyVision2\lib\site-packages\urllib3\connectionpool.py", line 793, in urlopen
    response = self._make_request(
  File "D:\Users\Administrator\anaconda3\envs\ClassyVision2\lib\site-packages\urllib3\connectionpool.py", line 491, in _make_request
    raise new_e
  File "D:\Users\Administrator\anaconda3\envs\ClassyVision2\lib\site-packages\urllib3\connectionpool.py", line 467, in _make_request
    self._validate_conn(conn)
  File "D:\Users\Administrator\anaconda3\envs\ClassyVision2\lib\site-packages\urllib3\connectionpool.py", line 1099, in _validate_conn
    conn.connect()
  File "D:\Users\Administrator\anaconda3\envs\ClassyVision2\lib\site-packages\urllib3\connection.py", line 653, in connect
    sock_and_verified = _ssl_wrap_socket_and_match_hostname(
  File "D:\Users\Administrator\anaconda3\envs\ClassyVision2\lib\site-packages\urllib3\connection.py", line 806, in _ssl_wrap_socket_and_match_hostname
    ssl_sock = ssl_wrap_socket(
  File "D:\Users\Administrator\anaconda3\envs\ClassyVision2\lib\site-packages\urllib3\util\ssl_.py", line 465, in ssl_wrap_socket
    ssl_sock = _ssl_wrap_socket_impl(sock, context, tls_in_tls, server_hostname)
  File "D:\Users\Administrator\anaconda3\envs\ClassyVision2\lib\site-packages\urllib3\util\ssl_.py", line 509, in _ssl_wrap_socket_impl
    return ssl_context.wrap_socket(sock, server_hostname=server_hostname)
  File "D:\Users\Administrator\anaconda3\envs\ClassyVision2\lib\ssl.py", line 513, in wrap_socket
    return self.sslsocket_class._create(
  File "D:\Users\Administrator\anaconda3\envs\ClassyVision2\lib\ssl.py", line 1104, in _create
    self.do_handshake()
  File "D:\Users\Administrator\anaconda3\envs\ClassyVision2\lib\ssl.py", line 1375, in do_handshake
    self._sslobj.do_handshake()
urllib3.exceptions.ProtocolError: ('Connection aborted.', ConnectionResetError(10054, '远程主机强迫关闭了一个现有的连接。', None, 10054, None))

During handling of the above exception, another exception occurred:

Traceback (most recent call last):
  File "D:\Users\Administrator\anaconda3\envs\ClassyVision2\lib\site-packages\wandb\sdk\internal\internal_api.py", line 2760, in upload_file
    response = self._upload_file_session.put(
  File "D:\Users\Administrator\anaconda3\envs\ClassyVision2\lib\site-packages\requests\sessions.py", line 649, in put
    return self.request("PUT", url, data=data, **kwargs)
  File "D:\Users\Administrator\anaconda3\envs\ClassyVision2\lib\site-packages\requests\sessions.py", line 589, in request
    resp = self.send(prep, **send_kwargs)
  File "D:\Users\Administrator\anaconda3\envs\ClassyVision2\lib\site-packages\requests\sessions.py", line 703, in send
    r = adapter.send(request, **kwargs)
  File "D:\Users\Administrator\anaconda3\envs\ClassyVision2\lib\site-packages\requests\adapters.py", line 501, in send
    raise ConnectionError(err, request=request)
requests.exceptions.ConnectionError: ('Connection aborted.', ConnectionResetError(10054, '远程主机强迫关闭了一个现有的连接。', None, 10054, None))

During handling of the above exception, another exception occurred:

Traceback (most recent call last):
  File "D:\Users\Administrator\anaconda3\envs\ClassyVision2\lib\site-packages\wandb\sdk\lib\retry.py", line 131, in __call__
    result = self._call_fn(*args, **kwargs)
  File "D:\Users\Administrator\anaconda3\envs\ClassyVision2\lib\site-packages\wandb\sdk\internal\internal_api.py", line 2791, in upload_file
    raise _e.with_traceback(sys.exc_info()[2])
  File "D:\Users\Administrator\anaconda3\envs\ClassyVision2\lib\site-packages\wandb\sdk\internal\internal_api.py", line 2760, in upload_file
    response = self._upload_file_session.put(
  File "D:\Users\Administrator\anaconda3\envs\ClassyVision2\lib\site-packages\requests\sessions.py", line 649, in put
    return self.request("PUT", url, data=data, **kwargs)
  File "D:\Users\Administrator\anaconda3\envs\ClassyVision2\lib\site-packages\requests\sessions.py", line 589, in request
    resp = self.send(prep, **send_kwargs)
  File "D:\Users\Administrator\anaconda3\envs\ClassyVision2\lib\site-packages\requests\sessions.py", line 703, in send
    r = adapter.send(request, **kwargs)
  File "D:\Users\Administrator\anaconda3\envs\ClassyVision2\lib\site-packages\requests\adapters.py", line 501, in send
    raise ConnectionError(err, request=request)
wandb.sdk.lib.retry.TransientError: None
2024-04-11 10:41:50,154 INFO    Thread-16 :4340 [dir_watcher.py:_on_file_modified():288] file/dir modified: E:\JD_PROJECT\project\ClassyVision\wandb\run-20240411_104035-pzomywpp\files\output.log
2024-04-11 10:41:50,192 DEBUG   HandlerThread:4340 [handler.py:handle_request():146] handle_request: status_report
2024-04-11 10:41:51,754 ERROR   gpu       :4340 [interfaces.py:monitor():144] Failed to sample metric: Not Supported
2024-04-11 10:41:51,754 ERROR   gpu       :4340 [interfaces.py:monitor():144] Failed to sample metric: Not Supported
2024-04-11 10:41:52,175 INFO    Thread-16 :4340 [dir_watcher.py:_on_file_modified():288] file/dir modified: E:\JD_PROJECT\project\ClassyVision\wandb\run-20240411_104035-pzomywpp\files\output.log
2024-04-11 10:41:52,683 ERROR   wandb-upload_3:4340 [internal_api.py:upload_file():2767] upload_file exception https://storage.googleapis.com/wandb-production.appspot.com/beallhuang/YOLOv5/pzomywpp/media/images/Mosaics_0_48278ab5587e817d7f89.jpg?Expires=1712889691&GoogleAccessId=gorilla-files-url-signer-man%40wandb-production.iam.gserviceaccount.com&Signature=V76Adwio%2BaoNGAZiSlc3LXr9hjzmXhyGhNXq6CNnTEvv8%2BmfMlsnU7wUnE%2FCpARicEr%2F%2BH2HfcJzuG6HejtAV5VlqJIOp7ErkEAn6MKZ0gZhB6OR13c8dMcNf9Ko3X26CKhbcHPlIajAzfnBhgm3ZPADB3u2LdjGxOyQKu1smpTgx%2BAL0aa5EcgGhtxA9DvwbjqrsA1puBdJ%2FR0emQYr%2Frev6ZN4pnDk6uViGf%2BD1oChEKjsAegykovuzfrSXpOq6KhR%2FfqlEGC%2FESK%2FzakJN0N6ZaMDcTnH0TfphiZIVsrF3WBNEgjIvl2ndpggvwYjGxF6Ie6OKVbfUhTJS4KLmw%3D%3D: ('Connection aborted.', ConnectionResetError(10054, '远程主机强迫关闭了一个现有的连接。', None, 10054, None))
2024-04-11 10:41:52,683 ERROR   wandb-upload_3:4340 [internal_api.py:upload_file():2769] upload_file request headers: {'User-Agent': 'python-requests/2.31.0', 'Accept-Encoding': 'gzip, deflate', 'Accept': '*/*', 'Connection': 'keep-alive', 'Content-Length': '259387'}
2024-04-11 10:41:52,683 ERROR   wandb-upload_3:4340 [internal_api.py:upload_file():2771] upload_file response body: 
2024-04-11 10:41:52,683 INFO    wandb-upload_3:4340 [retry.py:__call__():172] Retry attempt failed:
Traceback (most recent call last):
  File "D:\Users\Administrator\anaconda3\envs\ClassyVision2\lib\site-packages\urllib3\connectionpool.py", line 793, in urlopen
    response = self._make_request(
  File "D:\Users\Administrator\anaconda3\envs\ClassyVision2\lib\site-packages\urllib3\connectionpool.py", line 491, in _make_request
    raise new_e
  File "D:\Users\Administrator\anaconda3\envs\ClassyVision2\lib\site-packages\urllib3\connectionpool.py", line 467, in _make_request
    self._validate_conn(conn)
  File "D:\Users\Administrator\anaconda3\envs\ClassyVision2\lib\site-packages\urllib3\connectionpool.py", line 1099, in _validate_conn
    conn.connect()
  File "D:\Users\Administrator\anaconda3\envs\ClassyVision2\lib\site-packages\urllib3\connection.py", line 653, in connect
    sock_and_verified = _ssl_wrap_socket_and_match_hostname(
  File "D:\Users\Administrator\anaconda3\envs\ClassyVision2\lib\site-packages\urllib3\connection.py", line 806, in _ssl_wrap_socket_and_match_hostname
    ssl_sock = ssl_wrap_socket(
  File "D:\Users\Administrator\anaconda3\envs\ClassyVision2\lib\site-packages\urllib3\util\ssl_.py", line 465, in ssl_wrap_socket
    ssl_sock = _ssl_wrap_socket_impl(sock, context, tls_in_tls, server_hostname)
  File "D:\Users\Administrator\anaconda3\envs\ClassyVision2\lib\site-packages\urllib3\util\ssl_.py", line 509, in _ssl_wrap_socket_impl
    return ssl_context.wrap_socket(sock, server_hostname=server_hostname)
  File "D:\Users\Administrator\anaconda3\envs\ClassyVision2\lib\ssl.py", line 513, in wrap_socket
    return self.sslsocket_class._create(
  File "D:\Users\Administrator\anaconda3\envs\ClassyVision2\lib\ssl.py", line 1104, in _create
    self.do_handshake()
  File "D:\Users\Administrator\anaconda3\envs\ClassyVision2\lib\ssl.py", line 1375, in do_handshake
    self._sslobj.do_handshake()
ConnectionResetError: [WinError 10054] 远程主机强迫关闭了一个现有的连接。

During handling of the above exception, another exception occurred:

Traceback (most recent call last):
  File "D:\Users\Administrator\anaconda3\envs\ClassyVision2\lib\site-packages\requests\adapters.py", line 486, in send
    resp = conn.urlopen(
  File "D:\Users\Administrator\anaconda3\envs\ClassyVision2\lib\site-packages\urllib3\connectionpool.py", line 847, in urlopen
    retries = retries.increment(
  File "D:\Users\Administrator\anaconda3\envs\ClassyVision2\lib\site-packages\urllib3\util\retry.py", line 470, in increment
    raise reraise(type(error), error, _stacktrace)
  File "D:\Users\Administrator\anaconda3\envs\ClassyVision2\lib\site-packages\urllib3\util\util.py", line 38, in reraise
    raise value.with_traceback(tb)
  File "D:\Users\Administrator\anaconda3\envs\ClassyVision2\lib\site-packages\urllib3\connectionpool.py", line 793, in urlopen
    response = self._make_request(
  File "D:\Users\Administrator\anaconda3\envs\ClassyVision2\lib\site-packages\urllib3\connectionpool.py", line 491, in _make_request
    raise new_e
  File "D:\Users\Administrator\anaconda3\envs\ClassyVision2\lib\site-packages\urllib3\connectionpool.py", line 467, in _make_request
    self._validate_conn(conn)
  File "D:\Users\Administrator\anaconda3\envs\ClassyVision2\lib\site-packages\urllib3\connectionpool.py", line 1099, in _validate_conn
    conn.connect()
  File "D:\Users\Administrator\anaconda3\envs\ClassyVision2\lib\site-packages\urllib3\connection.py", line 653, in connect
    sock_and_verified = _ssl_wrap_socket_and_match_hostname(
  File "D:\Users\Administrator\anaconda3\envs\ClassyVision2\lib\site-packages\urllib3\connection.py", line 806, in _ssl_wrap_socket_and_match_hostname
    ssl_sock = ssl_wrap_socket(
  File "D:\Users\Administrator\anaconda3\envs\ClassyVision2\lib\site-packages\urllib3\util\ssl_.py", line 465, in ssl_wrap_socket
    ssl_sock = _ssl_wrap_socket_impl(sock, context, tls_in_tls, server_hostname)
  File "D:\Users\Administrator\anaconda3\envs\ClassyVision2\lib\site-packages\urllib3\util\ssl_.py", line 509, in _ssl_wrap_socket_impl
    return ssl_context.wrap_socket(sock, server_hostname=server_hostname)
  File "D:\Users\Administrator\anaconda3\envs\ClassyVision2\lib\ssl.py", line 513, in wrap_socket
    return self.sslsocket_class._create(
  File "D:\Users\Administrator\anaconda3\envs\ClassyVision2\lib\ssl.py", line 1104, in _create
    self.do_handshake()
  File "D:\Users\Administrator\anaconda3\envs\ClassyVision2\lib\ssl.py", line 1375, in do_handshake
    self._sslobj.do_handshake()
urllib3.exceptions.ProtocolError: ('Connection aborted.', ConnectionResetError(10054, '远程主机强迫关闭了一个现有的连接。', None, 10054, None))

During handling of the above exception, another exception occurred:

Traceback (most recent call last):
  File "D:\Users\Administrator\anaconda3\envs\ClassyVision2\lib\site-packages\wandb\sdk\internal\internal_api.py", line 2760, in upload_file
    response = self._upload_file_session.put(
  File "D:\Users\Administrator\anaconda3\envs\ClassyVision2\lib\site-packages\requests\sessions.py", line 649, in put
    return self.request("PUT", url, data=data, **kwargs)
  File "D:\Users\Administrator\anaconda3\envs\ClassyVision2\lib\site-packages\requests\sessions.py", line 589, in request
    resp = self.send(prep, **send_kwargs)
  File "D:\Users\Administrator\anaconda3\envs\ClassyVision2\lib\site-packages\requests\sessions.py", line 703, in send
    r = adapter.send(request, **kwargs)
  File "D:\Users\Administrator\anaconda3\envs\ClassyVision2\lib\site-packages\requests\adapters.py", line 501, in send
    raise ConnectionError(err, request=request)
requests.exceptions.ConnectionError: ('Connection aborted.', ConnectionResetError(10054, '远程主机强迫关闭了一个现有的连接。', None, 10054, None))

During handling of the above exception, another exception occurred:

Traceback (most recent call last):
  File "D:\Users\Administrator\anaconda3\envs\ClassyVision2\lib\site-packages\wandb\sdk\lib\retry.py", line 131, in __call__
    result = self._call_fn(*args, **kwargs)
  File "D:\Users\Administrator\anaconda3\envs\ClassyVision2\lib\site-packages\wandb\sdk\internal\internal_api.py", line 2791, in upload_file
    raise _e.with_traceback(sys.exc_info()[2])
  File "D:\Users\Administrator\anaconda3\envs\ClassyVision2\lib\site-packages\wandb\sdk\internal\internal_api.py", line 2760, in upload_file
    response = self._upload_file_session.put(
  File "D:\Users\Administrator\anaconda3\envs\ClassyVision2\lib\site-packages\requests\sessions.py", line 649, in put
    return self.request("PUT", url, data=data, **kwargs)
  File "D:\Users\Administrator\anaconda3\envs\ClassyVision2\lib\site-packages\requests\sessions.py", line 589, in request
    resp = self.send(prep, **send_kwargs)
  File "D:\Users\Administrator\anaconda3\envs\ClassyVision2\lib\site-packages\requests\sessions.py", line 703, in send
    r = adapter.send(request, **kwargs)
  File "D:\Users\Administrator\anaconda3\envs\ClassyVision2\lib\site-packages\requests\adapters.py", line 501, in send
    raise ConnectionError(err, request=request)
wandb.sdk.lib.retry.TransientError: None
2024-04-11 10:41:52,772 ERROR   wandb-upload_4:4340 [internal_api.py:upload_file():2767] upload_file exception https://storage.googleapis.com/wandb-production.appspot.com/beallhuang/YOLOv5/pzomywpp/media/images/Mosaics_0_a46177c02731e285c55f.jpg?Expires=1712889691&GoogleAccessId=gorilla-files-url-signer-man%40wandb-production.iam.gserviceaccount.com&Signature=XlBYJS2MGrPas5D37S70ZPZl3mIGXimk0Ii5mB5LYx1ipIjlBUdxLrtGXgCOp0wyQeRigO0v8F6SZADpYHfZT%2ByE9aGlgYM6EdJGc8KAXk9ttRUEcuOVZpIzAkcP9scCutcD%2Bz%2FyQ4A%2B7QZPrv%2FbYAeIQ%2BkRPdwIo2M0sWdLqyUHmWaPpHYihZZk12kZGZZHx0OfKUMgrxzXX0KDRdR1a3Z4NSFBmuhmu6YOhqA20nNfP2vVSOFg9BKQPytWM41xgeb0E4tK2grCmjPy5AVBT5yFsHErNaP1ObpFD4ia4LT1kzqq8qHqtzQgNWBr%2BXuWsZYTFqxh1uT8AaHfUlhvUw%3D%3D: ('Connection aborted.', ConnectionResetError(10054, '远程主机强迫关闭了一个现有的连接。', None, 10054, None))
2024-04-11 10:41:52,772 ERROR   wandb-upload_4:4340 [internal_api.py:upload_file():2769] upload_file request headers: {'User-Agent': 'python-requests/2.31.0', 'Accept-Encoding': 'gzip, deflate', 'Accept': '*/*', 'Connection': 'keep-alive', 'Content-Length': '252096'}
2024-04-11 10:41:52,772 ERROR   wandb-upload_4:4340 [internal_api.py:upload_file():2771] upload_file response body: 
2024-04-11 10:41:52,772 INFO    wandb-upload_4:4340 [retry.py:__call__():172] Retry attempt failed:
Traceback (most recent call last):
  File "D:\Users\Administrator\anaconda3\envs\ClassyVision2\lib\site-packages\urllib3\connectionpool.py", line 793, in urlopen
    response = self._make_request(
  File "D:\Users\Administrator\anaconda3\envs\ClassyVision2\lib\site-packages\urllib3\connectionpool.py", line 491, in _make_request
    raise new_e
  File "D:\Users\Administrator\anaconda3\envs\ClassyVision2\lib\site-packages\urllib3\connectionpool.py", line 467, in _make_request
    self._validate_conn(conn)
  File "D:\Users\Administrator\anaconda3\envs\ClassyVision2\lib\site-packages\urllib3\connectionpool.py", line 1099, in _validate_conn
    conn.connect()
  File "D:\Users\Administrator\anaconda3\envs\ClassyVision2\lib\site-packages\urllib3\connection.py", line 653, in connect
    sock_and_verified = _ssl_wrap_socket_and_match_hostname(
  File "D:\Users\Administrator\anaconda3\envs\ClassyVision2\lib\site-packages\urllib3\connection.py", line 806, in _ssl_wrap_socket_and_match_hostname
    ssl_sock = ssl_wrap_socket(
  File "D:\Users\Administrator\anaconda3\envs\ClassyVision2\lib\site-packages\urllib3\util\ssl_.py", line 465, in ssl_wrap_socket
    ssl_sock = _ssl_wrap_socket_impl(sock, context, tls_in_tls, server_hostname)
  File "D:\Users\Administrator\anaconda3\envs\ClassyVision2\lib\site-packages\urllib3\util\ssl_.py", line 509, in _ssl_wrap_socket_impl
    return ssl_context.wrap_socket(sock, server_hostname=server_hostname)
  File "D:\Users\Administrator\anaconda3\envs\ClassyVision2\lib\ssl.py", line 513, in wrap_socket
    return self.sslsocket_class._create(
  File "D:\Users\Administrator\anaconda3\envs\ClassyVision2\lib\ssl.py", line 1104, in _create
    self.do_handshake()
  File "D:\Users\Administrator\anaconda3\envs\ClassyVision2\lib\ssl.py", line 1375, in do_handshake
    self._sslobj.do_handshake()
ConnectionResetError: [WinError 10054] 远程主机强迫关闭了一个现有的连接。

During handling of the above exception, another exception occurred:

Traceback (most recent call last):
  File "D:\Users\Administrator\anaconda3\envs\ClassyVision2\lib\site-packages\requests\adapters.py", line 486, in send
    resp = conn.urlopen(
  File "D:\Users\Administrator\anaconda3\envs\ClassyVision2\lib\site-packages\urllib3\connectionpool.py", line 847, in urlopen
    retries = retries.increment(
  File "D:\Users\Administrator\anaconda3\envs\ClassyVision2\lib\site-packages\urllib3\util\retry.py", line 470, in increment
    raise reraise(type(error), error, _stacktrace)
  File "D:\Users\Administrator\anaconda3\envs\ClassyVision2\lib\site-packages\urllib3\util\util.py", line 38, in reraise
    raise value.with_traceback(tb)
  File "D:\Users\Administrator\anaconda3\envs\ClassyVision2\lib\site-packages\urllib3\connectionpool.py", line 793, in urlopen
    response = self._make_request(
  File "D:\Users\Administrator\anaconda3\envs\ClassyVision2\lib\site-packages\urllib3\connectionpool.py", line 491, in _make_request
    raise new_e
  File "D:\Users\Administrator\anaconda3\envs\ClassyVision2\lib\site-packages\urllib3\connectionpool.py", line 467, in _make_request
    self._validate_conn(conn)
  File "D:\Users\Administrator\anaconda3\envs\ClassyVision2\lib\site-packages\urllib3\connectionpool.py", line 1099, in _validate_conn
    conn.connect()
  File "D:\Users\Administrator\anaconda3\envs\ClassyVision2\lib\site-packages\urllib3\connection.py", line 653, in connect
    sock_and_verified = _ssl_wrap_socket_and_match_hostname(
  File "D:\Users\Administrator\anaconda3\envs\ClassyVision2\lib\site-packages\urllib3\connection.py", line 806, in _ssl_wrap_socket_and_match_hostname
    ssl_sock = ssl_wrap_socket(
  File "D:\Users\Administrator\anaconda3\envs\ClassyVision2\lib\site-packages\urllib3\util\ssl_.py", line 465, in ssl_wrap_socket
    ssl_sock = _ssl_wrap_socket_impl(sock, context, tls_in_tls, server_hostname)
  File "D:\Users\Administrator\anaconda3\envs\ClassyVision2\lib\site-packages\urllib3\util\ssl_.py", line 509, in _ssl_wrap_socket_impl
    return ssl_context.wrap_socket(sock, server_hostname=server_hostname)
  File "D:\Users\Administrator\anaconda3\envs\ClassyVision2\lib\ssl.py", line 513, in wrap_socket
    return self.sslsocket_class._create(
  File "D:\Users\Administrator\anaconda3\envs\ClassyVision2\lib\ssl.py", line 1104, in _create
    self.do_handshake()
  File "D:\Users\Administrator\anaconda3\envs\ClassyVision2\lib\ssl.py", line 1375, in do_handshake
    self._sslobj.do_handshake()
urllib3.exceptions.ProtocolError: ('Connection aborted.', ConnectionResetError(10054, '远程主机强迫关闭了一个现有的连接。', None, 10054, None))

During handling of the above exception, another exception occurred:

Traceback (most recent call last):
  File "D:\Users\Administrator\anaconda3\envs\ClassyVision2\lib\site-packages\wandb\sdk\internal\internal_api.py", line 2760, in upload_file
    response = self._upload_file_session.put(
  File "D:\Users\Administrator\anaconda3\envs\ClassyVision2\lib\site-packages\requests\sessions.py", line 649, in put
    return self.request("PUT", url, data=data, **kwargs)
  File "D:\Users\Administrator\anaconda3\envs\ClassyVision2\lib\site-packages\requests\sessions.py", line 589, in request
    resp = self.send(prep, **send_kwargs)
  File "D:\Users\Administrator\anaconda3\envs\ClassyVision2\lib\site-packages\requests\sessions.py", line 703, in send
    r = adapter.send(request, **kwargs)
  File "D:\Users\Administrator\anaconda3\envs\ClassyVision2\lib\site-packages\requests\adapters.py", line 501, in send
    raise ConnectionError(err, request=request)
requests.exceptions.ConnectionError: ('Connection aborted.', ConnectionResetError(10054, '远程主机强迫关闭了一个现有的连接。', None, 10054, None))

During handling of the above exception, another exception occurred:

Traceback (most recent call last):
  File "D:\Users\Administrator\anaconda3\envs\ClassyVision2\lib\site-packages\wandb\sdk\lib\retry.py", line 131, in __call__
    result = self._call_fn(*args, **kwargs)
  File "D:\Users\Administrator\anaconda3\envs\ClassyVision2\lib\site-packages\wandb\sdk\internal\internal_api.py", line 2791, in upload_file
    raise _e.with_traceback(sys.exc_info()[2])
  File "D:\Users\Administrator\anaconda3\envs\ClassyVision2\lib\site-packages\wandb\sdk\internal\internal_api.py", line 2760, in upload_file
    response = self._upload_file_session.put(
  File "D:\Users\Administrator\anaconda3\envs\ClassyVision2\lib\site-packages\requests\sessions.py", line 649, in put
    return self.request("PUT", url, data=data, **kwargs)
  File "D:\Users\Administrator\anaconda3\envs\ClassyVision2\lib\site-packages\requests\sessions.py", line 589, in request
    resp = self.send(prep, **send_kwargs)
  File "D:\Users\Administrator\anaconda3\envs\ClassyVision2\lib\site-packages\requests\sessions.py", line 703, in send
    r = adapter.send(request, **kwargs)
  File "D:\Users\Administrator\anaconda3\envs\ClassyVision2\lib\site-packages\requests\adapters.py", line 501, in send
    raise ConnectionError(err, request=request)
wandb.sdk.lib.retry.TransientError: None
2024-04-11 10:41:52,935 ERROR   wandb-upload_5:4340 [internal_api.py:upload_file():2767] upload_file exception https://storage.googleapis.com/wandb-production.appspot.com/beallhuang/YOLOv5/pzomywpp/media/images/Mosaics_0_7048b5fcc2452409d640.jpg?Expires=1712889691&GoogleAccessId=gorilla-files-url-signer-man%40wandb-production.iam.gserviceaccount.com&Signature=WuO6vcWDZ8Cpu1TzgyAi3S1xo2Ixfs4N6C65YdWsmFsjRqsEvMrXihC3GaCTWd2W9vde5RvTUgAve4LjOtHIVyy2zmtLWBoCdfPdA75ueDPtIXLDAFcaZU1s%2Fo3%2BOEO2uBazjkulrKZcO9nkQ0%2BjWKw7n03EpOGbKq%2BijbX540ANap7Oi9UbGL6j0ShBr0LrrE8CVBCaVq3jVxLfd1o4The33yCgL6T8pc61JvTgbEUtsof3RGitGJBarDCZUJgSlOS5lE%2Bg2Dr3bhpCCTnBFvMZZ%2FQMUUMnOHb%2FiS%2FE6kMdCYbHwpmFa0W12gIRVybO%2BkVydp4gItgwA7NoNCWVVg%3D%3D: ('Connection aborted.', ConnectionResetError(10054, '远程主机强迫关闭了一个现有的连接。', None, 10054, None))
2024-04-11 10:41:52,935 ERROR   wandb-upload_5:4340 [internal_api.py:upload_file():2769] upload_file request headers: {'User-Agent': 'python-requests/2.31.0', 'Accept-Encoding': 'gzip, deflate', 'Accept': '*/*', 'Connection': 'keep-alive', 'Content-Length': '208107'}
2024-04-11 10:41:52,935 ERROR   wandb-upload_5:4340 [internal_api.py:upload_file():2771] upload_file response body: 
2024-04-11 10:41:52,935 INFO    wandb-upload_5:4340 [retry.py:__call__():172] Retry attempt failed:
Traceback (most recent call last):
  File "D:\Users\Administrator\anaconda3\envs\ClassyVision2\lib\site-packages\urllib3\connectionpool.py", line 793, in urlopen
    response = self._make_request(
  File "D:\Users\Administrator\anaconda3\envs\ClassyVision2\lib\site-packages\urllib3\connectionpool.py", line 491, in _make_request
    raise new_e
  File "D:\Users\Administrator\anaconda3\envs\ClassyVision2\lib\site-packages\urllib3\connectionpool.py", line 467, in _make_request
    self._validate_conn(conn)
  File "D:\Users\Administrator\anaconda3\envs\ClassyVision2\lib\site-packages\urllib3\connectionpool.py", line 1099, in _validate_conn
    conn.connect()
  File "D:\Users\Administrator\anaconda3\envs\ClassyVision2\lib\site-packages\urllib3\connection.py", line 653, in connect
    sock_and_verified = _ssl_wrap_socket_and_match_hostname(
  File "D:\Users\Administrator\anaconda3\envs\ClassyVision2\lib\site-packages\urllib3\connection.py", line 806, in _ssl_wrap_socket_and_match_hostname
    ssl_sock = ssl_wrap_socket(
  File "D:\Users\Administrator\anaconda3\envs\ClassyVision2\lib\site-packages\urllib3\util\ssl_.py", line 465, in ssl_wrap_socket
    ssl_sock = _ssl_wrap_socket_impl(sock, context, tls_in_tls, server_hostname)
  File "D:\Users\Administrator\anaconda3\envs\ClassyVision2\lib\site-packages\urllib3\util\ssl_.py", line 509, in _ssl_wrap_socket_impl
    return ssl_context.wrap_socket(sock, server_hostname=server_hostname)
  File "D:\Users\Administrator\anaconda3\envs\ClassyVision2\lib\ssl.py", line 513, in wrap_socket
    return self.sslsocket_class._create(
  File "D:\Users\Administrator\anaconda3\envs\ClassyVision2\lib\ssl.py", line 1104, in _create
    self.do_handshake()
  File "D:\Users\Administrator\anaconda3\envs\ClassyVision2\lib\ssl.py", line 1375, in do_handshake
    self._sslobj.do_handshake()
ConnectionResetError: [WinError 10054] 远程主机强迫关闭了一个现有的连接。

During handling of the above exception, another exception occurred:

Traceback (most recent call last):
  File "D:\Users\Administrator\anaconda3\envs\ClassyVision2\lib\site-packages\requests\adapters.py", line 486, in send
    resp = conn.urlopen(
  File "D:\Users\Administrator\anaconda3\envs\ClassyVision2\lib\site-packages\urllib3\connectionpool.py", line 847, in urlopen
    retries = retries.increment(
  File "D:\Users\Administrator\anaconda3\envs\ClassyVision2\lib\site-packages\urllib3\util\retry.py", line 470, in increment
    raise reraise(type(error), error, _stacktrace)
  File "D:\Users\Administrator\anaconda3\envs\ClassyVision2\lib\site-packages\urllib3\util\util.py", line 38, in reraise
    raise value.with_traceback(tb)
  File "D:\Users\Administrator\anaconda3\envs\ClassyVision2\lib\site-packages\urllib3\connectionpool.py", line 793, in urlopen
    response = self._make_request(
  File "D:\Users\Administrator\anaconda3\envs\ClassyVision2\lib\site-packages\urllib3\connectionpool.py", line 491, in _make_request
    raise new_e
  File "D:\Users\Administrator\anaconda3\envs\ClassyVision2\lib\site-packages\urllib3\connectionpool.py", line 467, in _make_request
    self._validate_conn(conn)
  File "D:\Users\Administrator\anaconda3\envs\ClassyVision2\lib\site-packages\urllib3\connectionpool.py", line 1099, in _validate_conn
    conn.connect()
  File "D:\Users\Administrator\anaconda3\envs\ClassyVision2\lib\site-packages\urllib3\connection.py", line 653, in connect
    sock_and_verified = _ssl_wrap_socket_and_match_hostname(
  File "D:\Users\Administrator\anaconda3\envs\ClassyVision2\lib\site-packages\urllib3\connection.py", line 806, in _ssl_wrap_socket_and_match_hostname
    ssl_sock = ssl_wrap_socket(
  File "D:\Users\Administrator\anaconda3\envs\ClassyVision2\lib\site-packages\urllib3\util\ssl_.py", line 465, in ssl_wrap_socket
    ssl_sock = _ssl_wrap_socket_impl(sock, context, tls_in_tls, server_hostname)
  File "D:\Users\Administrator\anaconda3\envs\ClassyVision2\lib\site-packages\urllib3\util\ssl_.py", line 509, in _ssl_wrap_socket_impl
    return ssl_context.wrap_socket(sock, server_hostname=server_hostname)
  File "D:\Users\Administrator\anaconda3\envs\ClassyVision2\lib\ssl.py", line 513, in wrap_socket
    return self.sslsocket_class._create(
  File "D:\Users\Administrator\anaconda3\envs\ClassyVision2\lib\ssl.py", line 1104, in _create
    self.do_handshake()
  File "D:\Users\Administrator\anaconda3\envs\ClassyVision2\lib\ssl.py", line 1375, in do_handshake
    self._sslobj.do_handshake()
urllib3.exceptions.ProtocolError: ('Connection aborted.', ConnectionResetError(10054, '远程主机强迫关闭了一个现有的连接。', None, 10054, None))

During handling of the above exception, another exception occurred:

Traceback (most recent call last):
  File "D:\Users\Administrator\anaconda3\envs\ClassyVision2\lib\site-packages\wandb\sdk\internal\internal_api.py", line 2760, in upload_file
    response = self._upload_file_session.put(
  File "D:\Users\Administrator\anaconda3\envs\ClassyVision2\lib\site-packages\requests\sessions.py", line 649, in put
    return self.request("PUT", url, data=data, **kwargs)
  File "D:\Users\Administrator\anaconda3\envs\ClassyVision2\lib\site-packages\requests\sessions.py", line 589, in request
    resp = self.send(prep, **send_kwargs)
  File "D:\Users\Administrator\anaconda3\envs\ClassyVision2\lib\site-packages\requests\sessions.py", line 703, in send
    r = adapter.send(request, **kwargs)
  File "D:\Users\Administrator\anaconda3\envs\ClassyVision2\lib\site-packages\requests\adapters.py", line 501, in send
    raise ConnectionError(err, request=request)
requests.exceptions.ConnectionError: ('Connection aborted.', ConnectionResetError(10054, '远程主机强迫关闭了一个现有的连接。', None, 10054, None))

During handling of the above exception, another exception occurred:

Traceback (most recent call last):
  File "D:\Users\Administrator\anaconda3\envs\ClassyVision2\lib\site-packages\wandb\sdk\lib\retry.py", line 131, in __call__
    result = self._call_fn(*args, **kwargs)
  File "D:\Users\Administrator\anaconda3\envs\ClassyVision2\lib\site-packages\wandb\sdk\internal\internal_api.py", line 2791, in upload_file
    raise _e.with_traceback(sys.exc_info()[2])
  File "D:\Users\Administrator\anaconda3\envs\ClassyVision2\lib\site-packages\wandb\sdk\internal\internal_api.py", line 2760, in upload_file
    response = self._upload_file_session.put(
  File "D:\Users\Administrator\anaconda3\envs\ClassyVision2\lib\site-packages\requests\sessions.py", line 649, in put
    return self.request("PUT", url, data=data, **kwargs)
  File "D:\Users\Administrator\anaconda3\envs\ClassyVision2\lib\site-packages\requests\sessions.py", line 589, in request
    resp = self.send(prep, **send_kwargs)
  File "D:\Users\Administrator\anaconda3\envs\ClassyVision2\lib\site-packages\requests\sessions.py", line 703, in send
    r = adapter.send(request, **kwargs)
  File "D:\Users\Administrator\anaconda3\envs\ClassyVision2\lib\site-packages\requests\adapters.py", line 501, in send
    raise ConnectionError(err, request=request)
wandb.sdk.lib.retry.TransientError: None
2024-04-11 10:41:53,569 ERROR   wandb-upload_2:4340 [internal_api.py:upload_file():2767] upload_file exception https://storage.googleapis.com/wandb-production.appspot.com/beallhuang/YOLOv5/pzomywpp/media/images/Labels_0_dc702dc1a9f49492fdb7.jpg?Expires=1712889645&GoogleAccessId=gorilla-files-url-signer-man%40wandb-production.iam.gserviceaccount.com&Signature=Yn4vZK%2FT1LYdotEt7T%2FM5PmCP78Ry%2F7D1bBeLauJTZVMg47UDgz6WRPWP%2FUtN9VMBb0wGVRvsIMF2r8q1%2FeI7h1TrN%2BV4EGzVABQ%2B8dcb9gFIhkisSGdWBKUOgfwTtDj%2FcbjgjUZyHr8aa4eEQi0Vv3lf8NnvrxQtoWAyiPCoHQ5fUUgOAyJOpFlUIJVafhSRvctfQ0T3MvZHG9bKHLc42WeoUwqf4E8Kujk5fy4AplUJ%2BM57b2H9209vtBxttTaMqceLrv2iz8GtrhTmWB%2BD5Jx4l6E4lfigb3V7S41rj%2BNAsxxeK0py8RTMohdSZo4qxL%2FffYFj5nOtGMjF6xzxQ%3D%3D: ('Connection aborted.', ConnectionResetError(10054, '远程主机强迫关闭了一个现有的连接。', None, 10054, None))
2024-04-11 10:41:53,569 ERROR   wandb-upload_2:4340 [internal_api.py:upload_file():2769] upload_file request headers: {'User-Agent': 'python-requests/2.31.0', 'Accept-Encoding': 'gzip, deflate', 'Accept': '*/*', 'Connection': 'keep-alive', 'Content-Length': '161962'}
2024-04-11 10:41:53,569 ERROR   wandb-upload_2:4340 [internal_api.py:upload_file():2771] upload_file response body: 
2024-04-11 10:41:53,569 INFO    wandb-upload_2:4340 [retry.py:__call__():172] Retry attempt failed:
Traceback (most recent call last):
  File "D:\Users\Administrator\anaconda3\envs\ClassyVision2\lib\site-packages\urllib3\connectionpool.py", line 793, in urlopen
    response = self._make_request(
  File "D:\Users\Administrator\anaconda3\envs\ClassyVision2\lib\site-packages\urllib3\connectionpool.py", line 491, in _make_request
    raise new_e
  File "D:\Users\Administrator\anaconda3\envs\ClassyVision2\lib\site-packages\urllib3\connectionpool.py", line 467, in _make_request
    self._validate_conn(conn)
  File "D:\Users\Administrator\anaconda3\envs\ClassyVision2\lib\site-packages\urllib3\connectionpool.py", line 1099, in _validate_conn
    conn.connect()
  File "D:\Users\Administrator\anaconda3\envs\ClassyVision2\lib\site-packages\urllib3\connection.py", line 653, in connect
    sock_and_verified = _ssl_wrap_socket_and_match_hostname(
  File "D:\Users\Administrator\anaconda3\envs\ClassyVision2\lib\site-packages\urllib3\connection.py", line 806, in _ssl_wrap_socket_and_match_hostname
    ssl_sock = ssl_wrap_socket(
  File "D:\Users\Administrator\anaconda3\envs\ClassyVision2\lib\site-packages\urllib3\util\ssl_.py", line 465, in ssl_wrap_socket
    ssl_sock = _ssl_wrap_socket_impl(sock, context, tls_in_tls, server_hostname)
  File "D:\Users\Administrator\anaconda3\envs\ClassyVision2\lib\site-packages\urllib3\util\ssl_.py", line 509, in _ssl_wrap_socket_impl
    return ssl_context.wrap_socket(sock, server_hostname=server_hostname)
  File "D:\Users\Administrator\anaconda3\envs\ClassyVision2\lib\ssl.py", line 513, in wrap_socket
    return self.sslsocket_class._create(
  File "D:\Users\Administrator\anaconda3\envs\ClassyVision2\lib\ssl.py", line 1104, in _create
    self.do_handshake()
  File "D:\Users\Administrator\anaconda3\envs\ClassyVision2\lib\ssl.py", line 1375, in do_handshake
    self._sslobj.do_handshake()
ConnectionResetError: [WinError 10054] 远程主机强迫关闭了一个现有的连接。

During handling of the above exception, another exception occurred:

Traceback (most recent call last):
  File "D:\Users\Administrator\anaconda3\envs\ClassyVision2\lib\site-packages\requests\adapters.py", line 486, in send
    resp = conn.urlopen(
  File "D:\Users\Administrator\anaconda3\envs\ClassyVision2\lib\site-packages\urllib3\connectionpool.py", line 847, in urlopen
    retries = retries.increment(
  File "D:\Users\Administrator\anaconda3\envs\ClassyVision2\lib\site-packages\urllib3\util\retry.py", line 470, in increment
    raise reraise(type(error), error, _stacktrace)
  File "D:\Users\Administrator\anaconda3\envs\ClassyVision2\lib\site-packages\urllib3\util\util.py", line 38, in reraise
    raise value.with_traceback(tb)
  File "D:\Users\Administrator\anaconda3\envs\ClassyVision2\lib\site-packages\urllib3\connectionpool.py", line 793, in urlopen
    response = self._make_request(
  File "D:\Users\Administrator\anaconda3\envs\ClassyVision2\lib\site-packages\urllib3\connectionpool.py", line 491, in _make_request
    raise new_e
  File "D:\Users\Administrator\anaconda3\envs\ClassyVision2\lib\site-packages\urllib3\connectionpool.py", line 467, in _make_request
    self._validate_conn(conn)
  File "D:\Users\Administrator\anaconda3\envs\ClassyVision2\lib\site-packages\urllib3\connectionpool.py", line 1099, in _validate_conn
    conn.connect()
  File "D:\Users\Administrator\anaconda3\envs\ClassyVision2\lib\site-packages\urllib3\connection.py", line 653, in connect
    sock_and_verified = _ssl_wrap_socket_and_match_hostname(
  File "D:\Users\Administrator\anaconda3\envs\ClassyVision2\lib\site-packages\urllib3\connection.py", line 806, in _ssl_wrap_socket_and_match_hostname
    ssl_sock = ssl_wrap_socket(
  File "D:\Users\Administrator\anaconda3\envs\ClassyVision2\lib\site-packages\urllib3\util\ssl_.py", line 465, in ssl_wrap_socket
    ssl_sock = _ssl_wrap_socket_impl(sock, context, tls_in_tls, server_hostname)
  File "D:\Users\Administrator\anaconda3\envs\ClassyVision2\lib\site-packages\urllib3\util\ssl_.py", line 509, in _ssl_wrap_socket_impl
    return ssl_context.wrap_socket(sock, server_hostname=server_hostname)
  File "D:\Users\Administrator\anaconda3\envs\ClassyVision2\lib\ssl.py", line 513, in wrap_socket
    return self.sslsocket_class._create(
  File "D:\Users\Administrator\anaconda3\envs\ClassyVision2\lib\ssl.py", line 1104, in _create
    self.do_handshake()
  File "D:\Users\Administrator\anaconda3\envs\ClassyVision2\lib\ssl.py", line 1375, in do_handshake
    self._sslobj.do_handshake()
urllib3.exceptions.ProtocolError: ('Connection aborted.', ConnectionResetError(10054, '远程主机强迫关闭了一个现有的连接。', None, 10054, None))

During handling of the above exception, another exception occurred:

Traceback (most recent call last):
  File "D:\Users\Administrator\anaconda3\envs\ClassyVision2\lib\site-packages\wandb\sdk\internal\internal_api.py", line 2760, in upload_file
    response = self._upload_file_session.put(
  File "D:\Users\Administrator\anaconda3\envs\ClassyVision2\lib\site-packages\requests\sessions.py", line 649, in put
    return self.request("PUT", url, data=data, **kwargs)
  File "D:\Users\Administrator\anaconda3\envs\ClassyVision2\lib\site-packages\requests\sessions.py", line 589, in request
    resp = self.send(prep, **send_kwargs)
  File "D:\Users\Administrator\anaconda3\envs\ClassyVision2\lib\site-packages\requests\sessions.py", line 703, in send
    r = adapter.send(request, **kwargs)
  File "D:\Users\Administrator\anaconda3\envs\ClassyVision2\lib\site-packages\requests\adapters.py", line 501, in send
    raise ConnectionError(err, request=request)
requests.exceptions.ConnectionError: ('Connection aborted.', ConnectionResetError(10054, '远程主机强迫关闭了一个现有的连接。', None, 10054, None))

During handling of the above exception, another exception occurred:

Traceback (most recent call last):
  File "D:\Users\Administrator\anaconda3\envs\ClassyVision2\lib\site-packages\wandb\sdk\lib\retry.py", line 131, in __call__
    result = self._call_fn(*args, **kwargs)
  File "D:\Users\Administrator\anaconda3\envs\ClassyVision2\lib\site-packages\wandb\sdk\internal\internal_api.py", line 2791, in upload_file
    raise _e.with_traceback(sys.exc_info()[2])
  File "D:\Users\Administrator\anaconda3\envs\ClassyVision2\lib\site-packages\wandb\sdk\internal\internal_api.py", line 2760, in upload_file
    response = self._upload_file_session.put(
  File "D:\Users\Administrator\anaconda3\envs\ClassyVision2\lib\site-packages\requests\sessions.py", line 649, in put
    return self.request("PUT", url, data=data, **kwargs)
  File "D:\Users\Administrator\anaconda3\envs\ClassyVision2\lib\site-packages\requests\sessions.py", line 589, in request
    resp = self.send(prep, **send_kwargs)
  File "D:\Users\Administrator\anaconda3\envs\ClassyVision2\lib\site-packages\requests\sessions.py", line 703, in send
    r = adapter.send(request, **kwargs)
  File "D:\Users\Administrator\anaconda3\envs\ClassyVision2\lib\site-packages\requests\adapters.py", line 501, in send
    raise ConnectionError(err, request=request)
wandb.sdk.lib.retry.TransientError: None
2024-04-11 10:41:53,767 ERROR   gpu       :4340 [interfaces.py:monitor():144] Failed to sample metric: Not Supported
2024-04-11 10:41:53,767 ERROR   gpu       :4340 [interfaces.py:monitor():144] Failed to sample metric: Not Supported
2024-04-11 10:41:53,934 ERROR   wandb-upload_1:4340 [internal_api.py:upload_file():2767] upload_file exception https://storage.googleapis.com/wandb-production.appspot.com/beallhuang/YOLOv5/pzomywpp/media/images/Labels_0_7b7bbe6d6ad3ad4e2a51.jpg?Expires=1712889645&GoogleAccessId=gorilla-files-url-signer-man%40wandb-production.iam.gserviceaccount.com&Signature=Zhqzj6K9WARuNRKVdCIu3p3UlMlP%2F9hUoNPUwnU8uSC51h0A7XEeun06hJyRmwzG1758mu6ZqF7wOOrh6EsN3g6sZY3Do%2B77AfxMWAEuMtRjnvZG4GHalHSKhJTJYIliD5Jnxa4%2Bchj6%2FAZ6tD2HJBmRUY4Y0WOSgkH6o%2BQWUbi7RhdnSBMb5xdPOHBGzbZCkIQA0cgOV3TDIpjtKAa2GtwVglDQCjKF%2FNlhpIkTWtcettTqTo5Z3OySsSLDQRsHYHuS64IOkImovsFDe%2FT3FnMunW4CoDdGZS2M3b0S3hzZz16sZ66tQeoXlcG179AwnuZId95VzifRbNoCyMpW6Q%3D%3D: ('Connection aborted.', ConnectionResetError(10054, '远程主机强迫关闭了一个现有的连接。', None, 10054, None))
2024-04-11 10:41:53,934 ERROR   wandb-upload_1:4340 [internal_api.py:upload_file():2769] upload_file request headers: {'User-Agent': 'python-requests/2.31.0', 'Accept-Encoding': 'gzip, deflate', 'Accept': '*/*', 'Connection': 'keep-alive', 'Content-Length': '99194'}
2024-04-11 10:41:53,934 ERROR   wandb-upload_1:4340 [internal_api.py:upload_file():2771] upload_file response body: 
2024-04-11 10:41:54,187 INFO    Thread-16 :4340 [dir_watcher.py:_on_file_modified():288] file/dir modified: E:\JD_PROJECT\project\ClassyVision\wandb\run-20240411_104035-pzomywpp\files\output.log
2024-04-11 10:41:55,327 DEBUG   HandlerThread:4340 [handler.py:handle_request():146] handle_request: status_report
2024-04-11 10:41:55,789 ERROR   gpu       :4340 [interfaces.py:monitor():144] Failed to sample metric: Not Supported
2024-04-11 10:41:55,789 ERROR   gpu       :4340 [interfaces.py:monitor():144] Failed to sample metric: Not Supported
2024-04-11 10:41:56,204 INFO    Thread-16 :4340 [dir_watcher.py:_on_file_modified():288] file/dir modified: E:\JD_PROJECT\project\ClassyVision\wandb\run-20240411_104035-pzomywpp\files\output.log
2024-04-11 10:41:57,614 DEBUG   HandlerThread:4340 [handler.py:handle_request():146] handle_request: internal_messages
2024-04-11 10:41:57,615 DEBUG   HandlerThread:4340 [handler.py:handle_request():146] handle_request: stop_status
2024-04-11 10:41:57,616 DEBUG   SenderThread:4340 [sender.py:send_request():406] send_request: stop_status
2024-04-11 10:41:57,798 ERROR   gpu       :4340 [interfaces.py:monitor():144] Failed to sample metric: Not Supported
2024-04-11 10:41:57,798 ERROR   gpu       :4340 [interfaces.py:monitor():144] Failed to sample metric: Not Supported
2024-04-11 10:41:58,220 INFO    Thread-16 :4340 [dir_watcher.py:_on_file_modified():288] file/dir modified: E:\JD_PROJECT\project\ClassyVision\wandb\run-20240411_104035-pzomywpp\files\output.log
2024-04-11 10:41:59,815 ERROR   gpu       :4340 [interfaces.py:monitor():144] Failed to sample metric: Not Supported
2024-04-11 10:41:59,815 ERROR   gpu       :4340 [interfaces.py:monitor():144] Failed to sample metric: Not Supported
2024-04-11 10:42:00,227 INFO    Thread-16 :4340 [dir_watcher.py:_on_file_modified():288] file/dir modified: E:\JD_PROJECT\project\ClassyVision\wandb\run-20240411_104035-pzomywpp\files\output.log
2024-04-11 10:42:00,437 DEBUG   HandlerThread:4340 [handler.py:handle_request():146] handle_request: status_report
2024-04-11 10:42:01,829 ERROR   gpu       :4340 [interfaces.py:monitor():144] Failed to sample metric: Not Supported
2024-04-11 10:42:01,829 ERROR   gpu       :4340 [interfaces.py:monitor():144] Failed to sample metric: Not Supported
2024-04-11 10:42:02,235 INFO    Thread-16 :4340 [dir_watcher.py:_on_file_modified():288] file/dir modified: E:\JD_PROJECT\project\ClassyVision\wandb\run-20240411_104035-pzomywpp\files\output.log
2024-04-11 10:42:03,849 ERROR   gpu       :4340 [interfaces.py:monitor():144] Failed to sample metric: Not Supported
2024-04-11 10:42:03,849 ERROR   gpu       :4340 [interfaces.py:monitor():144] Failed to sample metric: Not Supported
2024-04-11 10:42:04,240 INFO    Thread-16 :4340 [dir_watcher.py:_on_file_modified():288] file/dir modified: E:\JD_PROJECT\project\ClassyVision\wandb\run-20240411_104035-pzomywpp\files\output.log
2024-04-11 10:42:05,538 DEBUG   HandlerThread:4340 [handler.py:handle_request():146] handle_request: status_report
2024-04-11 10:42:05,869 ERROR   gpu       :4340 [interfaces.py:monitor():144] Failed to sample metric: Not Supported
2024-04-11 10:42:05,869 ERROR   gpu       :4340 [interfaces.py:monitor():144] Failed to sample metric: Not Supported
2024-04-11 10:42:06,258 INFO    Thread-16 :4340 [dir_watcher.py:_on_file_modified():288] file/dir modified: E:\JD_PROJECT\project\ClassyVision\wandb\run-20240411_104035-pzomywpp\files\output.log
2024-04-11 10:42:07,182 DEBUG   SenderThread:4340 [sender.py:send():379] send: stats
2024-04-11 10:42:07,909 ERROR   gpu       :4340 [interfaces.py:aggregate():161] Failed to serialize metric: division by zero
2024-04-11 10:42:07,910 ERROR   gpu       :4340 [interfaces.py:monitor():144] Failed to sample metric: Not Supported
2024-04-11 10:42:07,910 ERROR   gpu       :4340 [interfaces.py:monitor():144] Failed to sample metric: Not Supported
2024-04-11 10:42:08,275 INFO    Thread-16 :4340 [dir_watcher.py:_on_file_modified():288] file/dir modified: E:\JD_PROJECT\project\ClassyVision\wandb\run-20240411_104035-pzomywpp\files\output.log
2024-04-11 10:42:09,919 ERROR   gpu       :4340 [interfaces.py:monitor():144] Failed to sample metric: Not Supported
2024-04-11 10:42:09,919 ERROR   gpu       :4340 [interfaces.py:monitor():144] Failed to sample metric: Not Supported
2024-04-11 10:42:11,223 DEBUG   HandlerThread:4340 [handler.py:handle_request():146] handle_request: status_report
2024-04-11 10:42:11,934 ERROR   gpu       :4340 [interfaces.py:monitor():144] Failed to sample metric: Not Supported
2024-04-11 10:42:11,934 ERROR   gpu       :4340 [interfaces.py:monitor():144] Failed to sample metric: Not Supported
2024-04-11 10:42:12,614 DEBUG   HandlerThread:4340 [handler.py:handle_request():146] handle_request: internal_messages
2024-04-11 10:42:12,615 DEBUG   HandlerThread:4340 [handler.py:handle_request():146] handle_request: stop_status
2024-04-11 10:42:12,615 DEBUG   SenderThread:4340 [sender.py:send_request():406] send_request: stop_status
2024-04-11 10:42:13,944 ERROR   gpu       :4340 [interfaces.py:monitor():144] Failed to sample metric: Not Supported
2024-04-11 10:42:13,944 ERROR   gpu       :4340 [interfaces.py:monitor():144] Failed to sample metric: Not Supported
2024-04-11 10:42:15,190 ERROR   wandb-upload_4:4340 [internal_api.py:upload_file():2767] upload_file exception https://storage.googleapis.com/wandb-production.appspot.com/beallhuang/YOLOv5/pzomywpp/media/images/Mosaics_0_a46177c02731e285c55f.jpg?Expires=1712889691&GoogleAccessId=gorilla-files-url-signer-man%40wandb-production.iam.gserviceaccount.com&Signature=XlBYJS2MGrPas5D37S70ZPZl3mIGXimk0Ii5mB5LYx1ipIjlBUdxLrtGXgCOp0wyQeRigO0v8F6SZADpYHfZT%2ByE9aGlgYM6EdJGc8KAXk9ttRUEcuOVZpIzAkcP9scCutcD%2Bz%2FyQ4A%2B7QZPrv%2FbYAeIQ%2BkRPdwIo2M0sWdLqyUHmWaPpHYihZZk12kZGZZHx0OfKUMgrxzXX0KDRdR1a3Z4NSFBmuhmu6YOhqA20nNfP2vVSOFg9BKQPytWM41xgeb0E4tK2grCmjPy5AVBT5yFsHErNaP1ObpFD4ia4LT1kzqq8qHqtzQgNWBr%2BXuWsZYTFqxh1uT8AaHfUlhvUw%3D%3D: ('Connection aborted.', ConnectionResetError(10054, '远程主机强迫关闭了一个现有的连接。', None, 10054, None))
2024-04-11 10:42:15,190 ERROR   wandb-upload_4:4340 [internal_api.py:upload_file():2769] upload_file request headers: {'User-Agent': 'python-requests/2.31.0', 'Accept-Encoding': 'gzip, deflate', 'Accept': '*/*', 'Connection': 'keep-alive', 'Content-Length': '252096'}
2024-04-11 10:42:15,190 ERROR   wandb-upload_4:4340 [internal_api.py:upload_file():2771] upload_file response body: 
2024-04-11 10:42:15,203 ERROR   wandb-upload_3:4340 [internal_api.py:upload_file():2767] upload_file exception https://storage.googleapis.com/wandb-production.appspot.com/beallhuang/YOLOv5/pzomywpp/media/images/Mosaics_0_48278ab5587e817d7f89.jpg?Expires=1712889691&GoogleAccessId=gorilla-files-url-signer-man%40wandb-production.iam.gserviceaccount.com&Signature=V76Adwio%2BaoNGAZiSlc3LXr9hjzmXhyGhNXq6CNnTEvv8%2BmfMlsnU7wUnE%2FCpARicEr%2F%2BH2HfcJzuG6HejtAV5VlqJIOp7ErkEAn6MKZ0gZhB6OR13c8dMcNf9Ko3X26CKhbcHPlIajAzfnBhgm3ZPADB3u2LdjGxOyQKu1smpTgx%2BAL0aa5EcgGhtxA9DvwbjqrsA1puBdJ%2FR0emQYr%2Frev6ZN4pnDk6uViGf%2BD1oChEKjsAegykovuzfrSXpOq6KhR%2FfqlEGC%2FESK%2FzakJN0N6ZaMDcTnH0TfphiZIVsrF3WBNEgjIvl2ndpggvwYjGxF6Ie6OKVbfUhTJS4KLmw%3D%3D: ('Connection aborted.', ConnectionResetError(10054, '远程主机强迫关闭了一个现有的连接。', None, 10054, None))
2024-04-11 10:42:15,204 ERROR   wandb-upload_3:4340 [internal_api.py:upload_file():2769] upload_file request headers: {'User-Agent': 'python-requests/2.31.0', 'Accept-Encoding': 'gzip, deflate', 'Accept': '*/*', 'Connection': 'keep-alive', 'Content-Length': '259387'}
2024-04-11 10:42:15,204 ERROR   wandb-upload_3:4340 [internal_api.py:upload_file():2771] upload_file response body: 
2024-04-11 10:42:15,369 ERROR   wandb-upload_0:4340 [internal_api.py:upload_file():2767] upload_file exception https://storage.googleapis.com/wandb-production.appspot.com/beallhuang/YOLOv5/pzomywpp/wandb-metadata.json?Expires=1712889642&GoogleAccessId=gorilla-files-url-signer-man%40wandb-production.iam.gserviceaccount.com&Signature=aWWWJyRg1vHpn1a3Jhqdto%2F7TH4mR9M%2BoN8v5yy5520089gqnJc%2BLJN9QZVR3FNZnKiWXlPhN7A5iEfXseCBFG1JQGpxt5J3oe0rdgcPcU6O%2Bs%2FCeICo26HS1lm0PfwANH6CKw42mnDMAXmRj9%2B4978%2FnBM%2FyL%2F2K39T2D4JgFwfQIYTpX30gLmOuQSPNtgoWr18nH2pn%2FI6WZN9dSHzYyooqK1Q0K6Xgs61G3PJgeGMsZO2%2BX5QayxMrun4NsOdFZ0%2Bv0NBQkl1caDU41oYQ4Q4zQWICU1eMGWJEQur%2FCkTAnZkaacE6cD6PnLOIIPQfQ8A%2FnR7gy8S36ULZwUvXg%3D%3D: ('Connection aborted.', ConnectionResetError(10054, '远程主机强迫关闭了一个现有的连接。', None, 10054, None))
2024-04-11 10:42:15,369 ERROR   wandb-upload_0:4340 [internal_api.py:upload_file():2769] upload_file request headers: {'User-Agent': 'python-requests/2.31.0', 'Accept-Encoding': 'gzip, deflate', 'Accept': '*/*', 'Connection': 'keep-alive', 'Content-Length': '1342'}
2024-04-11 10:42:15,370 ERROR   wandb-upload_0:4340 [internal_api.py:upload_file():2771] upload_file response body: 
2024-04-11 10:42:15,526 ERROR   wandb-upload_5:4340 [internal_api.py:upload_file():2767] upload_file exception https://storage.googleapis.com/wandb-production.appspot.com/beallhuang/YOLOv5/pzomywpp/media/images/Mosaics_0_7048b5fcc2452409d640.jpg?Expires=1712889691&GoogleAccessId=gorilla-files-url-signer-man%40wandb-production.iam.gserviceaccount.com&Signature=WuO6vcWDZ8Cpu1TzgyAi3S1xo2Ixfs4N6C65YdWsmFsjRqsEvMrXihC3GaCTWd2W9vde5RvTUgAve4LjOtHIVyy2zmtLWBoCdfPdA75ueDPtIXLDAFcaZU1s%2Fo3%2BOEO2uBazjkulrKZcO9nkQ0%2BjWKw7n03EpOGbKq%2BijbX540ANap7Oi9UbGL6j0ShBr0LrrE8CVBCaVq3jVxLfd1o4The33yCgL6T8pc61JvTgbEUtsof3RGitGJBarDCZUJgSlOS5lE%2Bg2Dr3bhpCCTnBFvMZZ%2FQMUUMnOHb%2FiS%2FE6kMdCYbHwpmFa0W12gIRVybO%2BkVydp4gItgwA7NoNCWVVg%3D%3D: ('Connection aborted.', ConnectionResetError(10054, '远程主机强迫关闭了一个现有的连接。', None, 10054, None))
2024-04-11 10:42:15,526 ERROR   wandb-upload_5:4340 [internal_api.py:upload_file():2769] upload_file request headers: {'User-Agent': 'python-requests/2.31.0', 'Accept-Encoding': 'gzip, deflate', 'Accept': '*/*', 'Connection': 'keep-alive', 'Content-Length': '208107'}
2024-04-11 10:42:15,526 ERROR   wandb-upload_5:4340 [internal_api.py:upload_file():2771] upload_file response body: 
2024-04-11 10:42:15,953 ERROR   gpu       :4340 [interfaces.py:monitor():144] Failed to sample metric: Not Supported
2024-04-11 10:42:15,953 ERROR   gpu       :4340 [interfaces.py:monitor():144] Failed to sample metric: Not Supported
2024-04-11 10:42:16,932 DEBUG   HandlerThread:4340 [handler.py:handle_request():146] handle_request: status_report
2024-04-11 10:42:17,976 ERROR   gpu       :4340 [interfaces.py:monitor():144] Failed to sample metric: Not Supported
2024-04-11 10:42:17,976 ERROR   gpu       :4340 [interfaces.py:monitor():144] Failed to sample metric: Not Supported
2024-04-11 10:42:19,275 ERROR   wandb-upload_2:4340 [internal_api.py:upload_file():2767] upload_file exception https://storage.googleapis.com/wandb-production.appspot.com/beallhuang/YOLOv5/pzomywpp/media/images/Labels_0_dc702dc1a9f49492fdb7.jpg?Expires=1712889645&GoogleAccessId=gorilla-files-url-signer-man%40wandb-production.iam.gserviceaccount.com&Signature=Yn4vZK%2FT1LYdotEt7T%2FM5PmCP78Ry%2F7D1bBeLauJTZVMg47UDgz6WRPWP%2FUtN9VMBb0wGVRvsIMF2r8q1%2FeI7h1TrN%2BV4EGzVABQ%2B8dcb9gFIhkisSGdWBKUOgfwTtDj%2FcbjgjUZyHr8aa4eEQi0Vv3lf8NnvrxQtoWAyiPCoHQ5fUUgOAyJOpFlUIJVafhSRvctfQ0T3MvZHG9bKHLc42WeoUwqf4E8Kujk5fy4AplUJ%2BM57b2H9209vtBxttTaMqceLrv2iz8GtrhTmWB%2BD5Jx4l6E4lfigb3V7S41rj%2BNAsxxeK0py8RTMohdSZo4qxL%2FffYFj5nOtGMjF6xzxQ%3D%3D: ('Connection aborted.', ConnectionResetError(10054, '远程主机强迫关闭了一个现有的连接。', None, 10054, None))
2024-04-11 10:42:19,275 ERROR   wandb-upload_2:4340 [internal_api.py:upload_file():2769] upload_file request headers: {'User-Agent': 'python-requests/2.31.0', 'Accept-Encoding': 'gzip, deflate', 'Accept': '*/*', 'Connection': 'keep-alive', 'Content-Length': '161962'}
2024-04-11 10:42:19,275 ERROR   wandb-upload_2:4340 [internal_api.py:upload_file():2771] upload_file response body: 
2024-04-11 10:42:19,992 ERROR   gpu       :4340 [interfaces.py:monitor():144] Failed to sample metric: Not Supported
2024-04-11 10:42:19,993 ERROR   gpu       :4340 [interfaces.py:monitor():144] Failed to sample metric: Not Supported
2024-04-11 10:42:20,022 ERROR   wandb-upload_1:4340 [internal_api.py:upload_file():2767] upload_file exception https://storage.googleapis.com/wandb-production.appspot.com/beallhuang/YOLOv5/pzomywpp/media/images/Labels_0_7b7bbe6d6ad3ad4e2a51.jpg?Expires=1712889645&GoogleAccessId=gorilla-files-url-signer-man%40wandb-production.iam.gserviceaccount.com&Signature=Zhqzj6K9WARuNRKVdCIu3p3UlMlP%2F9hUoNPUwnU8uSC51h0A7XEeun06hJyRmwzG1758mu6ZqF7wOOrh6EsN3g6sZY3Do%2B77AfxMWAEuMtRjnvZG4GHalHSKhJTJYIliD5Jnxa4%2Bchj6%2FAZ6tD2HJBmRUY4Y0WOSgkH6o%2BQWUbi7RhdnSBMb5xdPOHBGzbZCkIQA0cgOV3TDIpjtKAa2GtwVglDQCjKF%2FNlhpIkTWtcettTqTo5Z3OySsSLDQRsHYHuS64IOkImovsFDe%2FT3FnMunW4CoDdGZS2M3b0S3hzZz16sZ66tQeoXlcG179AwnuZId95VzifRbNoCyMpW6Q%3D%3D: ('Connection aborted.', ConnectionResetError(10054, '远程主机强迫关闭了一个现有的连接。', None, 10054, None))
2024-04-11 10:42:20,022 ERROR   wandb-upload_1:4340 [internal_api.py:upload_file():2769] upload_file request headers: {'User-Agent': 'python-requests/2.31.0', 'Accept-Encoding': 'gzip, deflate', 'Accept': '*/*', 'Connection': 'keep-alive', 'Content-Length': '99194'}
2024-04-11 10:42:20,022 ERROR   wandb-upload_1:4340 [internal_api.py:upload_file():2771] upload_file response body: 
2024-04-11 10:42:22,002 ERROR   gpu       :4340 [interfaces.py:monitor():144] Failed to sample metric: Not Supported
2024-04-11 10:42:22,002 ERROR   gpu       :4340 [interfaces.py:monitor():144] Failed to sample metric: Not Supported
2024-04-11 10:42:22,010 DEBUG   HandlerThread:4340 [handler.py:handle_request():146] handle_request: status_report
2024-04-11 10:42:24,024 ERROR   gpu       :4340 [interfaces.py:monitor():144] Failed to sample metric: Not Supported
2024-04-11 10:42:24,024 ERROR   gpu       :4340 [interfaces.py:monitor():144] Failed to sample metric: Not Supported
2024-04-11 10:42:26,039 ERROR   gpu       :4340 [interfaces.py:monitor():144] Failed to sample metric: Not Supported
2024-04-11 10:42:26,039 ERROR   gpu       :4340 [interfaces.py:monitor():144] Failed to sample metric: Not Supported
2024-04-11 10:42:27,039 DEBUG   HandlerThread:4340 [handler.py:handle_request():146] handle_request: status_report
2024-04-11 10:42:27,612 DEBUG   HandlerThread:4340 [handler.py:handle_request():146] handle_request: stop_status
2024-04-11 10:42:27,612 DEBUG   SenderThread:4340 [sender.py:send_request():406] send_request: stop_status
2024-04-11 10:42:27,627 DEBUG   HandlerThread:4340 [handler.py:handle_request():146] handle_request: internal_messages
2024-04-11 10:42:28,060 ERROR   gpu       :4340 [interfaces.py:monitor():144] Failed to sample metric: Not Supported
2024-04-11 10:42:28,060 ERROR   gpu       :4340 [interfaces.py:monitor():144] Failed to sample metric: Not Supported
2024-04-11 10:42:28,330 ERROR   wandb-upload_2:4340 [internal_api.py:upload_file():2767] upload_file exception https://storage.googleapis.com/wandb-production.appspot.com/beallhuang/YOLOv5/pzomywpp/media/images/Labels_0_dc702dc1a9f49492fdb7.jpg?Expires=1712889645&GoogleAccessId=gorilla-files-url-signer-man%40wandb-production.iam.gserviceaccount.com&Signature=Yn4vZK%2FT1LYdotEt7T%2FM5PmCP78Ry%2F7D1bBeLauJTZVMg47UDgz6WRPWP%2FUtN9VMBb0wGVRvsIMF2r8q1%2FeI7h1TrN%2BV4EGzVABQ%2B8dcb9gFIhkisSGdWBKUOgfwTtDj%2FcbjgjUZyHr8aa4eEQi0Vv3lf8NnvrxQtoWAyiPCoHQ5fUUgOAyJOpFlUIJVafhSRvctfQ0T3MvZHG9bKHLc42WeoUwqf4E8Kujk5fy4AplUJ%2BM57b2H9209vtBxttTaMqceLrv2iz8GtrhTmWB%2BD5Jx4l6E4lfigb3V7S41rj%2BNAsxxeK0py8RTMohdSZo4qxL%2FffYFj5nOtGMjF6xzxQ%3D%3D: ('Connection aborted.', ConnectionResetError(10054, '远程主机强迫关闭了一个现有的连接。', None, 10054, None))
2024-04-11 10:42:28,330 ERROR   wandb-upload_2:4340 [internal_api.py:upload_file():2769] upload_file request headers: {'User-Agent': 'python-requests/2.31.0', 'Accept-Encoding': 'gzip, deflate', 'Accept': '*/*', 'Connection': 'keep-alive', 'Content-Length': '161962'}
2024-04-11 10:42:28,331 ERROR   wandb-upload_2:4340 [internal_api.py:upload_file():2771] upload_file response body: 
2024-04-11 10:42:30,081 ERROR   gpu       :4340 [interfaces.py:monitor():144] Failed to sample metric: Not Supported
2024-04-11 10:42:30,081 ERROR   gpu       :4340 [interfaces.py:monitor():144] Failed to sample metric: Not Supported
2024-04-11 10:42:30,136 ERROR   wandb-upload_1:4340 [internal_api.py:upload_file():2767] upload_file exception https://storage.googleapis.com/wandb-production.appspot.com/beallhuang/YOLOv5/pzomywpp/media/images/Labels_0_7b7bbe6d6ad3ad4e2a51.jpg?Expires=1712889645&GoogleAccessId=gorilla-files-url-signer-man%40wandb-production.iam.gserviceaccount.com&Signature=Zhqzj6K9WARuNRKVdCIu3p3UlMlP%2F9hUoNPUwnU8uSC51h0A7XEeun06hJyRmwzG1758mu6ZqF7wOOrh6EsN3g6sZY3Do%2B77AfxMWAEuMtRjnvZG4GHalHSKhJTJYIliD5Jnxa4%2Bchj6%2FAZ6tD2HJBmRUY4Y0WOSgkH6o%2BQWUbi7RhdnSBMb5xdPOHBGzbZCkIQA0cgOV3TDIpjtKAa2GtwVglDQCjKF%2FNlhpIkTWtcettTqTo5Z3OySsSLDQRsHYHuS64IOkImovsFDe%2FT3FnMunW4CoDdGZS2M3b0S3hzZz16sZ66tQeoXlcG179AwnuZId95VzifRbNoCyMpW6Q%3D%3D: ('Connection aborted.', ConnectionResetError(10054, '远程主机强迫关闭了一个现有的连接。', None, 10054, None))
2024-04-11 10:42:30,137 ERROR   wandb-upload_1:4340 [internal_api.py:upload_file():2769] upload_file request headers: {'User-Agent': 'python-requests/2.31.0', 'Accept-Encoding': 'gzip, deflate', 'Accept': '*/*', 'Connection': 'keep-alive', 'Content-Length': '99194'}
2024-04-11 10:42:30,137 ERROR   wandb-upload_1:4340 [internal_api.py:upload_file():2771] upload_file response body: 
2024-04-11 10:42:32,103 ERROR   gpu       :4340 [interfaces.py:monitor():144] Failed to sample metric: Not Supported
2024-04-11 10:42:32,104 ERROR   gpu       :4340 [interfaces.py:monitor():144] Failed to sample metric: Not Supported
2024-04-11 10:42:32,965 DEBUG   HandlerThread:4340 [handler.py:handle_request():146] handle_request: status_report
2024-04-11 10:42:34,126 ERROR   gpu       :4340 [interfaces.py:monitor():144] Failed to sample metric: Not Supported
2024-04-11 10:42:34,126 ERROR   gpu       :4340 [interfaces.py:monitor():144] Failed to sample metric: Not Supported
2024-04-11 10:42:36,137 ERROR   gpu       :4340 [interfaces.py:monitor():144] Failed to sample metric: Not Supported
2024-04-11 10:42:36,137 ERROR   gpu       :4340 [interfaces.py:monitor():144] Failed to sample metric: Not Supported
2024-04-11 10:42:37,191 DEBUG   SenderThread:4340 [sender.py:send():379] send: stats
2024-04-11 10:42:38,172 ERROR   gpu       :4340 [interfaces.py:aggregate():161] Failed to serialize metric: division by zero
2024-04-11 10:42:38,173 ERROR   gpu       :4340 [interfaces.py:monitor():144] Failed to sample metric: Not Supported
2024-04-11 10:42:38,173 ERROR   gpu       :4340 [interfaces.py:monitor():144] Failed to sample metric: Not Supported
2024-04-11 10:42:38,192 DEBUG   HandlerThread:4340 [handler.py:handle_request():146] handle_request: status_report
2024-04-11 10:42:38,520 INFO    Thread-16 :4340 [dir_watcher.py:_on_file_modified():288] file/dir modified: E:\JD_PROJECT\project\ClassyVision\wandb\run-20240411_104035-pzomywpp\files\output.log
2024-04-11 10:42:38,860 ERROR   wandb-upload_4:4340 [internal_api.py:upload_file():2767] upload_file exception https://storage.googleapis.com/wandb-production.appspot.com/beallhuang/YOLOv5/pzomywpp/media/images/Mosaics_0_a46177c02731e285c55f.jpg?Expires=1712889691&GoogleAccessId=gorilla-files-url-signer-man%40wandb-production.iam.gserviceaccount.com&Signature=XlBYJS2MGrPas5D37S70ZPZl3mIGXimk0Ii5mB5LYx1ipIjlBUdxLrtGXgCOp0wyQeRigO0v8F6SZADpYHfZT%2ByE9aGlgYM6EdJGc8KAXk9ttRUEcuOVZpIzAkcP9scCutcD%2Bz%2FyQ4A%2B7QZPrv%2FbYAeIQ%2BkRPdwIo2M0sWdLqyUHmWaPpHYihZZk12kZGZZHx0OfKUMgrxzXX0KDRdR1a3Z4NSFBmuhmu6YOhqA20nNfP2vVSOFg9BKQPytWM41xgeb0E4tK2grCmjPy5AVBT5yFsHErNaP1ObpFD4ia4LT1kzqq8qHqtzQgNWBr%2BXuWsZYTFqxh1uT8AaHfUlhvUw%3D%3D: ('Connection aborted.', ConnectionResetError(10054, '远程主机强迫关闭了一个现有的连接。', None, 10054, None))
2024-04-11 10:42:38,860 ERROR   wandb-upload_4:4340 [internal_api.py:upload_file():2769] upload_file request headers: {'User-Agent': 'python-requests/2.31.0', 'Accept-Encoding': 'gzip, deflate', 'Accept': '*/*', 'Connection': 'keep-alive', 'Content-Length': '252096'}
2024-04-11 10:42:38,860 ERROR   wandb-upload_4:4340 [internal_api.py:upload_file():2771] upload_file response body: 
2024-04-11 10:42:38,886 ERROR   wandb-upload_3:4340 [internal_api.py:upload_file():2767] upload_file exception https://storage.googleapis.com/wandb-production.appspot.com/beallhuang/YOLOv5/pzomywpp/media/images/Mosaics_0_48278ab5587e817d7f89.jpg?Expires=1712889691&GoogleAccessId=gorilla-files-url-signer-man%40wandb-production.iam.gserviceaccount.com&Signature=V76Adwio%2BaoNGAZiSlc3LXr9hjzmXhyGhNXq6CNnTEvv8%2BmfMlsnU7wUnE%2FCpARicEr%2F%2BH2HfcJzuG6HejtAV5VlqJIOp7ErkEAn6MKZ0gZhB6OR13c8dMcNf9Ko3X26CKhbcHPlIajAzfnBhgm3ZPADB3u2LdjGxOyQKu1smpTgx%2BAL0aa5EcgGhtxA9DvwbjqrsA1puBdJ%2FR0emQYr%2Frev6ZN4pnDk6uViGf%2BD1oChEKjsAegykovuzfrSXpOq6KhR%2FfqlEGC%2FESK%2FzakJN0N6ZaMDcTnH0TfphiZIVsrF3WBNEgjIvl2ndpggvwYjGxF6Ie6OKVbfUhTJS4KLmw%3D%3D: ('Connection aborted.', ConnectionResetError(10054, '远程主机强迫关闭了一个现有的连接。', None, 10054, None))
2024-04-11 10:42:38,886 ERROR   wandb-upload_3:4340 [internal_api.py:upload_file():2769] upload_file request headers: {'User-Agent': 'python-requests/2.31.0', 'Accept-Encoding': 'gzip, deflate', 'Accept': '*/*', 'Connection': 'keep-alive', 'Content-Length': '259387'}
2024-04-11 10:42:38,886 ERROR   wandb-upload_3:4340 [internal_api.py:upload_file():2771] upload_file response body: 
2024-04-11 10:42:39,064 ERROR   wandb-upload_5:4340 [internal_api.py:upload_file():2767] upload_file exception https://storage.googleapis.com/wandb-production.appspot.com/beallhuang/YOLOv5/pzomywpp/media/images/Mosaics_0_7048b5fcc2452409d640.jpg?Expires=1712889691&GoogleAccessId=gorilla-files-url-signer-man%40wandb-production.iam.gserviceaccount.com&Signature=WuO6vcWDZ8Cpu1TzgyAi3S1xo2Ixfs4N6C65YdWsmFsjRqsEvMrXihC3GaCTWd2W9vde5RvTUgAve4LjOtHIVyy2zmtLWBoCdfPdA75ueDPtIXLDAFcaZU1s%2Fo3%2BOEO2uBazjkulrKZcO9nkQ0%2BjWKw7n03EpOGbKq%2BijbX540ANap7Oi9UbGL6j0ShBr0LrrE8CVBCaVq3jVxLfd1o4The33yCgL6T8pc61JvTgbEUtsof3RGitGJBarDCZUJgSlOS5lE%2Bg2Dr3bhpCCTnBFvMZZ%2FQMUUMnOHb%2FiS%2FE6kMdCYbHwpmFa0W12gIRVybO%2BkVydp4gItgwA7NoNCWVVg%3D%3D: ('Connection aborted.', ConnectionResetError(10054, '远程主机强迫关闭了一个现有的连接。', None, 10054, None))
2024-04-11 10:42:39,064 ERROR   wandb-upload_5:4340 [internal_api.py:upload_file():2769] upload_file request headers: {'User-Agent': 'python-requests/2.31.0', 'Accept-Encoding': 'gzip, deflate', 'Accept': '*/*', 'Connection': 'keep-alive', 'Content-Length': '208107'}
2024-04-11 10:42:39,064 ERROR   wandb-upload_5:4340 [internal_api.py:upload_file():2771] upload_file response body: 
2024-04-11 10:42:40,187 ERROR   gpu       :4340 [interfaces.py:monitor():144] Failed to sample metric: Not Supported
2024-04-11 10:42:40,187 ERROR   gpu       :4340 [interfaces.py:monitor():144] Failed to sample metric: Not Supported
2024-04-11 10:42:42,196 ERROR   gpu       :4340 [interfaces.py:monitor():144] Failed to sample metric: Not Supported
2024-04-11 10:42:42,196 ERROR   gpu       :4340 [interfaces.py:monitor():144] Failed to sample metric: Not Supported
2024-04-11 10:42:42,603 DEBUG   HandlerThread:4340 [handler.py:handle_request():146] handle_request: stop_status
2024-04-11 10:42:42,604 DEBUG   SenderThread:4340 [sender.py:send_request():406] send_request: stop_status
2024-04-11 10:42:42,634 DEBUG   HandlerThread:4340 [handler.py:handle_request():146] handle_request: internal_messages
2024-04-11 10:42:43,472 ERROR   wandb-upload_3:4340 [internal_api.py:upload_file():2767] upload_file exception https://storage.googleapis.com/wandb-production.appspot.com/beallhuang/YOLOv5/pzomywpp/media/images/Mosaics_0_48278ab5587e817d7f89.jpg?Expires=1712889691&GoogleAccessId=gorilla-files-url-signer-man%40wandb-production.iam.gserviceaccount.com&Signature=V76Adwio%2BaoNGAZiSlc3LXr9hjzmXhyGhNXq6CNnTEvv8%2BmfMlsnU7wUnE%2FCpARicEr%2F%2BH2HfcJzuG6HejtAV5VlqJIOp7ErkEAn6MKZ0gZhB6OR13c8dMcNf9Ko3X26CKhbcHPlIajAzfnBhgm3ZPADB3u2LdjGxOyQKu1smpTgx%2BAL0aa5EcgGhtxA9DvwbjqrsA1puBdJ%2FR0emQYr%2Frev6ZN4pnDk6uViGf%2BD1oChEKjsAegykovuzfrSXpOq6KhR%2FfqlEGC%2FESK%2FzakJN0N6ZaMDcTnH0TfphiZIVsrF3WBNEgjIvl2ndpggvwYjGxF6Ie6OKVbfUhTJS4KLmw%3D%3D: ('Connection aborted.', ConnectionResetError(10054, '远程主机强迫关闭了一个现有的连接。', None, 10054, None))
2024-04-11 10:42:43,472 ERROR   wandb-upload_3:4340 [internal_api.py:upload_file():2769] upload_file request headers: {'User-Agent': 'python-requests/2.31.0', 'Accept-Encoding': 'gzip, deflate', 'Accept': '*/*', 'Connection': 'keep-alive', 'Content-Length': '259387'}
2024-04-11 10:42:43,472 ERROR   wandb-upload_3:4340 [internal_api.py:upload_file():2771] upload_file response body: 
2024-04-11 10:42:43,546 ERROR   wandb-upload_5:4340 [internal_api.py:upload_file():2767] upload_file exception https://storage.googleapis.com/wandb-production.appspot.com/beallhuang/YOLOv5/pzomywpp/media/images/Mosaics_0_7048b5fcc2452409d640.jpg?Expires=1712889691&GoogleAccessId=gorilla-files-url-signer-man%40wandb-production.iam.gserviceaccount.com&Signature=WuO6vcWDZ8Cpu1TzgyAi3S1xo2Ixfs4N6C65YdWsmFsjRqsEvMrXihC3GaCTWd2W9vde5RvTUgAve4LjOtHIVyy2zmtLWBoCdfPdA75ueDPtIXLDAFcaZU1s%2Fo3%2BOEO2uBazjkulrKZcO9nkQ0%2BjWKw7n03EpOGbKq%2BijbX540ANap7Oi9UbGL6j0ShBr0LrrE8CVBCaVq3jVxLfd1o4The33yCgL6T8pc61JvTgbEUtsof3RGitGJBarDCZUJgSlOS5lE%2Bg2Dr3bhpCCTnBFvMZZ%2FQMUUMnOHb%2FiS%2FE6kMdCYbHwpmFa0W12gIRVybO%2BkVydp4gItgwA7NoNCWVVg%3D%3D: ('Connection aborted.', ConnectionResetError(10054, '远程主机强迫关闭了一个现有的连接。', None, 10054, None))
2024-04-11 10:42:43,546 ERROR   wandb-upload_5:4340 [internal_api.py:upload_file():2769] upload_file request headers: {'User-Agent': 'python-requests/2.31.0', 'Accept-Encoding': 'gzip, deflate', 'Accept': '*/*', 'Connection': 'keep-alive', 'Content-Length': '208107'}
2024-04-11 10:42:43,546 ERROR   wandb-upload_5:4340 [internal_api.py:upload_file():2771] upload_file response body: 
2024-04-11 10:42:43,606 ERROR   wandb-upload_4:4340 [internal_api.py:upload_file():2767] upload_file exception https://storage.googleapis.com/wandb-production.appspot.com/beallhuang/YOLOv5/pzomywpp/media/images/Mosaics_0_a46177c02731e285c55f.jpg?Expires=1712889691&GoogleAccessId=gorilla-files-url-signer-man%40wandb-production.iam.gserviceaccount.com&Signature=XlBYJS2MGrPas5D37S70ZPZl3mIGXimk0Ii5mB5LYx1ipIjlBUdxLrtGXgCOp0wyQeRigO0v8F6SZADpYHfZT%2ByE9aGlgYM6EdJGc8KAXk9ttRUEcuOVZpIzAkcP9scCutcD%2Bz%2FyQ4A%2B7QZPrv%2FbYAeIQ%2BkRPdwIo2M0sWdLqyUHmWaPpHYihZZk12kZGZZHx0OfKUMgrxzXX0KDRdR1a3Z4NSFBmuhmu6YOhqA20nNfP2vVSOFg9BKQPytWM41xgeb0E4tK2grCmjPy5AVBT5yFsHErNaP1ObpFD4ia4LT1kzqq8qHqtzQgNWBr%2BXuWsZYTFqxh1uT8AaHfUlhvUw%3D%3D: ('Connection aborted.', ConnectionResetError(10054, '远程主机强迫关闭了一个现有的连接。', None, 10054, None))
2024-04-11 10:42:43,606 ERROR   wandb-upload_4:4340 [internal_api.py:upload_file():2769] upload_file request headers: {'User-Agent': 'python-requests/2.31.0', 'Accept-Encoding': 'gzip, deflate', 'Accept': '*/*', 'Connection': 'keep-alive', 'Content-Length': '252096'}
2024-04-11 10:42:43,606 ERROR   wandb-upload_4:4340 [internal_api.py:upload_file():2771] upload_file response body: 
2024-04-11 10:42:43,861 DEBUG   HandlerThread:4340 [handler.py:handle_request():146] handle_request: status_report
2024-04-11 10:42:44,209 ERROR   gpu       :4340 [interfaces.py:monitor():144] Failed to sample metric: Not Supported
2024-04-11 10:42:44,209 ERROR   gpu       :4340 [interfaces.py:monitor():144] Failed to sample metric: Not Supported
2024-04-11 10:42:45,140 ERROR   wandb-upload_2:4340 [internal_api.py:upload_file():2767] upload_file exception https://storage.googleapis.com/wandb-production.appspot.com/beallhuang/YOLOv5/pzomywpp/media/images/Labels_0_dc702dc1a9f49492fdb7.jpg?Expires=1712889645&GoogleAccessId=gorilla-files-url-signer-man%40wandb-production.iam.gserviceaccount.com&Signature=Yn4vZK%2FT1LYdotEt7T%2FM5PmCP78Ry%2F7D1bBeLauJTZVMg47UDgz6WRPWP%2FUtN9VMBb0wGVRvsIMF2r8q1%2FeI7h1TrN%2BV4EGzVABQ%2B8dcb9gFIhkisSGdWBKUOgfwTtDj%2FcbjgjUZyHr8aa4eEQi0Vv3lf8NnvrxQtoWAyiPCoHQ5fUUgOAyJOpFlUIJVafhSRvctfQ0T3MvZHG9bKHLc42WeoUwqf4E8Kujk5fy4AplUJ%2BM57b2H9209vtBxttTaMqceLrv2iz8GtrhTmWB%2BD5Jx4l6E4lfigb3V7S41rj%2BNAsxxeK0py8RTMohdSZo4qxL%2FffYFj5nOtGMjF6xzxQ%3D%3D: ('Connection aborted.', ConnectionResetError(10054, '远程主机强迫关闭了一个现有的连接。', None, 10054, None))
2024-04-11 10:42:45,140 ERROR   wandb-upload_2:4340 [internal_api.py:upload_file():2769] upload_file request headers: {'User-Agent': 'python-requests/2.31.0', 'Accept-Encoding': 'gzip, deflate', 'Accept': '*/*', 'Connection': 'keep-alive', 'Content-Length': '161962'}
2024-04-11 10:42:45,140 ERROR   wandb-upload_2:4340 [internal_api.py:upload_file():2771] upload_file response body: 
2024-04-11 10:42:46,222 ERROR   gpu       :4340 [interfaces.py:monitor():144] Failed to sample metric: Not Supported
2024-04-11 10:42:46,222 ERROR   gpu       :4340 [interfaces.py:monitor():144] Failed to sample metric: Not Supported
2024-04-11 10:42:46,354 ERROR   wandb-upload_0:4340 [internal_api.py:upload_file():2767] upload_file exception https://storage.googleapis.com/wandb-production.appspot.com/beallhuang/YOLOv5/pzomywpp/wandb-metadata.json?Expires=1712889642&GoogleAccessId=gorilla-files-url-signer-man%40wandb-production.iam.gserviceaccount.com&Signature=aWWWJyRg1vHpn1a3Jhqdto%2F7TH4mR9M%2BoN8v5yy5520089gqnJc%2BLJN9QZVR3FNZnKiWXlPhN7A5iEfXseCBFG1JQGpxt5J3oe0rdgcPcU6O%2Bs%2FCeICo26HS1lm0PfwANH6CKw42mnDMAXmRj9%2B4978%2FnBM%2FyL%2F2K39T2D4JgFwfQIYTpX30gLmOuQSPNtgoWr18nH2pn%2FI6WZN9dSHzYyooqK1Q0K6Xgs61G3PJgeGMsZO2%2BX5QayxMrun4NsOdFZ0%2Bv0NBQkl1caDU41oYQ4Q4zQWICU1eMGWJEQur%2FCkTAnZkaacE6cD6PnLOIIPQfQ8A%2FnR7gy8S36ULZwUvXg%3D%3D: ('Connection aborted.', ConnectionResetError(10054, '远程主机强迫关闭了一个现有的连接。', None, 10054, None))
2024-04-11 10:42:46,354 ERROR   wandb-upload_0:4340 [internal_api.py:upload_file():2769] upload_file request headers: {'User-Agent': 'python-requests/2.31.0', 'Accept-Encoding': 'gzip, deflate', 'Accept': '*/*', 'Connection': 'keep-alive', 'Content-Length': '1342'}
2024-04-11 10:42:46,354 ERROR   wandb-upload_0:4340 [internal_api.py:upload_file():2771] upload_file response body: 
2024-04-11 10:42:46,580 INFO    Thread-16 :4340 [dir_watcher.py:_on_file_modified():288] file/dir modified: E:\JD_PROJECT\project\ClassyVision\wandb\run-20240411_104035-pzomywpp\files\output.log
2024-04-11 10:42:47,892 ERROR   wandb-upload_1:4340 [internal_api.py:upload_file():2767] upload_file exception https://storage.googleapis.com/wandb-production.appspot.com/beallhuang/YOLOv5/pzomywpp/media/images/Labels_0_7b7bbe6d6ad3ad4e2a51.jpg?Expires=1712889645&GoogleAccessId=gorilla-files-url-signer-man%40wandb-production.iam.gserviceaccount.com&Signature=Zhqzj6K9WARuNRKVdCIu3p3UlMlP%2F9hUoNPUwnU8uSC51h0A7XEeun06hJyRmwzG1758mu6ZqF7wOOrh6EsN3g6sZY3Do%2B77AfxMWAEuMtRjnvZG4GHalHSKhJTJYIliD5Jnxa4%2Bchj6%2FAZ6tD2HJBmRUY4Y0WOSgkH6o%2BQWUbi7RhdnSBMb5xdPOHBGzbZCkIQA0cgOV3TDIpjtKAa2GtwVglDQCjKF%2FNlhpIkTWtcettTqTo5Z3OySsSLDQRsHYHuS64IOkImovsFDe%2FT3FnMunW4CoDdGZS2M3b0S3hzZz16sZ66tQeoXlcG179AwnuZId95VzifRbNoCyMpW6Q%3D%3D: ('Connection aborted.', ConnectionResetError(10054, '远程主机强迫关闭了一个现有的连接。', None, 10054, None))
2024-04-11 10:42:47,892 ERROR   wandb-upload_1:4340 [internal_api.py:upload_file():2769] upload_file request headers: {'User-Agent': 'python-requests/2.31.0', 'Accept-Encoding': 'gzip, deflate', 'Accept': '*/*', 'Connection': 'keep-alive', 'Content-Length': '99194'}
2024-04-11 10:42:47,892 ERROR   wandb-upload_1:4340 [internal_api.py:upload_file():2771] upload_file response body: 
2024-04-11 10:42:48,233 ERROR   gpu       :4340 [interfaces.py:monitor():144] Failed to sample metric: Not Supported
2024-04-11 10:42:48,233 ERROR   gpu       :4340 [interfaces.py:monitor():144] Failed to sample metric: Not Supported
2024-04-11 10:42:48,590 INFO    Thread-16 :4340 [dir_watcher.py:_on_file_modified():288] file/dir modified: E:\JD_PROJECT\project\ClassyVision\wandb\run-20240411_104035-pzomywpp\files\output.log
2024-04-11 10:42:48,880 DEBUG   HandlerThread:4340 [handler.py:handle_request():146] handle_request: status_report
2024-04-11 10:42:50,248 ERROR   gpu       :4340 [interfaces.py:monitor():144] Failed to sample metric: Not Supported
2024-04-11 10:42:50,248 ERROR   gpu       :4340 [interfaces.py:monitor():144] Failed to sample metric: Not Supported
2024-04-11 10:42:50,605 INFO    Thread-16 :4340 [dir_watcher.py:_on_file_modified():288] file/dir modified: E:\JD_PROJECT\project\ClassyVision\wandb\run-20240411_104035-pzomywpp\files\output.log
2024-04-11 10:42:52,271 ERROR   gpu       :4340 [interfaces.py:monitor():144] Failed to sample metric: Not Supported
2024-04-11 10:42:52,271 ERROR   gpu       :4340 [interfaces.py:monitor():144] Failed to sample metric: Not Supported
2024-04-11 10:42:52,629 INFO    Thread-16 :4340 [dir_watcher.py:_on_file_modified():288] file/dir modified: E:\JD_PROJECT\project\ClassyVision\wandb\run-20240411_104035-pzomywpp\files\output.log
2024-04-11 10:42:53,022 ERROR   wandb-upload_4:4340 [internal_api.py:upload_file():2767] upload_file exception https://storage.googleapis.com/wandb-production.appspot.com/beallhuang/YOLOv5/pzomywpp/media/images/Mosaics_0_a46177c02731e285c55f.jpg?Expires=1712889691&GoogleAccessId=gorilla-files-url-signer-man%40wandb-production.iam.gserviceaccount.com&Signature=XlBYJS2MGrPas5D37S70ZPZl3mIGXimk0Ii5mB5LYx1ipIjlBUdxLrtGXgCOp0wyQeRigO0v8F6SZADpYHfZT%2ByE9aGlgYM6EdJGc8KAXk9ttRUEcuOVZpIzAkcP9scCutcD%2Bz%2FyQ4A%2B7QZPrv%2FbYAeIQ%2BkRPdwIo2M0sWdLqyUHmWaPpHYihZZk12kZGZZHx0OfKUMgrxzXX0KDRdR1a3Z4NSFBmuhmu6YOhqA20nNfP2vVSOFg9BKQPytWM41xgeb0E4tK2grCmjPy5AVBT5yFsHErNaP1ObpFD4ia4LT1kzqq8qHqtzQgNWBr%2BXuWsZYTFqxh1uT8AaHfUlhvUw%3D%3D: ('Connection aborted.', ConnectionResetError(10054, '远程主机强迫关闭了一个现有的连接。', None, 10054, None))
2024-04-11 10:42:53,022 ERROR   wandb-upload_4:4340 [internal_api.py:upload_file():2769] upload_file request headers: {'User-Agent': 'python-requests/2.31.0', 'Accept-Encoding': 'gzip, deflate', 'Accept': '*/*', 'Connection': 'keep-alive', 'Content-Length': '252096'}
2024-04-11 10:42:53,023 ERROR   wandb-upload_4:4340 [internal_api.py:upload_file():2771] upload_file response body: 
2024-04-11 10:42:53,071 ERROR   wandb-upload_3:4340 [internal_api.py:upload_file():2767] upload_file exception https://storage.googleapis.com/wandb-production.appspot.com/beallhuang/YOLOv5/pzomywpp/media/images/Mosaics_0_48278ab5587e817d7f89.jpg?Expires=1712889691&GoogleAccessId=gorilla-files-url-signer-man%40wandb-production.iam.gserviceaccount.com&Signature=V76Adwio%2BaoNGAZiSlc3LXr9hjzmXhyGhNXq6CNnTEvv8%2BmfMlsnU7wUnE%2FCpARicEr%2F%2BH2HfcJzuG6HejtAV5VlqJIOp7ErkEAn6MKZ0gZhB6OR13c8dMcNf9Ko3X26CKhbcHPlIajAzfnBhgm3ZPADB3u2LdjGxOyQKu1smpTgx%2BAL0aa5EcgGhtxA9DvwbjqrsA1puBdJ%2FR0emQYr%2Frev6ZN4pnDk6uViGf%2BD1oChEKjsAegykovuzfrSXpOq6KhR%2FfqlEGC%2FESK%2FzakJN0N6ZaMDcTnH0TfphiZIVsrF3WBNEgjIvl2ndpggvwYjGxF6Ie6OKVbfUhTJS4KLmw%3D%3D: ('Connection aborted.', ConnectionResetError(10054, '远程主机强迫关闭了一个现有的连接。', None, 10054, None))
2024-04-11 10:42:53,071 ERROR   wandb-upload_3:4340 [internal_api.py:upload_file():2769] upload_file request headers: {'User-Agent': 'python-requests/2.31.0', 'Accept-Encoding': 'gzip, deflate', 'Accept': '*/*', 'Connection': 'keep-alive', 'Content-Length': '259387'}
2024-04-11 10:42:53,072 ERROR   wandb-upload_3:4340 [internal_api.py:upload_file():2771] upload_file response body: 
2024-04-11 10:42:53,480 ERROR   wandb-upload_5:4340 [internal_api.py:upload_file():2767] upload_file exception https://storage.googleapis.com/wandb-production.appspot.com/beallhuang/YOLOv5/pzomywpp/media/images/Mosaics_0_7048b5fcc2452409d640.jpg?Expires=1712889691&GoogleAccessId=gorilla-files-url-signer-man%40wandb-production.iam.gserviceaccount.com&Signature=WuO6vcWDZ8Cpu1TzgyAi3S1xo2Ixfs4N6C65YdWsmFsjRqsEvMrXihC3GaCTWd2W9vde5RvTUgAve4LjOtHIVyy2zmtLWBoCdfPdA75ueDPtIXLDAFcaZU1s%2Fo3%2BOEO2uBazjkulrKZcO9nkQ0%2BjWKw7n03EpOGbKq%2BijbX540ANap7Oi9UbGL6j0ShBr0LrrE8CVBCaVq3jVxLfd1o4The33yCgL6T8pc61JvTgbEUtsof3RGitGJBarDCZUJgSlOS5lE%2Bg2Dr3bhpCCTnBFvMZZ%2FQMUUMnOHb%2FiS%2FE6kMdCYbHwpmFa0W12gIRVybO%2BkVydp4gItgwA7NoNCWVVg%3D%3D: ('Connection aborted.', ConnectionResetError(10054, '远程主机强迫关闭了一个现有的连接。', None, 10054, None))
2024-04-11 10:42:53,480 ERROR   wandb-upload_5:4340 [internal_api.py:upload_file():2769] upload_file request headers: {'User-Agent': 'python-requests/2.31.0', 'Accept-Encoding': 'gzip, deflate', 'Accept': '*/*', 'Connection': 'keep-alive', 'Content-Length': '208107'}
2024-04-11 10:42:53,480 ERROR   wandb-upload_5:4340 [internal_api.py:upload_file():2771] upload_file response body: 
2024-04-11 10:42:54,292 ERROR   gpu       :4340 [interfaces.py:monitor():144] Failed to sample metric: Not Supported
2024-04-11 10:42:54,292 ERROR   gpu       :4340 [interfaces.py:monitor():144] Failed to sample metric: Not Supported
2024-04-11 10:42:54,412 DEBUG   HandlerThread:4340 [handler.py:handle_request():146] handle_request: status_report
2024-04-11 10:42:54,648 INFO    Thread-16 :4340 [dir_watcher.py:_on_file_modified():288] file/dir modified: E:\JD_PROJECT\project\ClassyVision\wandb\run-20240411_104035-pzomywpp\files\output.log
2024-04-11 10:42:56,312 ERROR   gpu       :4340 [interfaces.py:monitor():144] Failed to sample metric: Not Supported
2024-04-11 10:42:56,312 ERROR   gpu       :4340 [interfaces.py:monitor():144] Failed to sample metric: Not Supported
2024-04-11 10:42:56,660 INFO    Thread-16 :4340 [dir_watcher.py:_on_file_modified():288] file/dir modified: E:\JD_PROJECT\project\ClassyVision\wandb\run-20240411_104035-pzomywpp\files\output.log
2024-04-11 10:42:57,605 DEBUG   HandlerThread:4340 [handler.py:handle_request():146] handle_request: stop_status
2024-04-11 10:42:57,606 DEBUG   SenderThread:4340 [sender.py:send_request():406] send_request: stop_status
2024-04-11 10:42:57,637 DEBUG   HandlerThread:4340 [handler.py:handle_request():146] handle_request: internal_messages
2024-04-11 10:42:58,327 ERROR   gpu       :4340 [interfaces.py:monitor():144] Failed to sample metric: Not Supported
2024-04-11 10:42:58,327 ERROR   gpu       :4340 [interfaces.py:monitor():144] Failed to sample metric: Not Supported
2024-04-11 10:42:58,677 INFO    Thread-16 :4340 [dir_watcher.py:_on_file_modified():288] file/dir modified: E:\JD_PROJECT\project\ClassyVision\wandb\run-20240411_104035-pzomywpp\files\output.log
2024-04-11 10:43:00,216 DEBUG   HandlerThread:4340 [handler.py:handle_request():146] handle_request: status_report
2024-04-11 10:43:00,336 ERROR   gpu       :4340 [interfaces.py:monitor():144] Failed to sample metric: Not Supported
2024-04-11 10:43:00,336 ERROR   gpu       :4340 [interfaces.py:monitor():144] Failed to sample metric: Not Supported
2024-04-11 10:43:00,691 INFO    Thread-16 :4340 [dir_watcher.py:_on_file_modified():288] file/dir modified: E:\JD_PROJECT\project\ClassyVision\wandb\run-20240411_104035-pzomywpp\files\output.log
2024-04-11 10:43:02,345 ERROR   gpu       :4340 [interfaces.py:monitor():144] Failed to sample metric: Not Supported
2024-04-11 10:43:02,345 ERROR   gpu       :4340 [interfaces.py:monitor():144] Failed to sample metric: Not Supported
2024-04-11 10:43:02,715 INFO    Thread-16 :4340 [dir_watcher.py:_on_file_modified():288] file/dir modified: E:\JD_PROJECT\project\ClassyVision\wandb\run-20240411_104035-pzomywpp\files\output.log
2024-04-11 10:43:04,367 ERROR   gpu       :4340 [interfaces.py:monitor():144] Failed to sample metric: Not Supported
2024-04-11 10:43:04,367 ERROR   gpu       :4340 [interfaces.py:monitor():144] Failed to sample metric: Not Supported
2024-04-11 10:43:05,646 DEBUG   HandlerThread:4340 [handler.py:handle_request():146] handle_request: status_report
2024-04-11 10:43:05,665 DEBUG   SenderThread:4340 [sender.py:send():379] send: telemetry
2024-04-11 10:43:05,665 DEBUG   HandlerThread:4340 [handler.py:handle_request():146] handle_request: partial_history
2024-04-11 10:43:05,666 DEBUG   HandlerThread:4340 [handler.py:handle_request():146] handle_request: partial_history
2024-04-11 10:43:05,666 DEBUG   HandlerThread:4340 [handler.py:handle_request():146] handle_request: partial_history
2024-04-11 10:43:05,666 DEBUG   HandlerThread:4340 [handler.py:handle_request():146] handle_request: partial_history
2024-04-11 10:43:05,666 DEBUG   HandlerThread:4340 [handler.py:handle_request():146] handle_request: partial_history
2024-04-11 10:43:05,667 DEBUG   HandlerThread:4340 [handler.py:handle_request():146] handle_request: partial_history
2024-04-11 10:43:05,667 DEBUG   HandlerThread:4340 [handler.py:handle_request():146] handle_request: partial_history
2024-04-11 10:43:05,667 DEBUG   HandlerThread:4340 [handler.py:handle_request():146] handle_request: partial_history
2024-04-11 10:43:05,667 DEBUG   HandlerThread:4340 [handler.py:handle_request():146] handle_request: partial_history
2024-04-11 10:43:05,667 DEBUG   HandlerThread:4340 [handler.py:handle_request():146] handle_request: partial_history
2024-04-11 10:43:05,667 DEBUG   HandlerThread:4340 [handler.py:handle_request():146] handle_request: partial_history
2024-04-11 10:43:05,667 DEBUG   HandlerThread:4340 [handler.py:handle_request():146] handle_request: partial_history
2024-04-11 10:43:05,668 DEBUG   HandlerThread:4340 [handler.py:handle_request():146] handle_request: partial_history
2024-04-11 10:43:05,669 DEBUG   SenderThread:4340 [sender.py:send():379] send: history
2024-04-11 10:43:05,669 DEBUG   SenderThread:4340 [sender.py:send_request():406] send_request: summary_record
2024-04-11 10:43:05,670 INFO    SenderThread:4340 [sender.py:_save_file():1390] saving file wandb-summary.json with policy end
2024-04-11 10:43:05,733 INFO    Thread-16 :4340 [dir_watcher.py:_on_file_created():271] file/dir created: E:\JD_PROJECT\project\ClassyVision\wandb\run-20240411_104035-pzomywpp\files\wandb-summary.json
2024-04-11 10:43:06,317 ERROR   wandb-upload_0:4340 [internal_api.py:upload_file():2767] upload_file exception https://storage.googleapis.com/wandb-production.appspot.com/beallhuang/YOLOv5/pzomywpp/wandb-metadata.json?Expires=1712889642&GoogleAccessId=gorilla-files-url-signer-man%40wandb-production.iam.gserviceaccount.com&Signature=aWWWJyRg1vHpn1a3Jhqdto%2F7TH4mR9M%2BoN8v5yy5520089gqnJc%2BLJN9QZVR3FNZnKiWXlPhN7A5iEfXseCBFG1JQGpxt5J3oe0rdgcPcU6O%2Bs%2FCeICo26HS1lm0PfwANH6CKw42mnDMAXmRj9%2B4978%2FnBM%2FyL%2F2K39T2D4JgFwfQIYTpX30gLmOuQSPNtgoWr18nH2pn%2FI6WZN9dSHzYyooqK1Q0K6Xgs61G3PJgeGMsZO2%2BX5QayxMrun4NsOdFZ0%2Bv0NBQkl1caDU41oYQ4Q4zQWICU1eMGWJEQur%2FCkTAnZkaacE6cD6PnLOIIPQfQ8A%2FnR7gy8S36ULZwUvXg%3D%3D: ('Connection aborted.', ConnectionResetError(10054, '远程主机强迫关闭了一个现有的连接。', None, 10054, None))
2024-04-11 10:43:06,317 ERROR   wandb-upload_0:4340 [internal_api.py:upload_file():2769] upload_file request headers: {'User-Agent': 'python-requests/2.31.0', 'Accept-Encoding': 'gzip, deflate', 'Accept': '*/*', 'Connection': 'keep-alive', 'Content-Length': '1342'}
2024-04-11 10:43:06,317 ERROR   wandb-upload_0:4340 [internal_api.py:upload_file():2771] upload_file response body: 
2024-04-11 10:43:06,388 ERROR   gpu       :4340 [interfaces.py:monitor():144] Failed to sample metric: Not Supported
2024-04-11 10:43:06,388 ERROR   gpu       :4340 [interfaces.py:monitor():144] Failed to sample metric: Not Supported
2024-04-11 10:43:07,193 DEBUG   SenderThread:4340 [sender.py:send():379] send: stats
2024-04-11 10:43:07,744 INFO    Thread-16 :4340 [dir_watcher.py:_on_file_modified():288] file/dir modified: E:\JD_PROJECT\project\ClassyVision\wandb\run-20240411_104035-pzomywpp\files\output.log
2024-04-11 10:43:08,427 ERROR   gpu       :4340 [interfaces.py:aggregate():161] Failed to serialize metric: division by zero
2024-04-11 10:43:08,428 ERROR   gpu       :4340 [interfaces.py:monitor():144] Failed to sample metric: Not Supported
2024-04-11 10:43:08,428 ERROR   gpu       :4340 [interfaces.py:monitor():144] Failed to sample metric: Not Supported
2024-04-11 10:43:08,751 INFO    Thread-16 :4340 [dir_watcher.py:_on_file_modified():288] file/dir modified: E:\JD_PROJECT\project\ClassyVision\wandb\run-20240411_104035-pzomywpp\files\output.log
2024-04-11 10:43:10,220 ERROR   wandb-upload_3:4340 [internal_api.py:upload_file():2767] upload_file exception https://storage.googleapis.com/wandb-production.appspot.com/beallhuang/YOLOv5/pzomywpp/media/images/Mosaics_0_48278ab5587e817d7f89.jpg?Expires=1712889691&GoogleAccessId=gorilla-files-url-signer-man%40wandb-production.iam.gserviceaccount.com&Signature=V76Adwio%2BaoNGAZiSlc3LXr9hjzmXhyGhNXq6CNnTEvv8%2BmfMlsnU7wUnE%2FCpARicEr%2F%2BH2HfcJzuG6HejtAV5VlqJIOp7ErkEAn6MKZ0gZhB6OR13c8dMcNf9Ko3X26CKhbcHPlIajAzfnBhgm3ZPADB3u2LdjGxOyQKu1smpTgx%2BAL0aa5EcgGhtxA9DvwbjqrsA1puBdJ%2FR0emQYr%2Frev6ZN4pnDk6uViGf%2BD1oChEKjsAegykovuzfrSXpOq6KhR%2FfqlEGC%2FESK%2FzakJN0N6ZaMDcTnH0TfphiZIVsrF3WBNEgjIvl2ndpggvwYjGxF6Ie6OKVbfUhTJS4KLmw%3D%3D: ('Connection aborted.', ConnectionResetError(10054, '远程主机强迫关闭了一个现有的连接。', None, 10054, None))
2024-04-11 10:43:10,220 ERROR   wandb-upload_3:4340 [internal_api.py:upload_file():2769] upload_file request headers: {'User-Agent': 'python-requests/2.31.0', 'Accept-Encoding': 'gzip, deflate', 'Accept': '*/*', 'Connection': 'keep-alive', 'Content-Length': '259387'}
2024-04-11 10:43:10,220 ERROR   wandb-upload_3:4340 [internal_api.py:upload_file():2771] upload_file response body: 
2024-04-11 10:43:10,435 ERROR   gpu       :4340 [interfaces.py:monitor():144] Failed to sample metric: Not Supported
2024-04-11 10:43:10,435 ERROR   gpu       :4340 [interfaces.py:monitor():144] Failed to sample metric: Not Supported
2024-04-11 10:43:10,766 INFO    Thread-16 :4340 [dir_watcher.py:_on_file_modified():288] file/dir modified: E:\JD_PROJECT\project\ClassyVision\wandb\run-20240411_104035-pzomywpp\files\output.log
2024-04-11 10:43:10,999 DEBUG   HandlerThread:4340 [handler.py:handle_request():146] handle_request: status_report
2024-04-11 10:43:12,365 ERROR   wandb-upload_4:4340 [internal_api.py:upload_file():2767] upload_file exception https://storage.googleapis.com/wandb-production.appspot.com/beallhuang/YOLOv5/pzomywpp/media/images/Mosaics_0_a46177c02731e285c55f.jpg?Expires=1712889691&GoogleAccessId=gorilla-files-url-signer-man%40wandb-production.iam.gserviceaccount.com&Signature=XlBYJS2MGrPas5D37S70ZPZl3mIGXimk0Ii5mB5LYx1ipIjlBUdxLrtGXgCOp0wyQeRigO0v8F6SZADpYHfZT%2ByE9aGlgYM6EdJGc8KAXk9ttRUEcuOVZpIzAkcP9scCutcD%2Bz%2FyQ4A%2B7QZPrv%2FbYAeIQ%2BkRPdwIo2M0sWdLqyUHmWaPpHYihZZk12kZGZZHx0OfKUMgrxzXX0KDRdR1a3Z4NSFBmuhmu6YOhqA20nNfP2vVSOFg9BKQPytWM41xgeb0E4tK2grCmjPy5AVBT5yFsHErNaP1ObpFD4ia4LT1kzqq8qHqtzQgNWBr%2BXuWsZYTFqxh1uT8AaHfUlhvUw%3D%3D: ('Connection aborted.', ConnectionResetError(10054, '远程主机强迫关闭了一个现有的连接。', None, 10054, None))
2024-04-11 10:43:12,365 ERROR   wandb-upload_4:4340 [internal_api.py:upload_file():2769] upload_file request headers: {'User-Agent': 'python-requests/2.31.0', 'Accept-Encoding': 'gzip, deflate', 'Accept': '*/*', 'Connection': 'keep-alive', 'Content-Length': '252096'}
2024-04-11 10:43:12,365 ERROR   wandb-upload_4:4340 [internal_api.py:upload_file():2771] upload_file response body: 
2024-04-11 10:43:12,444 ERROR   gpu       :4340 [interfaces.py:monitor():144] Failed to sample metric: Not Supported
2024-04-11 10:43:12,444 ERROR   gpu       :4340 [interfaces.py:monitor():144] Failed to sample metric: Not Supported
2024-04-11 10:43:12,623 DEBUG   HandlerThread:4340 [handler.py:handle_request():146] handle_request: stop_status
2024-04-11 10:43:12,623 DEBUG   SenderThread:4340 [sender.py:send_request():406] send_request: stop_status
2024-04-11 10:43:12,639 DEBUG   HandlerThread:4340 [handler.py:handle_request():146] handle_request: internal_messages
2024-04-11 10:43:12,780 INFO    Thread-16 :4340 [dir_watcher.py:_on_file_modified():288] file/dir modified: E:\JD_PROJECT\project\ClassyVision\wandb\run-20240411_104035-pzomywpp\files\output.log
2024-04-11 10:43:13,445 ERROR   wandb-upload_5:4340 [internal_api.py:upload_file():2767] upload_file exception https://storage.googleapis.com/wandb-production.appspot.com/beallhuang/YOLOv5/pzomywpp/media/images/Mosaics_0_7048b5fcc2452409d640.jpg?Expires=1712889691&GoogleAccessId=gorilla-files-url-signer-man%40wandb-production.iam.gserviceaccount.com&Signature=WuO6vcWDZ8Cpu1TzgyAi3S1xo2Ixfs4N6C65YdWsmFsjRqsEvMrXihC3GaCTWd2W9vde5RvTUgAve4LjOtHIVyy2zmtLWBoCdfPdA75ueDPtIXLDAFcaZU1s%2Fo3%2BOEO2uBazjkulrKZcO9nkQ0%2BjWKw7n03EpOGbKq%2BijbX540ANap7Oi9UbGL6j0ShBr0LrrE8CVBCaVq3jVxLfd1o4The33yCgL6T8pc61JvTgbEUtsof3RGitGJBarDCZUJgSlOS5lE%2Bg2Dr3bhpCCTnBFvMZZ%2FQMUUMnOHb%2FiS%2FE6kMdCYbHwpmFa0W12gIRVybO%2BkVydp4gItgwA7NoNCWVVg%3D%3D: ('Connection aborted.', ConnectionResetError(10054, '远程主机强迫关闭了一个现有的连接。', None, 10054, None))
2024-04-11 10:43:13,445 ERROR   wandb-upload_5:4340 [internal_api.py:upload_file():2769] upload_file request headers: {'User-Agent': 'python-requests/2.31.0', 'Accept-Encoding': 'gzip, deflate', 'Accept': '*/*', 'Connection': 'keep-alive', 'Content-Length': '208107'}
2024-04-11 10:43:13,446 ERROR   wandb-upload_5:4340 [internal_api.py:upload_file():2771] upload_file response body: 
2024-04-11 10:43:14,462 ERROR   gpu       :4340 [interfaces.py:monitor():144] Failed to sample metric: Not Supported
2024-04-11 10:43:14,462 ERROR   gpu       :4340 [interfaces.py:monitor():144] Failed to sample metric: Not Supported
2024-04-11 10:43:14,785 INFO    Thread-16 :4340 [dir_watcher.py:_on_file_modified():288] file/dir modified: E:\JD_PROJECT\project\ClassyVision\wandb\run-20240411_104035-pzomywpp\files\output.log
2024-04-11 10:43:16,037 DEBUG   HandlerThread:4340 [handler.py:handle_request():146] handle_request: status_report
2024-04-11 10:43:16,478 ERROR   gpu       :4340 [interfaces.py:monitor():144] Failed to sample metric: Not Supported
2024-04-11 10:43:16,478 ERROR   gpu       :4340 [interfaces.py:monitor():144] Failed to sample metric: Not Supported
2024-04-11 10:43:16,806 INFO    Thread-16 :4340 [dir_watcher.py:_on_file_modified():288] file/dir modified: E:\JD_PROJECT\project\ClassyVision\wandb\run-20240411_104035-pzomywpp\files\output.log
2024-04-11 10:43:16,807 INFO    Thread-16 :4340 [dir_watcher.py:_on_file_modified():288] file/dir modified: E:\JD_PROJECT\project\ClassyVision\wandb\run-20240411_104035-pzomywpp\files\config.yaml
2024-04-11 10:43:18,491 ERROR   gpu       :4340 [interfaces.py:monitor():144] Failed to sample metric: Not Supported
2024-04-11 10:43:18,492 ERROR   gpu       :4340 [interfaces.py:monitor():144] Failed to sample metric: Not Supported
2024-04-11 10:43:18,814 INFO    Thread-16 :4340 [dir_watcher.py:_on_file_modified():288] file/dir modified: E:\JD_PROJECT\project\ClassyVision\wandb\run-20240411_104035-pzomywpp\files\output.log
2024-04-11 10:43:20,514 ERROR   gpu       :4340 [interfaces.py:monitor():144] Failed to sample metric: Not Supported
2024-04-11 10:43:20,514 ERROR   gpu       :4340 [interfaces.py:monitor():144] Failed to sample metric: Not Supported
2024-04-11 10:43:20,831 INFO    Thread-16 :4340 [dir_watcher.py:_on_file_modified():288] file/dir modified: E:\JD_PROJECT\project\ClassyVision\wandb\run-20240411_104035-pzomywpp\files\output.log
2024-04-11 10:43:21,846 INFO    Thread-16 :4340 [dir_watcher.py:_on_file_modified():288] file/dir modified: E:\JD_PROJECT\project\ClassyVision\wandb\run-20240411_104035-pzomywpp\files\output.log
2024-04-11 10:43:22,315 DEBUG   HandlerThread:4340 [handler.py:handle_request():146] handle_request: status_report
2024-04-11 10:43:22,528 ERROR   gpu       :4340 [interfaces.py:monitor():144] Failed to sample metric: Not Supported
2024-04-11 10:43:22,528 ERROR   gpu       :4340 [interfaces.py:monitor():144] Failed to sample metric: Not Supported
2024-04-11 10:43:23,101 ERROR   wandb-upload_2:4340 [internal_api.py:upload_file():2767] upload_file exception https://storage.googleapis.com/wandb-production.appspot.com/beallhuang/YOLOv5/pzomywpp/media/images/Labels_0_dc702dc1a9f49492fdb7.jpg?Expires=1712889645&GoogleAccessId=gorilla-files-url-signer-man%40wandb-production.iam.gserviceaccount.com&Signature=Yn4vZK%2FT1LYdotEt7T%2FM5PmCP78Ry%2F7D1bBeLauJTZVMg47UDgz6WRPWP%2FUtN9VMBb0wGVRvsIMF2r8q1%2FeI7h1TrN%2BV4EGzVABQ%2B8dcb9gFIhkisSGdWBKUOgfwTtDj%2FcbjgjUZyHr8aa4eEQi0Vv3lf8NnvrxQtoWAyiPCoHQ5fUUgOAyJOpFlUIJVafhSRvctfQ0T3MvZHG9bKHLc42WeoUwqf4E8Kujk5fy4AplUJ%2BM57b2H9209vtBxttTaMqceLrv2iz8GtrhTmWB%2BD5Jx4l6E4lfigb3V7S41rj%2BNAsxxeK0py8RTMohdSZo4qxL%2FffYFj5nOtGMjF6xzxQ%3D%3D: ('Connection aborted.', ConnectionResetError(10054, '远程主机强迫关闭了一个现有的连接。', None, 10054, None))
2024-04-11 10:43:23,101 ERROR   wandb-upload_2:4340 [internal_api.py:upload_file():2769] upload_file request headers: {'User-Agent': 'python-requests/2.31.0', 'Accept-Encoding': 'gzip, deflate', 'Accept': '*/*', 'Connection': 'keep-alive', 'Content-Length': '161962'}
2024-04-11 10:43:23,101 ERROR   wandb-upload_2:4340 [internal_api.py:upload_file():2771] upload_file response body: 
2024-04-11 10:43:23,856 INFO    Thread-16 :4340 [dir_watcher.py:_on_file_modified():288] file/dir modified: E:\JD_PROJECT\project\ClassyVision\wandb\run-20240411_104035-pzomywpp\files\output.log
2024-04-11 10:43:24,293 ERROR   wandb-upload_1:4340 [internal_api.py:upload_file():2767] upload_file exception https://storage.googleapis.com/wandb-production.appspot.com/beallhuang/YOLOv5/pzomywpp/media/images/Labels_0_7b7bbe6d6ad3ad4e2a51.jpg?Expires=1712889645&GoogleAccessId=gorilla-files-url-signer-man%40wandb-production.iam.gserviceaccount.com&Signature=Zhqzj6K9WARuNRKVdCIu3p3UlMlP%2F9hUoNPUwnU8uSC51h0A7XEeun06hJyRmwzG1758mu6ZqF7wOOrh6EsN3g6sZY3Do%2B77AfxMWAEuMtRjnvZG4GHalHSKhJTJYIliD5Jnxa4%2Bchj6%2FAZ6tD2HJBmRUY4Y0WOSgkH6o%2BQWUbi7RhdnSBMb5xdPOHBGzbZCkIQA0cgOV3TDIpjtKAa2GtwVglDQCjKF%2FNlhpIkTWtcettTqTo5Z3OySsSLDQRsHYHuS64IOkImovsFDe%2FT3FnMunW4CoDdGZS2M3b0S3hzZz16sZ66tQeoXlcG179AwnuZId95VzifRbNoCyMpW6Q%3D%3D: ('Connection aborted.', ConnectionResetError(10054, '远程主机强迫关闭了一个现有的连接。', None, 10054, None))
2024-04-11 10:43:24,293 ERROR   wandb-upload_1:4340 [internal_api.py:upload_file():2769] upload_file request headers: {'User-Agent': 'python-requests/2.31.0', 'Accept-Encoding': 'gzip, deflate', 'Accept': '*/*', 'Connection': 'keep-alive', 'Content-Length': '99194'}
2024-04-11 10:43:24,294 ERROR   wandb-upload_1:4340 [internal_api.py:upload_file():2771] upload_file response body: 
2024-04-11 10:43:24,537 ERROR   gpu       :4340 [interfaces.py:monitor():144] Failed to sample metric: Not Supported
2024-04-11 10:43:24,537 ERROR   gpu       :4340 [interfaces.py:monitor():144] Failed to sample metric: Not Supported
2024-04-11 10:43:25,874 INFO    Thread-16 :4340 [dir_watcher.py:_on_file_modified():288] file/dir modified: E:\JD_PROJECT\project\ClassyVision\wandb\run-20240411_104035-pzomywpp\files\output.log
2024-04-11 10:43:26,554 ERROR   gpu       :4340 [interfaces.py:monitor():144] Failed to sample metric: Not Supported
2024-04-11 10:43:26,554 ERROR   gpu       :4340 [interfaces.py:monitor():144] Failed to sample metric: Not Supported
2024-04-11 10:43:27,452 DEBUG   HandlerThread:4340 [handler.py:handle_request():146] handle_request: status_report
2024-04-11 10:43:27,639 DEBUG   HandlerThread:4340 [handler.py:handle_request():146] handle_request: stop_status
2024-04-11 10:43:27,639 DEBUG   SenderThread:4340 [sender.py:send_request():406] send_request: stop_status
2024-04-11 10:43:27,654 DEBUG   HandlerThread:4340 [handler.py:handle_request():146] handle_request: internal_messages
2024-04-11 10:43:27,877 INFO    Thread-16 :4340 [dir_watcher.py:_on_file_modified():288] file/dir modified: E:\JD_PROJECT\project\ClassyVision\wandb\run-20240411_104035-pzomywpp\files\output.log
2024-04-11 10:43:28,576 ERROR   gpu       :4340 [interfaces.py:monitor():144] Failed to sample metric: Not Supported
2024-04-11 10:43:28,577 ERROR   gpu       :4340 [interfaces.py:monitor():144] Failed to sample metric: Not Supported
2024-04-11 10:43:29,896 INFO    Thread-16 :4340 [dir_watcher.py:_on_file_modified():288] file/dir modified: E:\JD_PROJECT\project\ClassyVision\wandb\run-20240411_104035-pzomywpp\files\output.log
2024-04-11 10:43:30,594 ERROR   gpu       :4340 [interfaces.py:monitor():144] Failed to sample metric: Not Supported
2024-04-11 10:43:30,594 ERROR   gpu       :4340 [interfaces.py:monitor():144] Failed to sample metric: Not Supported
2024-04-11 10:43:31,906 INFO    Thread-16 :4340 [dir_watcher.py:_on_file_modified():288] file/dir modified: E:\JD_PROJECT\project\ClassyVision\wandb\run-20240411_104035-pzomywpp\files\output.log
2024-04-11 10:43:32,609 ERROR   gpu       :4340 [interfaces.py:monitor():144] Failed to sample metric: Not Supported
2024-04-11 10:43:32,609 ERROR   gpu       :4340 [interfaces.py:monitor():144] Failed to sample metric: Not Supported
2024-04-11 10:43:32,655 DEBUG   HandlerThread:4340 [handler.py:handle_request():146] handle_request: status_report
2024-04-11 10:43:33,921 INFO    Thread-16 :4340 [dir_watcher.py:_on_file_modified():288] file/dir modified: E:\JD_PROJECT\project\ClassyVision\wandb\run-20240411_104035-pzomywpp\files\output.log
2024-04-11 10:43:34,621 ERROR   gpu       :4340 [interfaces.py:monitor():144] Failed to sample metric: Not Supported
2024-04-11 10:43:34,621 ERROR   gpu       :4340 [interfaces.py:monitor():144] Failed to sample metric: Not Supported
2024-04-11 10:43:35,952 INFO    Thread-16 :4340 [dir_watcher.py:_on_file_modified():288] file/dir modified: E:\JD_PROJECT\project\ClassyVision\wandb\run-20240411_104035-pzomywpp\files\output.log
2024-04-11 10:43:36,631 ERROR   gpu       :4340 [interfaces.py:monitor():144] Failed to sample metric: Not Supported
2024-04-11 10:43:36,631 ERROR   gpu       :4340 [interfaces.py:monitor():144] Failed to sample metric: Not Supported
2024-04-11 10:43:37,199 DEBUG   SenderThread:4340 [sender.py:send():379] send: stats
2024-04-11 10:43:37,967 INFO    Thread-16 :4340 [dir_watcher.py:_on_file_modified():288] file/dir modified: E:\JD_PROJECT\project\ClassyVision\wandb\run-20240411_104035-pzomywpp\files\output.log
2024-04-11 10:43:38,162 DEBUG   HandlerThread:4340 [handler.py:handle_request():146] handle_request: status_report
2024-04-11 10:43:38,673 ERROR   gpu       :4340 [interfaces.py:aggregate():161] Failed to serialize metric: division by zero
2024-04-11 10:43:38,674 ERROR   gpu       :4340 [interfaces.py:monitor():144] Failed to sample metric: Not Supported
2024-04-11 10:43:38,674 ERROR   gpu       :4340 [interfaces.py:monitor():144] Failed to sample metric: Not Supported
2024-04-11 10:43:39,978 INFO    Thread-16 :4340 [dir_watcher.py:_on_file_modified():288] file/dir modified: E:\JD_PROJECT\project\ClassyVision\wandb\run-20240411_104035-pzomywpp\files\output.log
2024-04-11 10:43:40,688 ERROR   gpu       :4340 [interfaces.py:monitor():144] Failed to sample metric: Not Supported
2024-04-11 10:43:40,688 ERROR   gpu       :4340 [interfaces.py:monitor():144] Failed to sample metric: Not Supported
2024-04-11 10:43:41,899 ERROR   wandb-upload_0:4340 [internal_api.py:upload_file():2767] upload_file exception https://storage.googleapis.com/wandb-production.appspot.com/beallhuang/YOLOv5/pzomywpp/wandb-metadata.json?Expires=1712889642&GoogleAccessId=gorilla-files-url-signer-man%40wandb-production.iam.gserviceaccount.com&Signature=aWWWJyRg1vHpn1a3Jhqdto%2F7TH4mR9M%2BoN8v5yy5520089gqnJc%2BLJN9QZVR3FNZnKiWXlPhN7A5iEfXseCBFG1JQGpxt5J3oe0rdgcPcU6O%2Bs%2FCeICo26HS1lm0PfwANH6CKw42mnDMAXmRj9%2B4978%2FnBM%2FyL%2F2K39T2D4JgFwfQIYTpX30gLmOuQSPNtgoWr18nH2pn%2FI6WZN9dSHzYyooqK1Q0K6Xgs61G3PJgeGMsZO2%2BX5QayxMrun4NsOdFZ0%2Bv0NBQkl1caDU41oYQ4Q4zQWICU1eMGWJEQur%2FCkTAnZkaacE6cD6PnLOIIPQfQ8A%2FnR7gy8S36ULZwUvXg%3D%3D: ('Connection aborted.', ConnectionResetError(10054, '远程主机强迫关闭了一个现有的连接。', None, 10054, None))
2024-04-11 10:43:41,899 ERROR   wandb-upload_0:4340 [internal_api.py:upload_file():2769] upload_file request headers: {'User-Agent': 'python-requests/2.31.0', 'Accept-Encoding': 'gzip, deflate', 'Accept': '*/*', 'Connection': 'keep-alive', 'Content-Length': '1342'}
2024-04-11 10:43:41,899 ERROR   wandb-upload_0:4340 [internal_api.py:upload_file():2771] upload_file response body: 
2024-04-11 10:43:41,998 INFO    Thread-16 :4340 [dir_watcher.py:_on_file_modified():288] file/dir modified: E:\JD_PROJECT\project\ClassyVision\wandb\run-20240411_104035-pzomywpp\files\output.log
2024-04-11 10:43:42,640 DEBUG   HandlerThread:4340 [handler.py:handle_request():146] handle_request: stop_status
2024-04-11 10:43:42,641 DEBUG   SenderThread:4340 [sender.py:send_request():406] send_request: stop_status
2024-04-11 10:43:42,655 DEBUG   HandlerThread:4340 [handler.py:handle_request():146] handle_request: internal_messages
2024-04-11 10:43:42,702 ERROR   gpu       :4340 [interfaces.py:monitor():144] Failed to sample metric: Not Supported
2024-04-11 10:43:42,702 ERROR   gpu       :4340 [interfaces.py:monitor():144] Failed to sample metric: Not Supported
2024-04-11 10:43:43,404 DEBUG   HandlerThread:4340 [handler.py:handle_request():146] handle_request: status_report
2024-04-11 10:43:44,019 INFO    Thread-16 :4340 [dir_watcher.py:_on_file_modified():288] file/dir modified: E:\JD_PROJECT\project\ClassyVision\wandb\run-20240411_104035-pzomywpp\files\output.log
2024-04-11 10:43:44,717 ERROR   gpu       :4340 [interfaces.py:monitor():144] Failed to sample metric: Not Supported
2024-04-11 10:43:44,717 ERROR   gpu       :4340 [interfaces.py:monitor():144] Failed to sample metric: Not Supported
2024-04-11 10:43:45,490 ERROR   wandb-upload_3:4340 [internal_api.py:upload_file():2767] upload_file exception https://storage.googleapis.com/wandb-production.appspot.com/beallhuang/YOLOv5/pzomywpp/media/images/Mosaics_0_48278ab5587e817d7f89.jpg?Expires=1712889691&GoogleAccessId=gorilla-files-url-signer-man%40wandb-production.iam.gserviceaccount.com&Signature=V76Adwio%2BaoNGAZiSlc3LXr9hjzmXhyGhNXq6CNnTEvv8%2BmfMlsnU7wUnE%2FCpARicEr%2F%2BH2HfcJzuG6HejtAV5VlqJIOp7ErkEAn6MKZ0gZhB6OR13c8dMcNf9Ko3X26CKhbcHPlIajAzfnBhgm3ZPADB3u2LdjGxOyQKu1smpTgx%2BAL0aa5EcgGhtxA9DvwbjqrsA1puBdJ%2FR0emQYr%2Frev6ZN4pnDk6uViGf%2BD1oChEKjsAegykovuzfrSXpOq6KhR%2FfqlEGC%2FESK%2FzakJN0N6ZaMDcTnH0TfphiZIVsrF3WBNEgjIvl2ndpggvwYjGxF6Ie6OKVbfUhTJS4KLmw%3D%3D: ('Connection aborted.', ConnectionResetError(10054, '远程主机强迫关闭了一个现有的连接。', None, 10054, None))
2024-04-11 10:43:45,490 ERROR   wandb-upload_3:4340 [internal_api.py:upload_file():2769] upload_file request headers: {'User-Agent': 'python-requests/2.31.0', 'Accept-Encoding': 'gzip, deflate', 'Accept': '*/*', 'Connection': 'keep-alive', 'Content-Length': '259387'}
2024-04-11 10:43:45,491 ERROR   wandb-upload_3:4340 [internal_api.py:upload_file():2771] upload_file response body: 
2024-04-11 10:43:46,042 INFO    Thread-16 :4340 [dir_watcher.py:_on_file_modified():288] file/dir modified: E:\JD_PROJECT\project\ClassyVision\wandb\run-20240411_104035-pzomywpp\files\output.log
2024-04-11 10:43:46,732 ERROR   gpu       :4340 [interfaces.py:monitor():144] Failed to sample metric: Not Supported
2024-04-11 10:43:46,732 ERROR   gpu       :4340 [interfaces.py:monitor():144] Failed to sample metric: Not Supported
2024-04-11 10:43:48,055 INFO    Thread-16 :4340 [dir_watcher.py:_on_file_modified():288] file/dir modified: E:\JD_PROJECT\project\ClassyVision\wandb\run-20240411_104035-pzomywpp\files\output.log
2024-04-11 10:43:48,616 DEBUG   HandlerThread:4340 [handler.py:handle_request():146] handle_request: status_report
2024-04-11 10:43:48,742 ERROR   gpu       :4340 [interfaces.py:monitor():144] Failed to sample metric: Not Supported
2024-04-11 10:43:48,742 ERROR   gpu       :4340 [interfaces.py:monitor():144] Failed to sample metric: Not Supported
2024-04-11 10:43:50,075 INFO    Thread-16 :4340 [dir_watcher.py:_on_file_modified():288] file/dir modified: E:\JD_PROJECT\project\ClassyVision\wandb\run-20240411_104035-pzomywpp\files\output.log
2024-04-11 10:43:50,756 ERROR   gpu       :4340 [interfaces.py:monitor():144] Failed to sample metric: Not Supported
2024-04-11 10:43:50,757 ERROR   gpu       :4340 [interfaces.py:monitor():144] Failed to sample metric: Not Supported
2024-04-11 10:43:50,802 ERROR   wandb-upload_4:4340 [internal_api.py:upload_file():2767] upload_file exception https://storage.googleapis.com/wandb-production.appspot.com/beallhuang/YOLOv5/pzomywpp/media/images/Mosaics_0_a46177c02731e285c55f.jpg?Expires=1712889691&GoogleAccessId=gorilla-files-url-signer-man%40wandb-production.iam.gserviceaccount.com&Signature=XlBYJS2MGrPas5D37S70ZPZl3mIGXimk0Ii5mB5LYx1ipIjlBUdxLrtGXgCOp0wyQeRigO0v8F6SZADpYHfZT%2ByE9aGlgYM6EdJGc8KAXk9ttRUEcuOVZpIzAkcP9scCutcD%2Bz%2FyQ4A%2B7QZPrv%2FbYAeIQ%2BkRPdwIo2M0sWdLqyUHmWaPpHYihZZk12kZGZZHx0OfKUMgrxzXX0KDRdR1a3Z4NSFBmuhmu6YOhqA20nNfP2vVSOFg9BKQPytWM41xgeb0E4tK2grCmjPy5AVBT5yFsHErNaP1ObpFD4ia4LT1kzqq8qHqtzQgNWBr%2BXuWsZYTFqxh1uT8AaHfUlhvUw%3D%3D: ('Connection aborted.', ConnectionResetError(10054, '远程主机强迫关闭了一个现有的连接。', None, 10054, None))
2024-04-11 10:43:50,802 ERROR   wandb-upload_4:4340 [internal_api.py:upload_file():2769] upload_file request headers: {'User-Agent': 'python-requests/2.31.0', 'Accept-Encoding': 'gzip, deflate', 'Accept': '*/*', 'Connection': 'keep-alive', 'Content-Length': '252096'}
2024-04-11 10:43:50,802 ERROR   wandb-upload_4:4340 [internal_api.py:upload_file():2771] upload_file response body: 
2024-04-11 10:43:52,077 INFO    Thread-16 :4340 [dir_watcher.py:_on_file_modified():288] file/dir modified: E:\JD_PROJECT\project\ClassyVision\wandb\run-20240411_104035-pzomywpp\files\output.log
2024-04-11 10:43:52,772 ERROR   gpu       :4340 [interfaces.py:monitor():144] Failed to sample metric: Not Supported
2024-04-11 10:43:52,773 ERROR   gpu       :4340 [interfaces.py:monitor():144] Failed to sample metric: Not Supported
2024-04-11 10:43:53,589 ERROR   wandb-upload_5:4340 [internal_api.py:upload_file():2767] upload_file exception https://storage.googleapis.com/wandb-production.appspot.com/beallhuang/YOLOv5/pzomywpp/media/images/Mosaics_0_7048b5fcc2452409d640.jpg?Expires=1712889691&GoogleAccessId=gorilla-files-url-signer-man%40wandb-production.iam.gserviceaccount.com&Signature=WuO6vcWDZ8Cpu1TzgyAi3S1xo2Ixfs4N6C65YdWsmFsjRqsEvMrXihC3GaCTWd2W9vde5RvTUgAve4LjOtHIVyy2zmtLWBoCdfPdA75ueDPtIXLDAFcaZU1s%2Fo3%2BOEO2uBazjkulrKZcO9nkQ0%2BjWKw7n03EpOGbKq%2BijbX540ANap7Oi9UbGL6j0ShBr0LrrE8CVBCaVq3jVxLfd1o4The33yCgL6T8pc61JvTgbEUtsof3RGitGJBarDCZUJgSlOS5lE%2Bg2Dr3bhpCCTnBFvMZZ%2FQMUUMnOHb%2FiS%2FE6kMdCYbHwpmFa0W12gIRVybO%2BkVydp4gItgwA7NoNCWVVg%3D%3D: ('Connection aborted.', ConnectionResetError(10054, '远程主机强迫关闭了一个现有的连接。', None, 10054, None))
2024-04-11 10:43:53,589 ERROR   wandb-upload_5:4340 [internal_api.py:upload_file():2769] upload_file request headers: {'User-Agent': 'python-requests/2.31.0', 'Accept-Encoding': 'gzip, deflate', 'Accept': '*/*', 'Connection': 'keep-alive', 'Content-Length': '208107'}
2024-04-11 10:43:53,589 ERROR   wandb-upload_5:4340 [internal_api.py:upload_file():2771] upload_file response body: 
2024-04-11 10:43:53,824 DEBUG   HandlerThread:4340 [handler.py:handle_request():146] handle_request: status_report
2024-04-11 10:43:54,093 INFO    Thread-16 :4340 [dir_watcher.py:_on_file_modified():288] file/dir modified: E:\JD_PROJECT\project\ClassyVision\wandb\run-20240411_104035-pzomywpp\files\output.log
2024-04-11 10:43:54,787 ERROR   gpu       :4340 [interfaces.py:monitor():144] Failed to sample metric: Not Supported
2024-04-11 10:43:54,788 ERROR   gpu       :4340 [interfaces.py:monitor():144] Failed to sample metric: Not Supported
2024-04-11 10:43:56,123 INFO    Thread-16 :4340 [dir_watcher.py:_on_file_modified():288] file/dir modified: E:\JD_PROJECT\project\ClassyVision\wandb\run-20240411_104035-pzomywpp\files\output.log
2024-04-11 10:43:56,800 ERROR   gpu       :4340 [interfaces.py:monitor():144] Failed to sample metric: Not Supported
2024-04-11 10:43:56,801 ERROR   gpu       :4340 [interfaces.py:monitor():144] Failed to sample metric: Not Supported
2024-04-11 10:43:57,639 DEBUG   HandlerThread:4340 [handler.py:handle_request():146] handle_request: stop_status
2024-04-11 10:43:57,639 DEBUG   SenderThread:4340 [sender.py:send_request():406] send_request: stop_status
2024-04-11 10:43:57,670 DEBUG   HandlerThread:4340 [handler.py:handle_request():146] handle_request: internal_messages
2024-04-11 10:43:58,137 INFO    Thread-16 :4340 [dir_watcher.py:_on_file_modified():288] file/dir modified: E:\JD_PROJECT\project\ClassyVision\wandb\run-20240411_104035-pzomywpp\files\output.log
2024-04-11 10:43:58,820 ERROR   gpu       :4340 [interfaces.py:monitor():144] Failed to sample metric: Not Supported
2024-04-11 10:43:58,820 ERROR   gpu       :4340 [interfaces.py:monitor():144] Failed to sample metric: Not Supported
2024-04-11 10:43:59,419 DEBUG   HandlerThread:4340 [handler.py:handle_request():146] handle_request: status_report
2024-04-11 10:44:00,146 INFO    Thread-16 :4340 [dir_watcher.py:_on_file_modified():288] file/dir modified: E:\JD_PROJECT\project\ClassyVision\wandb\run-20240411_104035-pzomywpp\files\output.log
2024-04-11 10:44:00,834 ERROR   gpu       :4340 [interfaces.py:monitor():144] Failed to sample metric: Not Supported
2024-04-11 10:44:00,834 ERROR   gpu       :4340 [interfaces.py:monitor():144] Failed to sample metric: Not Supported
2024-04-11 10:44:02,171 INFO    Thread-16 :4340 [dir_watcher.py:_on_file_modified():288] file/dir modified: E:\JD_PROJECT\project\ClassyVision\wandb\run-20240411_104035-pzomywpp\files\output.log
2024-04-11 10:44:02,850 ERROR   gpu       :4340 [interfaces.py:monitor():144] Failed to sample metric: Not Supported
2024-04-11 10:44:02,851 ERROR   gpu       :4340 [interfaces.py:monitor():144] Failed to sample metric: Not Supported
2024-04-11 10:44:04,190 INFO    Thread-16 :4340 [dir_watcher.py:_on_file_modified():288] file/dir modified: E:\JD_PROJECT\project\ClassyVision\wandb\run-20240411_104035-pzomywpp\files\output.log
2024-04-11 10:44:04,634 DEBUG   HandlerThread:4340 [handler.py:handle_request():146] handle_request: status_report
2024-04-11 10:44:04,864 ERROR   gpu       :4340 [interfaces.py:monitor():144] Failed to sample metric: Not Supported
2024-04-11 10:44:04,864 ERROR   gpu       :4340 [interfaces.py:monitor():144] Failed to sample metric: Not Supported
2024-04-11 10:44:06,206 INFO    Thread-16 :4340 [dir_watcher.py:_on_file_modified():288] file/dir modified: E:\JD_PROJECT\project\ClassyVision\wandb\run-20240411_104035-pzomywpp\files\output.log
2024-04-11 10:44:06,876 ERROR   gpu       :4340 [interfaces.py:monitor():144] Failed to sample metric: Not Supported
2024-04-11 10:44:06,876 ERROR   gpu       :4340 [interfaces.py:monitor():144] Failed to sample metric: Not Supported
2024-04-11 10:44:07,199 DEBUG   SenderThread:4340 [sender.py:send():379] send: stats
2024-04-11 10:44:08,218 INFO    Thread-16 :4340 [dir_watcher.py:_on_file_modified():288] file/dir modified: E:\JD_PROJECT\project\ClassyVision\wandb\run-20240411_104035-pzomywpp\files\output.log
2024-04-11 10:44:08,909 ERROR   gpu       :4340 [interfaces.py:aggregate():161] Failed to serialize metric: division by zero
2024-04-11 10:44:08,910 ERROR   gpu       :4340 [interfaces.py:monitor():144] Failed to sample metric: Not Supported
2024-04-11 10:44:08,910 ERROR   gpu       :4340 [interfaces.py:monitor():144] Failed to sample metric: Not Supported
2024-04-11 10:44:10,231 INFO    Thread-16 :4340 [dir_watcher.py:_on_file_modified():288] file/dir modified: E:\JD_PROJECT\project\ClassyVision\wandb\run-20240411_104035-pzomywpp\files\output.log
2024-04-11 10:44:10,310 DEBUG   HandlerThread:4340 [handler.py:handle_request():146] handle_request: status_report
2024-04-11 10:44:10,924 ERROR   gpu       :4340 [interfaces.py:monitor():144] Failed to sample metric: Not Supported
2024-04-11 10:44:10,924 ERROR   gpu       :4340 [interfaces.py:monitor():144] Failed to sample metric: Not Supported
2024-04-11 10:44:12,248 INFO    Thread-16 :4340 [dir_watcher.py:_on_file_modified():288] file/dir modified: E:\JD_PROJECT\project\ClassyVision\wandb\run-20240411_104035-pzomywpp\files\output.log
2024-04-11 10:44:12,647 DEBUG   HandlerThread:4340 [handler.py:handle_request():146] handle_request: stop_status
2024-04-11 10:44:12,647 DEBUG   SenderThread:4340 [sender.py:send_request():406] send_request: stop_status
2024-04-11 10:44:12,679 DEBUG   HandlerThread:4340 [handler.py:handle_request():146] handle_request: internal_messages
2024-04-11 10:44:12,929 ERROR   gpu       :4340 [interfaces.py:monitor():144] Failed to sample metric: Not Supported
2024-04-11 10:44:12,929 ERROR   gpu       :4340 [interfaces.py:monitor():144] Failed to sample metric: Not Supported
2024-04-11 10:44:14,263 INFO    Thread-16 :4340 [dir_watcher.py:_on_file_modified():288] file/dir modified: E:\JD_PROJECT\project\ClassyVision\wandb\run-20240411_104035-pzomywpp\files\output.log
2024-04-11 10:44:14,943 ERROR   gpu       :4340 [interfaces.py:monitor():144] Failed to sample metric: Not Supported
2024-04-11 10:44:14,943 ERROR   gpu       :4340 [interfaces.py:monitor():144] Failed to sample metric: Not Supported
2024-04-11 10:44:15,758 DEBUG   HandlerThread:4340 [handler.py:handle_request():146] handle_request: status_report
2024-04-11 10:44:15,778 DEBUG   HandlerThread:4340 [handler.py:handle_request():146] handle_request: partial_history
2024-04-11 10:44:15,778 DEBUG   HandlerThread:4340 [handler.py:handle_request():146] handle_request: partial_history
2024-04-11 10:44:15,779 DEBUG   HandlerThread:4340 [handler.py:handle_request():146] handle_request: partial_history
2024-04-11 10:44:15,779 DEBUG   HandlerThread:4340 [handler.py:handle_request():146] handle_request: partial_history
2024-04-11 10:44:15,779 DEBUG   HandlerThread:4340 [handler.py:handle_request():146] handle_request: partial_history
2024-04-11 10:44:15,780 DEBUG   HandlerThread:4340 [handler.py:handle_request():146] handle_request: partial_history
2024-04-11 10:44:15,780 DEBUG   HandlerThread:4340 [handler.py:handle_request():146] handle_request: partial_history
2024-04-11 10:44:15,780 DEBUG   HandlerThread:4340 [handler.py:handle_request():146] handle_request: partial_history
2024-04-11 10:44:15,780 DEBUG   HandlerThread:4340 [handler.py:handle_request():146] handle_request: partial_history
2024-04-11 10:44:15,781 DEBUG   HandlerThread:4340 [handler.py:handle_request():146] handle_request: partial_history
2024-04-11 10:44:15,781 DEBUG   HandlerThread:4340 [handler.py:handle_request():146] handle_request: partial_history
2024-04-11 10:44:15,781 DEBUG   HandlerThread:4340 [handler.py:handle_request():146] handle_request: partial_history
2024-04-11 10:44:15,781 DEBUG   HandlerThread:4340 [handler.py:handle_request():146] handle_request: partial_history
2024-04-11 10:44:15,782 DEBUG   SenderThread:4340 [sender.py:send():379] send: history
2024-04-11 10:44:15,782 DEBUG   SenderThread:4340 [sender.py:send_request():406] send_request: summary_record
2024-04-11 10:44:15,783 INFO    SenderThread:4340 [sender.py:_save_file():1390] saving file wandb-summary.json with policy end
2024-04-11 10:44:16,292 INFO    Thread-16 :4340 [dir_watcher.py:_on_file_modified():288] file/dir modified: E:\JD_PROJECT\project\ClassyVision\wandb\run-20240411_104035-pzomywpp\files\output.log
2024-04-11 10:44:16,292 INFO    Thread-16 :4340 [dir_watcher.py:_on_file_modified():288] file/dir modified: E:\JD_PROJECT\project\ClassyVision\wandb\run-20240411_104035-pzomywpp\files\wandb-summary.json
2024-04-11 10:44:16,963 ERROR   gpu       :4340 [interfaces.py:monitor():144] Failed to sample metric: Not Supported
2024-04-11 10:44:16,963 ERROR   gpu       :4340 [interfaces.py:monitor():144] Failed to sample metric: Not Supported
2024-04-11 10:44:18,310 INFO    Thread-16 :4340 [dir_watcher.py:_on_file_modified():288] file/dir modified: E:\JD_PROJECT\project\ClassyVision\wandb\run-20240411_104035-pzomywpp\files\output.log
2024-04-11 10:44:18,983 ERROR   gpu       :4340 [interfaces.py:monitor():144] Failed to sample metric: Not Supported
2024-04-11 10:44:18,984 ERROR   gpu       :4340 [interfaces.py:monitor():144] Failed to sample metric: Not Supported
2024-04-11 10:44:19,981 DEBUG   SenderThread:4340 [sender.py:send():379] send: exit
2024-04-11 10:44:19,981 INFO    SenderThread:4340 [sender.py:send_exit():586] handling exit code: 255
2024-04-11 10:44:19,981 INFO    SenderThread:4340 [sender.py:send_exit():588] handling runtime: 222
2024-04-11 10:44:19,982 INFO    SenderThread:4340 [sender.py:_save_file():1390] saving file wandb-summary.json with policy end
2024-04-11 10:44:19,982 INFO    SenderThread:4340 [sender.py:send_exit():594] send defer
2024-04-11 10:44:19,982 DEBUG   HandlerThread:4340 [handler.py:handle_request():146] handle_request: defer
2024-04-11 10:44:19,982 INFO    HandlerThread:4340 [handler.py:handle_request_defer():172] handle defer: 0
2024-04-11 10:44:19,982 DEBUG   SenderThread:4340 [sender.py:send_request():406] send_request: defer
2024-04-11 10:44:19,982 INFO    SenderThread:4340 [sender.py:send_request_defer():610] handle sender defer: 0
2024-04-11 10:44:19,982 INFO    SenderThread:4340 [sender.py:transition_state():614] send defer: 1
2024-04-11 10:44:19,982 DEBUG   HandlerThread:4340 [handler.py:handle_request():146] handle_request: defer
2024-04-11 10:44:19,982 INFO    HandlerThread:4340 [handler.py:handle_request_defer():172] handle defer: 1
2024-04-11 10:44:19,983 DEBUG   SenderThread:4340 [sender.py:send_request():406] send_request: defer
2024-04-11 10:44:19,983 INFO    SenderThread:4340 [sender.py:send_request_defer():610] handle sender defer: 1
2024-04-11 10:44:19,983 INFO    SenderThread:4340 [sender.py:transition_state():614] send defer: 2
2024-04-11 10:44:19,983 DEBUG   HandlerThread:4340 [handler.py:handle_request():146] handle_request: defer
2024-04-11 10:44:19,983 INFO    HandlerThread:4340 [handler.py:handle_request_defer():172] handle defer: 2
2024-04-11 10:44:19,983 INFO    HandlerThread:4340 [system_monitor.py:finish():203] Stopping system monitor
2024-04-11 10:44:19,983 DEBUG   SystemMonitor:4340 [system_monitor.py:_start():179] Finished system metrics aggregation loop
2024-04-11 10:44:19,983 DEBUG   SystemMonitor:4340 [system_monitor.py:_start():183] Publishing last batch of metrics
2024-04-11 10:44:19,984 INFO    HandlerThread:4340 [interfaces.py:finish():202] Joined cpu monitor
2024-04-11 10:44:19,984 INFO    HandlerThread:4340 [interfaces.py:finish():202] Joined disk monitor
2024-04-11 10:44:20,004 ERROR   gpu       :4340 [interfaces.py:aggregate():161] Failed to serialize metric: division by zero
2024-04-11 10:44:20,004 INFO    HandlerThread:4340 [interfaces.py:finish():202] Joined gpu monitor
2024-04-11 10:44:20,004 INFO    HandlerThread:4340 [interfaces.py:finish():202] Joined memory monitor
2024-04-11 10:44:20,004 INFO    HandlerThread:4340 [interfaces.py:finish():202] Joined network monitor
2024-04-11 10:44:20,005 DEBUG   SenderThread:4340 [sender.py:send_request():406] send_request: defer
2024-04-11 10:44:20,005 INFO    SenderThread:4340 [sender.py:send_request_defer():610] handle sender defer: 2
2024-04-11 10:44:20,005 INFO    SenderThread:4340 [sender.py:transition_state():614] send defer: 3
2024-04-11 10:44:20,005 DEBUG   HandlerThread:4340 [handler.py:handle_request():146] handle_request: defer
2024-04-11 10:44:20,005 INFO    HandlerThread:4340 [handler.py:handle_request_defer():172] handle defer: 3
2024-04-11 10:44:20,092 DEBUG   SenderThread:4340 [sender.py:send():379] send: stats
2024-04-11 10:44:20,093 DEBUG   SenderThread:4340 [sender.py:send_request():406] send_request: defer
2024-04-11 10:44:20,093 INFO    SenderThread:4340 [sender.py:send_request_defer():610] handle sender defer: 3
2024-04-11 10:44:20,094 INFO    SenderThread:4340 [sender.py:transition_state():614] send defer: 4
2024-04-11 10:44:20,095 DEBUG   HandlerThread:4340 [handler.py:handle_request():146] handle_request: defer
2024-04-11 10:44:20,095 INFO    HandlerThread:4340 [handler.py:handle_request_defer():172] handle defer: 4
2024-04-11 10:44:20,096 DEBUG   SenderThread:4340 [sender.py:send_request():406] send_request: defer
2024-04-11 10:44:20,096 INFO    SenderThread:4340 [sender.py:send_request_defer():610] handle sender defer: 4
2024-04-11 10:44:20,096 INFO    SenderThread:4340 [sender.py:transition_state():614] send defer: 5
2024-04-11 10:44:20,097 DEBUG   HandlerThread:4340 [handler.py:handle_request():146] handle_request: defer
2024-04-11 10:44:20,097 INFO    HandlerThread:4340 [handler.py:handle_request_defer():172] handle defer: 5
2024-04-11 10:44:20,098 DEBUG   SenderThread:4340 [sender.py:send():379] send: summary
2024-04-11 10:44:20,100 INFO    SenderThread:4340 [sender.py:_save_file():1390] saving file wandb-summary.json with policy end
2024-04-11 10:44:20,101 DEBUG   SenderThread:4340 [sender.py:send_request():406] send_request: defer
2024-04-11 10:44:20,101 INFO    SenderThread:4340 [sender.py:send_request_defer():610] handle sender defer: 5
2024-04-11 10:44:20,102 INFO    SenderThread:4340 [sender.py:transition_state():614] send defer: 6
2024-04-11 10:44:20,102 DEBUG   HandlerThread:4340 [handler.py:handle_request():146] handle_request: defer
2024-04-11 10:44:20,102 INFO    HandlerThread:4340 [handler.py:handle_request_defer():172] handle defer: 6
2024-04-11 10:44:20,103 DEBUG   SenderThread:4340 [sender.py:send_request():406] send_request: defer
2024-04-11 10:44:20,103 INFO    SenderThread:4340 [sender.py:send_request_defer():610] handle sender defer: 6
2024-04-11 10:44:20,104 INFO    SenderThread:4340 [sender.py:transition_state():614] send defer: 7
2024-04-11 10:44:20,104 DEBUG   HandlerThread:4340 [handler.py:handle_request():146] handle_request: status_report
2024-04-11 10:44:20,104 DEBUG   HandlerThread:4340 [handler.py:handle_request():146] handle_request: defer
2024-04-11 10:44:20,105 INFO    HandlerThread:4340 [handler.py:handle_request_defer():172] handle defer: 7
2024-04-11 10:44:20,106 DEBUG   SenderThread:4340 [sender.py:send_request():406] send_request: defer
2024-04-11 10:44:20,106 INFO    SenderThread:4340 [sender.py:send_request_defer():610] handle sender defer: 7
2024-04-11 10:44:20,328 INFO    Thread-16 :4340 [dir_watcher.py:_on_file_modified():288] file/dir modified: E:\JD_PROJECT\project\ClassyVision\wandb\run-20240411_104035-pzomywpp\files\output.log
2024-04-11 10:44:20,328 INFO    Thread-16 :4340 [dir_watcher.py:_on_file_modified():288] file/dir modified: E:\JD_PROJECT\project\ClassyVision\wandb\run-20240411_104035-pzomywpp\files\wandb-summary.json
